{"C:\\Users\\dinhn\\Workspace\\Arbeit\\IG\\dis\\src\\App.vue": {"path":"C:\\Users\\dinhn\\Workspace\\Arbeit\\IG\\dis\\src\\App.vue","statementMap":{"0":{"start":{"line":185,"column":0},"end":{"line":185,"column":null}},"1":{"start":{"line":186,"column":0},"end":{"line":186,"column":null}},"2":{"start":{"line":187,"column":0},"end":{"line":187,"column":null}},"3":{"start":{"line":188,"column":0},"end":{"line":188,"column":null}},"4":{"start":{"line":189,"column":0},"end":{"line":189,"column":null}},"5":{"start":{"line":190,"column":0},"end":{"line":190,"column":null}},"6":{"start":{"line":193,"column":0},"end":{"line":193,"column":null}},"7":{"start":{"line":198,"column":0},"end":{"line":198,"column":null}},"8":{"start":{"line":205,"column":0},"end":{"line":205,"column":null}},"9":{"start":{"line":206,"column":0},"end":{"line":206,"column":null}},"10":{"start":{"line":207,"column":0},"end":{"line":227,"column":null}},"11":{"start":{"line":208,"column":0},"end":{"line":222,"column":null}},"12":{"start":{"line":210,"column":0},"end":{"line":210,"column":null}},"13":{"start":{"line":211,"column":0},"end":{"line":211,"column":null}},"14":{"start":{"line":214,"column":0},"end":{"line":214,"column":null}},"15":{"start":{"line":217,"column":0},"end":{"line":217,"column":null}},"16":{"start":{"line":218,"column":0},"end":{"line":221,"column":null}},"17":{"start":{"line":220,"column":0},"end":{"line":220,"column":null}},"18":{"start":{"line":223,"column":0},"end":{"line":223,"column":null}},"19":{"start":{"line":226,"column":0},"end":{"line":226,"column":null}},"20":{"start":{"line":235,"column":0},"end":{"line":235,"column":null}},"21":{"start":{"line":236,"column":0},"end":{"line":236,"column":null}},"22":{"start":{"line":239,"column":0},"end":{"line":239,"column":null}},"23":{"start":{"line":240,"column":0},"end":{"line":240,"column":null}},"24":{"start":{"line":243,"column":0},"end":{"line":250,"column":null}},"25":{"start":{"line":244,"column":0},"end":{"line":244,"column":null}},"26":{"start":{"line":246,"column":0},"end":{"line":246,"column":null}},"27":{"start":{"line":248,"column":0},"end":{"line":248,"column":null}},"28":{"start":{"line":249,"column":0},"end":{"line":249,"column":null}},"29":{"start":{"line":253,"column":0},"end":{"line":253,"column":null}},"30":{"start":{"line":254,"column":0},"end":{"line":258,"column":null}},"31":{"start":{"line":255,"column":0},"end":{"line":255,"column":null}},"32":{"start":{"line":257,"column":0},"end":{"line":257,"column":null}},"33":{"start":{"line":259,"column":0},"end":{"line":259,"column":null}},"34":{"start":{"line":262,"column":0},"end":{"line":262,"column":null}},"35":{"start":{"line":263,"column":0},"end":{"line":263,"column":null}},"36":{"start":{"line":284,"column":0},"end":{"line":284,"column":null}},"37":{"start":{"line":287,"column":0},"end":{"line":287,"column":null}},"38":{"start":{"line":288,"column":0},"end":{"line":288,"column":null}},"39":{"start":{"line":292,"column":0},"end":{"line":292,"column":null}},"40":{"start":{"line":297,"column":0},"end":{"line":297,"column":null}}},"fnMap":{"0":{"name":"(anonymous_1)","decl":{"start":{"line":198,"column":0},"end":{"line":198,"column":null}},"loc":{"start":{"line":198,"column":0},"end":{"line":198,"column":null}}},"1":{"name":"(anonymous_2)","decl":{"start":{"line":204,"column":0},"end":{"line":204,"column":null}},"loc":{"start":{"line":204,"column":0},"end":{"line":228,"column":null}}},"2":{"name":"(anonymous_3)","decl":{"start":{"line":208,"column":0},"end":{"line":208,"column":null}},"loc":{"start":{"line":208,"column":0},"end":{"line":212,"column":null}}},"3":{"name":"(anonymous_4)","decl":{"start":{"line":212,"column":0},"end":{"line":212,"column":null}},"loc":{"start":{"line":212,"column":0},"end":{"line":222,"column":null}}},"4":{"name":"(anonymous_5)","decl":{"start":{"line":234,"column":0},"end":{"line":234,"column":null}},"loc":{"start":{"line":234,"column":0},"end":{"line":237,"column":null}}},"5":{"name":"(anonymous_6)","decl":{"start":{"line":238,"column":0},"end":{"line":238,"column":null}},"loc":{"start":{"line":238,"column":0},"end":{"line":241,"column":null}}},"6":{"name":"(anonymous_7)","decl":{"start":{"line":242,"column":0},"end":{"line":242,"column":null}},"loc":{"start":{"line":242,"column":0},"end":{"line":251,"column":null}}},"7":{"name":"(anonymous_8)","decl":{"start":{"line":252,"column":0},"end":{"line":252,"column":null}},"loc":{"start":{"line":252,"column":0},"end":{"line":260,"column":null}}},"8":{"name":"(anonymous_9)","decl":{"start":{"line":253,"column":0},"end":{"line":253,"column":null}},"loc":{"start":{"line":253,"column":0},"end":{"line":253,"column":null}}},"9":{"name":"(anonymous_10)","decl":{"start":{"line":255,"column":0},"end":{"line":255,"column":null}},"loc":{"start":{"line":255,"column":0},"end":{"line":255,"column":null}}},"10":{"name":"(anonymous_11)","decl":{"start":{"line":261,"column":0},"end":{"line":261,"column":null}},"loc":{"start":{"line":261,"column":0},"end":{"line":267,"column":null}}},"11":{"name":"(anonymous_12)","decl":{"start":{"line":283,"column":0},"end":{"line":283,"column":null}},"loc":{"start":{"line":283,"column":0},"end":{"line":285,"column":null}}},"12":{"name":"(anonymous_13)","decl":{"start":{"line":286,"column":0},"end":{"line":286,"column":null}},"loc":{"start":{"line":286,"column":0},"end":{"line":289,"column":null}}},"13":{"name":"(anonymous_14)","decl":{"start":{"line":291,"column":0},"end":{"line":291,"column":null}},"loc":{"start":{"line":291,"column":0},"end":{"line":293,"column":null}}},"14":{"name":"(anonymous_15)","decl":{"start":{"line":296,"column":0},"end":{"line":296,"column":null}},"loc":{"start":{"line":296,"column":0},"end":{"line":298,"column":null}}}},"branchMap":{"0":{"loc":{"start":{"line":211,"column":0},"end":{"line":211,"column":null}},"type":"binary-expr","locations":[{"start":{"line":211,"column":0},"end":{"line":211,"column":null}},{"start":{"line":211,"column":0},"end":{"line":211,"column":null}}]},"1":{"loc":{"start":{"line":218,"column":0},"end":{"line":221,"column":null}},"type":"if","locations":[{"start":{"line":218,"column":0},"end":{"line":221,"column":null}},{"start":{"line":218,"column":0},"end":{"line":221,"column":null}}]},"2":{"loc":{"start":{"line":236,"column":0},"end":{"line":236,"column":null}},"type":"cond-expr","locations":[{"start":{"line":236,"column":0},"end":{"line":236,"column":null}},{"start":{"line":236,"column":0},"end":{"line":236,"column":null}}]},"3":{"loc":{"start":{"line":253,"column":0},"end":{"line":253,"column":null}},"type":"binary-expr","locations":[{"start":{"line":253,"column":0},"end":{"line":253,"column":null}},{"start":{"line":253,"column":0},"end":{"line":253,"column":null}}]},"4":{"loc":{"start":{"line":254,"column":0},"end":{"line":258,"column":null}},"type":"if","locations":[{"start":{"line":254,"column":0},"end":{"line":258,"column":null}},{"start":{"line":254,"column":0},"end":{"line":258,"column":null}}]},"5":{"loc":{"start":{"line":297,"column":0},"end":{"line":297,"column":null}},"type":"binary-expr","locations":[{"start":{"line":297,"column":0},"end":{"line":297,"column":null}},{"start":{"line":297,"column":0},"end":{"line":297,"column":null}}]}},"s":{"0":0,"1":0,"2":0,"3":0,"4":0,"5":0,"6":0,"7":0,"8":0,"9":0,"10":0,"11":0,"12":0,"13":0,"14":0,"15":0,"16":0,"17":0,"18":0,"19":0,"20":0,"21":0,"22":0,"23":0,"24":0,"25":0,"26":0,"27":0,"28":0,"29":0,"30":0,"31":0,"32":0,"33":0,"34":0,"35":0,"36":0,"37":0,"38":0,"39":0,"40":0},"f":{"0":0,"1":0,"2":0,"3":0,"4":0,"5":0,"6":0,"7":0,"8":0,"9":0,"10":0,"11":0,"12":0,"13":0,"14":0},"b":{"0":[0,0],"1":[0,0],"2":[0,0],"3":[0,0],"4":[0,0],"5":[0,0]}}
,"C:\\Users\\dinhn\\Workspace\\Arbeit\\IG\\dis\\src\\bootstrap.js": {"path":"C:\\Users\\dinhn\\Workspace\\Arbeit\\IG\\dis\\src\\bootstrap.js","statementMap":{"0":{"start":{"line":14,"column":0},"end":{"line":14,"column":18}},"1":{"start":{"line":15,"column":0},"end":{"line":15,"column":23}},"2":{"start":{"line":16,"column":0},"end":{"line":16,"column":24}},"3":{"start":{"line":17,"column":0},"end":{"line":17,"column":27}},"4":{"start":{"line":18,"column":0},"end":{"line":18,"column":18}},"5":{"start":{"line":19,"column":0},"end":{"line":19,"column":26}},"6":{"start":{"line":21,"column":0},"end":{"line":72,"column":1}},"7":{"start":{"line":22,"column":14},"end":{"line":22,"column":22}},"8":{"start":{"line":25,"column":4},"end":{"line":25,"column":69}},"9":{"start":{"line":26,"column":18},"end":{"line":26,"column":20}},"10":{"start":{"line":27,"column":4},"end":{"line":27,"column":62}},"11":{"start":{"line":28,"column":4},"end":{"line":30,"column":5}},"12":{"start":{"line":29,"column":6},"end":{"line":29,"column":34}},"13":{"start":{"line":31,"column":4},"end":{"line":36,"column":5}},"14":{"start":{"line":32,"column":6},"end":{"line":32,"column":32}},"15":{"start":{"line":33,"column":6},"end":{"line":33,"column":46}},"16":{"start":{"line":34,"column":6},"end":{"line":34,"column":27}},"17":{"start":{"line":35,"column":6},"end":{"line":35,"column":30}},"18":{"start":{"line":37,"column":4},"end":{"line":39,"column":5}},"19":{"start":{"line":38,"column":6},"end":{"line":38,"column":72}},"20":{"start":{"line":40,"column":4},"end":{"line":42,"column":5}},"21":{"start":{"line":41,"column":6},"end":{"line":41,"column":54}},"22":{"start":{"line":43,"column":4},"end":{"line":45,"column":5}},"23":{"start":{"line":44,"column":6},"end":{"line":44,"column":43}},"24":{"start":{"line":46,"column":4},"end":{"line":59,"column":5}},"25":{"start":{"line":48,"column":6},"end":{"line":58,"column":7}},"26":{"start":{"line":49,"column":8},"end":{"line":51,"column":9}},"27":{"start":{"line":50,"column":10},"end":{"line":50,"column":68}},"28":{"start":{"line":52,"column":13},"end":{"line":58,"column":7}},"29":{"start":{"line":53,"column":8},"end":{"line":53,"column":45}},"30":{"start":{"line":54,"column":13},"end":{"line":58,"column":7}},"31":{"start":{"line":55,"column":8},"end":{"line":55,"column":37}},"32":{"start":{"line":57,"column":8},"end":{"line":57,"column":42}},"33":{"start":{"line":60,"column":4},"end":{"line":63,"column":5}},"34":{"start":{"line":62,"column":6},"end":{"line":62,"column":91}},"35":{"start":{"line":64,"column":4},"end":{"line":70,"column":5}},"36":{"start":{"line":65,"column":6},"end":{"line":65,"column":70}},"37":{"start":{"line":66,"column":6},"end":{"line":66,"column":47}},"38":{"start":{"line":68,"column":6},"end":{"line":68,"column":50}},"39":{"start":{"line":69,"column":6},"end":{"line":69,"column":53}},"40":{"start":{"line":75,"column":25},"end":{"line":75,"column":89}},"41":{"start":{"line":76,"column":0},"end":{"line":80,"column":2}},"42":{"start":{"line":77,"column":26},"end":{"line":77,"column":52}},"43":{"start":{"line":78,"column":24},"end":{"line":78,"column":88}},"44":{"start":{"line":79,"column":2},"end":{"line":79,"column":74}},"45":{"start":{"line":83,"column":22},"end":{"line":83,"column":92}},"46":{"start":{"line":84,"column":0},"end":{"line":88,"column":2}},"47":{"start":{"line":85,"column":22},"end":{"line":85,"column":45}},"48":{"start":{"line":86,"column":20},"end":{"line":86,"column":84}},"49":{"start":{"line":87,"column":2},"end":{"line":87,"column":62}}},"fnMap":{"0":{"name":"(anonymous_0)","decl":{"start":{"line":22,"column":2},"end":{"line":22,"column":3}},"loc":{"start":{"line":22,"column":14},"end":{"line":22,"column":22}},"line":22},"1":{"name":"(anonymous_1)","decl":{"start":{"line":23,"column":2},"end":{"line":23,"column":3}},"loc":{"start":{"line":23,"column":11},"end":{"line":71,"column":3}},"line":23},"2":{"name":"(anonymous_2)","decl":{"start":{"line":76,"column":32},"end":{"line":76,"column":33}},"loc":{"start":{"line":76,"column":44},"end":{"line":80,"column":1}},"line":76},"3":{"name":"(anonymous_3)","decl":{"start":{"line":84,"column":29},"end":{"line":84,"column":30}},"loc":{"start":{"line":84,"column":41},"end":{"line":88,"column":1}},"line":84}},"branchMap":{"0":{"loc":{"start":{"line":25,"column":31},"end":{"line":25,"column":69}},"type":"cond-expr","locations":[{"start":{"line":25,"column":48},"end":{"line":25,"column":62}},{"start":{"line":25,"column":65},"end":{"line":25,"column":69}}],"line":25},"1":{"loc":{"start":{"line":28,"column":4},"end":{"line":30,"column":5}},"type":"if","locations":[{"start":{"line":28,"column":4},"end":{"line":30,"column":5}},{"start":{"line":28,"column":4},"end":{"line":30,"column":5}}],"line":28},"2":{"loc":{"start":{"line":28,"column":8},"end":{"line":28,"column":55}},"type":"binary-expr","locations":[{"start":{"line":28,"column":8},"end":{"line":28,"column":22}},{"start":{"line":28,"column":26},"end":{"line":28,"column":55}}],"line":28},"3":{"loc":{"start":{"line":31,"column":4},"end":{"line":36,"column":5}},"type":"if","locations":[{"start":{"line":31,"column":4},"end":{"line":36,"column":5}},{"start":{"line":31,"column":4},"end":{"line":36,"column":5}}],"line":31},"4":{"loc":{"start":{"line":31,"column":8},"end":{"line":31,"column":55}},"type":"binary-expr","locations":[{"start":{"line":31,"column":8},"end":{"line":31,"column":22}},{"start":{"line":31,"column":26},"end":{"line":31,"column":55}}],"line":31},"5":{"loc":{"start":{"line":37,"column":4},"end":{"line":39,"column":5}},"type":"if","locations":[{"start":{"line":37,"column":4},"end":{"line":39,"column":5}},{"start":{"line":37,"column":4},"end":{"line":39,"column":5}}],"line":37},"6":{"loc":{"start":{"line":37,"column":8},"end":{"line":37,"column":55}},"type":"binary-expr","locations":[{"start":{"line":37,"column":8},"end":{"line":37,"column":22}},{"start":{"line":37,"column":26},"end":{"line":37,"column":55}}],"line":37},"7":{"loc":{"start":{"line":40,"column":4},"end":{"line":42,"column":5}},"type":"if","locations":[{"start":{"line":40,"column":4},"end":{"line":42,"column":5}},{"start":{"line":40,"column":4},"end":{"line":42,"column":5}}],"line":40},"8":{"loc":{"start":{"line":40,"column":8},"end":{"line":40,"column":55}},"type":"binary-expr","locations":[{"start":{"line":40,"column":8},"end":{"line":40,"column":22}},{"start":{"line":40,"column":26},"end":{"line":40,"column":55}}],"line":40},"9":{"loc":{"start":{"line":43,"column":4},"end":{"line":45,"column":5}},"type":"if","locations":[{"start":{"line":43,"column":4},"end":{"line":45,"column":5}},{"start":{"line":43,"column":4},"end":{"line":45,"column":5}}],"line":43},"10":{"loc":{"start":{"line":43,"column":8},"end":{"line":43,"column":55}},"type":"binary-expr","locations":[{"start":{"line":43,"column":8},"end":{"line":43,"column":22}},{"start":{"line":43,"column":26},"end":{"line":43,"column":55}}],"line":43},"11":{"loc":{"start":{"line":46,"column":4},"end":{"line":59,"column":5}},"type":"if","locations":[{"start":{"line":46,"column":4},"end":{"line":59,"column":5}},{"start":{"line":46,"column":4},"end":{"line":59,"column":5}}],"line":46},"12":{"loc":{"start":{"line":46,"column":8},"end":{"line":46,"column":55}},"type":"binary-expr","locations":[{"start":{"line":46,"column":8},"end":{"line":46,"column":22}},{"start":{"line":46,"column":26},"end":{"line":46,"column":55}}],"line":46},"13":{"loc":{"start":{"line":48,"column":6},"end":{"line":58,"column":7}},"type":"if","locations":[{"start":{"line":48,"column":6},"end":{"line":58,"column":7}},{"start":{"line":48,"column":6},"end":{"line":58,"column":7}}],"line":48},"14":{"loc":{"start":{"line":48,"column":10},"end":{"line":48,"column":86}},"type":"binary-expr","locations":[{"start":{"line":48,"column":10},"end":{"line":48,"column":49}},{"start":{"line":48,"column":53},"end":{"line":48,"column":86}}],"line":48},"15":{"loc":{"start":{"line":49,"column":8},"end":{"line":51,"column":9}},"type":"if","locations":[{"start":{"line":49,"column":8},"end":{"line":51,"column":9}},{"start":{"line":49,"column":8},"end":{"line":51,"column":9}}],"line":49},"16":{"loc":{"start":{"line":52,"column":13},"end":{"line":58,"column":7}},"type":"if","locations":[{"start":{"line":52,"column":13},"end":{"line":58,"column":7}},{"start":{"line":52,"column":13},"end":{"line":58,"column":7}}],"line":52},"17":{"loc":{"start":{"line":52,"column":17},"end":{"line":52,"column":87}},"type":"binary-expr","locations":[{"start":{"line":52,"column":17},"end":{"line":52,"column":56}},{"start":{"line":52,"column":60},"end":{"line":52,"column":87}}],"line":52},"18":{"loc":{"start":{"line":54,"column":13},"end":{"line":58,"column":7}},"type":"if","locations":[{"start":{"line":54,"column":13},"end":{"line":58,"column":7}},{"start":{"line":54,"column":13},"end":{"line":58,"column":7}}],"line":54},"19":{"loc":{"start":{"line":60,"column":4},"end":{"line":63,"column":5}},"type":"if","locations":[{"start":{"line":60,"column":4},"end":{"line":63,"column":5}},{"start":{"line":60,"column":4},"end":{"line":63,"column":5}}],"line":60},"20":{"loc":{"start":{"line":60,"column":8},"end":{"line":60,"column":53}},"type":"binary-expr","locations":[{"start":{"line":60,"column":8},"end":{"line":60,"column":22}},{"start":{"line":60,"column":26},"end":{"line":60,"column":53}}],"line":60},"21":{"loc":{"start":{"line":64,"column":4},"end":{"line":70,"column":5}},"type":"if","locations":[{"start":{"line":64,"column":4},"end":{"line":70,"column":5}},{"start":{"line":64,"column":4},"end":{"line":70,"column":5}}],"line":64},"22":{"loc":{"start":{"line":79,"column":31},"end":{"line":79,"column":73}},"type":"binary-expr","locations":[{"start":{"line":79,"column":31},"end":{"line":79,"column":54}},{"start":{"line":79,"column":58},"end":{"line":79,"column":73}}],"line":79},"23":{"loc":{"start":{"line":87,"column":27},"end":{"line":87,"column":61}},"type":"binary-expr","locations":[{"start":{"line":87,"column":27},"end":{"line":87,"column":46}},{"start":{"line":87,"column":50},"end":{"line":87,"column":61}}],"line":87}},"s":{"0":0,"1":0,"2":0,"3":0,"4":0,"5":0,"6":0,"7":0,"8":0,"9":0,"10":0,"11":0,"12":0,"13":0,"14":0,"15":0,"16":0,"17":0,"18":0,"19":0,"20":0,"21":0,"22":0,"23":0,"24":0,"25":0,"26":0,"27":0,"28":0,"29":0,"30":0,"31":0,"32":0,"33":0,"34":0,"35":0,"36":0,"37":0,"38":0,"39":0,"40":0,"41":0,"42":0,"43":0,"44":0,"45":0,"46":0,"47":0,"48":0,"49":0},"f":{"0":0,"1":0,"2":0,"3":0},"b":{"0":[0,0],"1":[0,0],"2":[0,0],"3":[0,0],"4":[0,0],"5":[0,0],"6":[0,0],"7":[0,0],"8":[0,0],"9":[0,0],"10":[0,0],"11":[0,0],"12":[0,0],"13":[0,0],"14":[0,0],"15":[0,0],"16":[0,0],"17":[0,0],"18":[0,0],"19":[0,0],"20":[0,0],"21":[0,0],"22":[0,0],"23":[0,0]},"hash":"07d16bcbff9513d41766e0d49c0c24e738b52a66"}
,"C:\\Users\\dinhn\\Workspace\\Arbeit\\IG\\dis\\src\\main.js": {"path":"C:\\Users\\dinhn\\Workspace\\Arbeit\\IG\\dis\\src\\main.js","statementMap":{"0":{"start":{"line":10,"column":0},"end":{"line":14,"column":1}},"1":{"start":{"line":11,"column":2},"end":{"line":11,"column":38}},"2":{"start":{"line":13,"column":2},"end":{"line":13,"column":102}},"3":{"start":{"line":16,"column":0},"end":{"line":16,"column":32}},"4":{"start":{"line":18,"column":0},"end":{"line":22,"column":17}},"5":{"start":{"line":21,"column":15},"end":{"line":21,"column":21}}},"fnMap":{"0":{"name":"(anonymous_0)","decl":{"start":{"line":21,"column":10},"end":{"line":21,"column":11}},"loc":{"start":{"line":21,"column":15},"end":{"line":21,"column":21}},"line":21}},"branchMap":{},"s":{"0":0,"1":0,"2":0,"3":0,"4":0,"5":0},"f":{"0":0},"b":{},"hash":"c96de4d2c00c0fa7fa2ff068e754ceae5ce502ea"}
,"C:\\Users\\dinhn\\Workspace\\Arbeit\\IG\\dis\\src\\registerServiceWorker.js": {"path":"C:\\Users\\dinhn\\Workspace\\Arbeit\\IG\\dis\\src\\registerServiceWorker.js","statementMap":{"0":{"start":{"line":5,"column":0},"end":{"line":27,"column":1}},"1":{"start":{"line":6,"column":2},"end":{"line":26,"column":4}},"2":{"start":{"line":8,"column":6},"end":{"line":11,"column":7}},"3":{"start":{"line":14,"column":6},"end":{"line":14,"column":61}},"4":{"start":{"line":17,"column":6},"end":{"line":17,"column":62}},"5":{"start":{"line":18,"column":6},"end":{"line":18,"column":56}},"6":{"start":{"line":21,"column":6},"end":{"line":21,"column":82}},"7":{"start":{"line":24,"column":6},"end":{"line":24,"column":71}}},"fnMap":{"0":{"name":"(anonymous_0)","decl":{"start":{"line":7,"column":4},"end":{"line":7,"column":5}},"loc":{"start":{"line":7,"column":13},"end":{"line":12,"column":5}},"line":7},"1":{"name":"(anonymous_1)","decl":{"start":{"line":13,"column":4},"end":{"line":13,"column":5}},"loc":{"start":{"line":13,"column":14},"end":{"line":15,"column":5}},"line":13},"2":{"name":"(anonymous_2)","decl":{"start":{"line":16,"column":4},"end":{"line":16,"column":5}},"loc":{"start":{"line":16,"column":15},"end":{"line":19,"column":5}},"line":16},"3":{"name":"(anonymous_3)","decl":{"start":{"line":20,"column":4},"end":{"line":20,"column":5}},"loc":{"start":{"line":20,"column":15},"end":{"line":22,"column":5}},"line":20},"4":{"name":"(anonymous_4)","decl":{"start":{"line":23,"column":4},"end":{"line":23,"column":5}},"loc":{"start":{"line":23,"column":18},"end":{"line":25,"column":5}},"line":23}},"branchMap":{"0":{"loc":{"start":{"line":5,"column":0},"end":{"line":27,"column":1}},"type":"if","locations":[{"start":{"line":5,"column":0},"end":{"line":27,"column":1}},{"start":{"line":5,"column":0},"end":{"line":27,"column":1}}],"line":5}},"s":{"0":0,"1":0,"2":0,"3":0,"4":0,"5":0,"6":0,"7":0},"f":{"0":0,"1":0,"2":0,"3":0,"4":0},"b":{"0":[0,0]},"hash":"5f16d6fb39578c949dd89f0c34fa4afa74fe08e0"}
,"C:\\Users\\dinhn\\Workspace\\Arbeit\\IG\\dis\\src\\components\\ArchiveFileUpload.vue": {"path":"C:\\Users\\dinhn\\Workspace\\Arbeit\\IG\\dis\\src\\components\\ArchiveFileUpload.vue","statementMap":{"0":{"start":{"line":198,"column":0},"end":{"line":198,"column":null}},"1":{"start":{"line":199,"column":0},"end":{"line":199,"column":null}},"2":{"start":{"line":200,"column":0},"end":{"line":200,"column":null}},"3":{"start":{"line":207,"column":0},"end":{"line":207,"column":null}},"4":{"start":{"line":256,"column":0},"end":{"line":256,"column":null}},"5":{"start":{"line":257,"column":0},"end":{"line":257,"column":null}},"6":{"start":{"line":259,"column":0},"end":{"line":259,"column":null}},"7":{"start":{"line":270,"column":0},"end":{"line":270,"column":null}},"8":{"start":{"line":271,"column":0},"end":{"line":271,"column":null}},"9":{"start":{"line":272,"column":0},"end":{"line":272,"column":null}},"10":{"start":{"line":273,"column":0},"end":{"line":275,"column":null}},"11":{"start":{"line":274,"column":0},"end":{"line":274,"column":null}},"12":{"start":{"line":276,"column":0},"end":{"line":276,"column":null}},"13":{"start":{"line":278,"column":0},"end":{"line":278,"column":null}},"14":{"start":{"line":279,"column":0},"end":{"line":279,"column":null}},"15":{"start":{"line":280,"column":0},"end":{"line":287,"column":null}},"16":{"start":{"line":281,"column":0},"end":{"line":286,"column":null}},"17":{"start":{"line":282,"column":0},"end":{"line":285,"column":null}},"18":{"start":{"line":283,"column":0},"end":{"line":283,"column":null}},"19":{"start":{"line":284,"column":0},"end":{"line":284,"column":null}},"20":{"start":{"line":291,"column":0},"end":{"line":300,"column":null}},"21":{"start":{"line":293,"column":0},"end":{"line":298,"column":null}},"22":{"start":{"line":294,"column":0},"end":{"line":294,"column":null}},"23":{"start":{"line":299,"column":0},"end":{"line":299,"column":null}},"24":{"start":{"line":303,"column":0},"end":{"line":303,"column":null}},"25":{"start":{"line":304,"column":0},"end":{"line":304,"column":null}},"26":{"start":{"line":307,"column":0},"end":{"line":307,"column":null}},"27":{"start":{"line":308,"column":0},"end":{"line":308,"column":null}},"28":{"start":{"line":310,"column":0},"end":{"line":310,"column":null}},"29":{"start":{"line":311,"column":0},"end":{"line":311,"column":null}},"30":{"start":{"line":312,"column":0},"end":{"line":343,"column":null}},"31":{"start":{"line":313,"column":0},"end":{"line":318,"column":null}},"32":{"start":{"line":323,"column":0},"end":{"line":323,"column":null}},"33":{"start":{"line":324,"column":0},"end":{"line":324,"column":null}},"34":{"start":{"line":326,"column":0},"end":{"line":326,"column":null}},"35":{"start":{"line":327,"column":0},"end":{"line":327,"column":null}},"36":{"start":{"line":328,"column":0},"end":{"line":328,"column":null}},"37":{"start":{"line":330,"column":0},"end":{"line":330,"column":null}},"38":{"start":{"line":331,"column":0},"end":{"line":331,"column":null}},"39":{"start":{"line":333,"column":0},"end":{"line":333,"column":null}},"40":{"start":{"line":334,"column":0},"end":{"line":334,"column":null}},"41":{"start":{"line":335,"column":0},"end":{"line":335,"column":null}},"42":{"start":{"line":336,"column":0},"end":{"line":336,"column":null}},"43":{"start":{"line":337,"column":0},"end":{"line":339,"column":null}},"44":{"start":{"line":338,"column":0},"end":{"line":338,"column":null}},"45":{"start":{"line":340,"column":0},"end":{"line":342,"column":null}},"46":{"start":{"line":341,"column":0},"end":{"line":341,"column":null}},"47":{"start":{"line":346,"column":0},"end":{"line":346,"column":null}},"48":{"start":{"line":347,"column":0},"end":{"line":347,"column":null}},"49":{"start":{"line":348,"column":0},"end":{"line":358,"column":null}},"50":{"start":{"line":349,"column":0},"end":{"line":349,"column":null}},"51":{"start":{"line":350,"column":0},"end":{"line":352,"column":null}},"52":{"start":{"line":351,"column":0},"end":{"line":351,"column":null}},"53":{"start":{"line":354,"column":0},"end":{"line":354,"column":null}},"54":{"start":{"line":355,"column":0},"end":{"line":355,"column":null}},"55":{"start":{"line":357,"column":0},"end":{"line":357,"column":null}},"56":{"start":{"line":361,"column":0},"end":{"line":361,"column":null}},"57":{"start":{"line":362,"column":0},"end":{"line":362,"column":null}},"58":{"start":{"line":363,"column":0},"end":{"line":363,"column":null}},"59":{"start":{"line":364,"column":0},"end":{"line":366,"column":null}},"60":{"start":{"line":365,"column":0},"end":{"line":365,"column":null}},"61":{"start":{"line":367,"column":0},"end":{"line":392,"column":null}},"62":{"start":{"line":368,"column":0},"end":{"line":368,"column":null}},"63":{"start":{"line":376,"column":0},"end":{"line":376,"column":null}},"64":{"start":{"line":379,"column":0},"end":{"line":379,"column":null}},"65":{"start":{"line":380,"column":0},"end":{"line":380,"column":null}},"66":{"start":{"line":383,"column":0},"end":{"line":388,"column":null}},"67":{"start":{"line":384,"column":0},"end":{"line":384,"column":null}},"68":{"start":{"line":386,"column":0},"end":{"line":386,"column":null}},"69":{"start":{"line":387,"column":0},"end":{"line":387,"column":null}},"70":{"start":{"line":389,"column":0},"end":{"line":389,"column":null}},"71":{"start":{"line":391,"column":0},"end":{"line":391,"column":null}},"72":{"start":{"line":395,"column":0},"end":{"line":395,"column":null}},"73":{"start":{"line":396,"column":0},"end":{"line":396,"column":null}},"74":{"start":{"line":397,"column":0},"end":{"line":397,"column":null}},"75":{"start":{"line":398,"column":0},"end":{"line":414,"column":null}},"76":{"start":{"line":399,"column":0},"end":{"line":399,"column":null}},"77":{"start":{"line":400,"column":0},"end":{"line":400,"column":null}},"78":{"start":{"line":403,"column":0},"end":{"line":403,"column":null}},"79":{"start":{"line":404,"column":0},"end":{"line":404,"column":null}},"80":{"start":{"line":406,"column":0},"end":{"line":411,"column":null}},"81":{"start":{"line":407,"column":0},"end":{"line":407,"column":null}},"82":{"start":{"line":409,"column":0},"end":{"line":409,"column":null}},"83":{"start":{"line":410,"column":0},"end":{"line":410,"column":null}},"84":{"start":{"line":413,"column":0},"end":{"line":413,"column":null}},"85":{"start":{"line":417,"column":0},"end":{"line":417,"column":null}},"86":{"start":{"line":421,"column":0},"end":{"line":421,"column":null}},"87":{"start":{"line":424,"column":0},"end":{"line":437,"column":null}},"88":{"start":{"line":425,"column":0},"end":{"line":425,"column":null}},"89":{"start":{"line":426,"column":0},"end":{"line":426,"column":null}},"90":{"start":{"line":427,"column":0},"end":{"line":436,"column":null}},"91":{"start":{"line":428,"column":0},"end":{"line":428,"column":null}},"92":{"start":{"line":429,"column":0},"end":{"line":432,"column":null}},"93":{"start":{"line":430,"column":0},"end":{"line":430,"column":null}},"94":{"start":{"line":431,"column":0},"end":{"line":431,"column":null}},"95":{"start":{"line":434,"column":0},"end":{"line":434,"column":null}},"96":{"start":{"line":435,"column":0},"end":{"line":435,"column":null}},"97":{"start":{"line":440,"column":0},"end":{"line":444,"column":null}},"98":{"start":{"line":441,"column":0},"end":{"line":441,"column":null}},"99":{"start":{"line":443,"column":0},"end":{"line":443,"column":null}},"100":{"start":{"line":445,"column":0},"end":{"line":445,"column":null}},"101":{"start":{"line":446,"column":0},"end":{"line":446,"column":null}},"102":{"start":{"line":449,"column":0},"end":{"line":455,"column":null}},"103":{"start":{"line":451,"column":0},"end":{"line":451,"column":null}},"104":{"start":{"line":454,"column":0},"end":{"line":454,"column":null}},"105":{"start":{"line":458,"column":0},"end":{"line":458,"column":null}},"106":{"start":{"line":459,"column":0},"end":{"line":464,"column":null}},"107":{"start":{"line":460,"column":0},"end":{"line":460,"column":null}},"108":{"start":{"line":465,"column":0},"end":{"line":473,"column":null}},"109":{"start":{"line":466,"column":0},"end":{"line":466,"column":null}},"110":{"start":{"line":472,"column":0},"end":{"line":472,"column":null}},"111":{"start":{"line":476,"column":0},"end":{"line":476,"column":null}},"112":{"start":{"line":477,"column":0},"end":{"line":477,"column":null}},"113":{"start":{"line":478,"column":0},"end":{"line":478,"column":null}},"114":{"start":{"line":479,"column":0},"end":{"line":479,"column":null}},"115":{"start":{"line":480,"column":0},"end":{"line":480,"column":null}},"116":{"start":{"line":483,"column":0},"end":{"line":488,"column":null}},"117":{"start":{"line":484,"column":0},"end":{"line":484,"column":null}},"118":{"start":{"line":485,"column":0},"end":{"line":487,"column":null}},"119":{"start":{"line":486,"column":0},"end":{"line":486,"column":null}},"120":{"start":{"line":489,"column":0},"end":{"line":489,"column":null}},"121":{"start":{"line":494,"column":0},"end":{"line":494,"column":null}},"122":{"start":{"line":495,"column":0},"end":{"line":495,"column":null}},"123":{"start":{"line":498,"column":0},"end":{"line":504,"column":null}},"124":{"start":{"line":499,"column":0},"end":{"line":503,"column":null}},"125":{"start":{"line":499,"column":0},"end":{"line":499,"column":null}},"126":{"start":{"line":502,"column":0},"end":{"line":502,"column":null}},"127":{"start":{"line":505,"column":0},"end":{"line":505,"column":null}},"128":{"start":{"line":508,"column":0},"end":{"line":508,"column":null}},"129":{"start":{"line":516,"column":0},"end":{"line":518,"column":null}},"130":{"start":{"line":517,"column":0},"end":{"line":517,"column":null}},"131":{"start":{"line":522,"column":0},"end":{"line":524,"column":null}},"132":{"start":{"line":523,"column":0},"end":{"line":523,"column":null}},"133":{"start":{"line":527,"column":0},"end":{"line":527,"column":null}},"134":{"start":{"line":528,"column":0},"end":{"line":528,"column":null}},"135":{"start":{"line":529,"column":0},"end":{"line":539,"column":null}},"136":{"start":{"line":530,"column":0},"end":{"line":530,"column":null}},"137":{"start":{"line":531,"column":0},"end":{"line":531,"column":null}},"138":{"start":{"line":532,"column":0},"end":{"line":532,"column":null}},"139":{"start":{"line":533,"column":0},"end":{"line":536,"column":null}},"140":{"start":{"line":535,"column":0},"end":{"line":535,"column":null}},"141":{"start":{"line":538,"column":0},"end":{"line":538,"column":null}}},"fnMap":{"0":{"name":"(anonymous_1)","decl":{"start":{"line":206,"column":0},"end":{"line":206,"column":null}},"loc":{"start":{"line":206,"column":0},"end":{"line":254,"column":null}}},"1":{"name":"(anonymous_2)","decl":{"start":{"line":255,"column":0},"end":{"line":255,"column":null}},"loc":{"start":{"line":255,"column":0},"end":{"line":260,"column":null}}},"2":{"name":"(anonymous_3)","decl":{"start":{"line":261,"column":0},"end":{"line":261,"column":null}},"loc":{"start":{"line":261,"column":0},"end":{"line":288,"column":null}}},"3":{"name":"(anonymous_4)","decl":{"start":{"line":271,"column":0},"end":{"line":271,"column":null}},"loc":{"start":{"line":271,"column":0},"end":{"line":271,"column":null}}},"4":{"name":"(anonymous_5)","decl":{"start":{"line":290,"column":0},"end":{"line":290,"column":null}},"loc":{"start":{"line":290,"column":0},"end":{"line":301,"column":null}}},"5":{"name":"(anonymous_6)","decl":{"start":{"line":291,"column":0},"end":{"line":291,"column":null}},"loc":{"start":{"line":291,"column":0},"end":{"line":300,"column":null}}},"6":{"name":"(anonymous_7)","decl":{"start":{"line":293,"column":0},"end":{"line":293,"column":null}},"loc":{"start":{"line":293,"column":0},"end":{"line":298,"column":null}}},"7":{"name":"(anonymous_8)","decl":{"start":{"line":302,"column":0},"end":{"line":302,"column":null}},"loc":{"start":{"line":302,"column":0},"end":{"line":305,"column":null}}},"8":{"name":"(anonymous_9)","decl":{"start":{"line":306,"column":0},"end":{"line":306,"column":null}},"loc":{"start":{"line":306,"column":0},"end":{"line":344,"column":null}}},"9":{"name":"(anonymous_10)","decl":{"start":{"line":337,"column":0},"end":{"line":337,"column":null}},"loc":{"start":{"line":337,"column":0},"end":{"line":339,"column":null}}},"10":{"name":"(anonymous_11)","decl":{"start":{"line":340,"column":0},"end":{"line":340,"column":null}},"loc":{"start":{"line":340,"column":0},"end":{"line":342,"column":null}}},"11":{"name":"(anonymous_12)","decl":{"start":{"line":345,"column":0},"end":{"line":345,"column":null}},"loc":{"start":{"line":345,"column":0},"end":{"line":359,"column":null}}},"12":{"name":"(anonymous_13)","decl":{"start":{"line":360,"column":0},"end":{"line":360,"column":null}},"loc":{"start":{"line":360,"column":0},"end":{"line":393,"column":null}}},"13":{"name":"(anonymous_14)","decl":{"start":{"line":376,"column":0},"end":{"line":376,"column":null}},"loc":{"start":{"line":376,"column":0},"end":{"line":376,"column":null}}},"14":{"name":"(anonymous_15)","decl":{"start":{"line":394,"column":0},"end":{"line":394,"column":null}},"loc":{"start":{"line":394,"column":0},"end":{"line":415,"column":null}}},"15":{"name":"(anonymous_16)","decl":{"start":{"line":400,"column":0},"end":{"line":400,"column":null}},"loc":{"start":{"line":400,"column":0},"end":{"line":400,"column":null}}},"16":{"name":"(anonymous_17)","decl":{"start":{"line":416,"column":0},"end":{"line":416,"column":null}},"loc":{"start":{"line":416,"column":0},"end":{"line":418,"column":null}}},"17":{"name":"(anonymous_18)","decl":{"start":{"line":417,"column":0},"end":{"line":417,"column":null}},"loc":{"start":{"line":417,"column":0},"end":{"line":417,"column":null}}},"18":{"name":"(anonymous_20)","decl":{"start":{"line":419,"column":0},"end":{"line":419,"column":null}},"loc":{"start":{"line":419,"column":0},"end":{"line":422,"column":null}}},"19":{"name":"(anonymous_21)","decl":{"start":{"line":423,"column":0},"end":{"line":423,"column":null}},"loc":{"start":{"line":423,"column":0},"end":{"line":438,"column":null}}},"20":{"name":"(anonymous_22)","decl":{"start":{"line":439,"column":0},"end":{"line":439,"column":null}},"loc":{"start":{"line":439,"column":0},"end":{"line":447,"column":null}}},"21":{"name":"(anonymous_23)","decl":{"start":{"line":448,"column":0},"end":{"line":448,"column":null}},"loc":{"start":{"line":448,"column":0},"end":{"line":456,"column":null}}},"22":{"name":"(anonymous_24)","decl":{"start":{"line":457,"column":0},"end":{"line":457,"column":null}},"loc":{"start":{"line":457,"column":0},"end":{"line":474,"column":null}}},"23":{"name":"(anonymous_25)","decl":{"start":{"line":475,"column":0},"end":{"line":475,"column":null}},"loc":{"start":{"line":475,"column":0},"end":{"line":481,"column":null}}},"24":{"name":"(anonymous_26)","decl":{"start":{"line":482,"column":0},"end":{"line":482,"column":null}},"loc":{"start":{"line":482,"column":0},"end":{"line":490,"column":null}}},"25":{"name":"(anonymous_27)","decl":{"start":{"line":484,"column":0},"end":{"line":484,"column":null}},"loc":{"start":{"line":484,"column":0},"end":{"line":484,"column":null}}},"26":{"name":"(anonymous_28)","decl":{"start":{"line":493,"column":0},"end":{"line":493,"column":null}},"loc":{"start":{"line":493,"column":0},"end":{"line":496,"column":null}}},"27":{"name":"(anonymous_29)","decl":{"start":{"line":497,"column":0},"end":{"line":497,"column":null}},"loc":{"start":{"line":497,"column":0},"end":{"line":506,"column":null}}},"28":{"name":"(anonymous_30)","decl":{"start":{"line":499,"column":0},"end":{"line":499,"column":null}},"loc":{"start":{"line":499,"column":0},"end":{"line":499,"column":null}}},"29":{"name":"(anonymous_32)","decl":{"start":{"line":507,"column":0},"end":{"line":507,"column":null}},"loc":{"start":{"line":507,"column":0},"end":{"line":509,"column":null}}},"30":{"name":"(anonymous_33)","decl":{"start":{"line":515,"column":0},"end":{"line":515,"column":null}},"loc":{"start":{"line":515,"column":0},"end":{"line":519,"column":null}}},"31":{"name":"(anonymous_34)","decl":{"start":{"line":521,"column":0},"end":{"line":521,"column":null}},"loc":{"start":{"line":521,"column":0},"end":{"line":525,"column":null}}},"32":{"name":"(anonymous_35)","decl":{"start":{"line":526,"column":0},"end":{"line":526,"column":null}},"loc":{"start":{"line":526,"column":0},"end":{"line":540,"column":null}}},"33":{"name":"(anonymous_36)","decl":{"start":{"line":533,"column":0},"end":{"line":533,"column":null}},"loc":{"start":{"line":533,"column":0},"end":{"line":536,"column":null}}}},"branchMap":{"0":{"loc":{"start":{"line":280,"column":0},"end":{"line":287,"column":null}},"type":"if","locations":[{"start":{"line":280,"column":0},"end":{"line":287,"column":null}},{"start":{"line":280,"column":0},"end":{"line":287,"column":null}}]},"1":{"loc":{"start":{"line":282,"column":0},"end":{"line":285,"column":null}},"type":"if","locations":[{"start":{"line":282,"column":0},"end":{"line":285,"column":null}},{"start":{"line":282,"column":0},"end":{"line":285,"column":null}}]},"2":{"loc":{"start":{"line":295,"column":0},"end":{"line":295,"column":null}},"type":"cond-expr","locations":[{"start":{"line":295,"column":0},"end":{"line":295,"column":null}},{"start":{"line":295,"column":0},"end":{"line":295,"column":null}}]},"3":{"loc":{"start":{"line":313,"column":0},"end":{"line":313,"column":null}},"type":"cond-expr","locations":[{"start":{"line":313,"column":0},"end":{"line":313,"column":null}},{"start":{"line":313,"column":0},"end":{"line":318,"column":null}}]},"4":{"loc":{"start":{"line":317,"column":0},"end":{"line":317,"column":null}},"type":"cond-expr","locations":[{"start":{"line":317,"column":0},"end":{"line":317,"column":null}},{"start":{"line":317,"column":0},"end":{"line":317,"column":null}}]},"5":{"loc":{"start":{"line":321,"column":0},"end":{"line":321,"column":null}},"type":"cond-expr","locations":[{"start":{"line":321,"column":0},"end":{"line":321,"column":null}},{"start":{"line":321,"column":0},"end":{"line":321,"column":null}}]},"6":{"loc":{"start":{"line":370,"column":0},"end":{"line":370,"column":null}},"type":"cond-expr","locations":[{"start":{"line":370,"column":0},"end":{"line":370,"column":null}},{"start":{"line":370,"column":0},"end":{"line":370,"column":null}}]},"7":{"loc":{"start":{"line":383,"column":0},"end":{"line":388,"column":null}},"type":"if","locations":[{"start":{"line":383,"column":0},"end":{"line":388,"column":null}},{"start":{"line":383,"column":0},"end":{"line":388,"column":null}}]},"8":{"loc":{"start":{"line":383,"column":0},"end":{"line":383,"column":null}},"type":"binary-expr","locations":[{"start":{"line":383,"column":0},"end":{"line":383,"column":null}},{"start":{"line":383,"column":0},"end":{"line":383,"column":null}}]},"9":{"loc":{"start":{"line":406,"column":0},"end":{"line":411,"column":null}},"type":"if","locations":[{"start":{"line":406,"column":0},"end":{"line":411,"column":null}},{"start":{"line":406,"column":0},"end":{"line":411,"column":null}}]},"10":{"loc":{"start":{"line":406,"column":0},"end":{"line":406,"column":null}},"type":"binary-expr","locations":[{"start":{"line":406,"column":0},"end":{"line":406,"column":null}},{"start":{"line":406,"column":0},"end":{"line":406,"column":null}}]},"11":{"loc":{"start":{"line":424,"column":0},"end":{"line":437,"column":null}},"type":"if","locations":[{"start":{"line":424,"column":0},"end":{"line":437,"column":null}},{"start":{"line":424,"column":0},"end":{"line":437,"column":null}}]},"12":{"loc":{"start":{"line":424,"column":0},"end":{"line":424,"column":null}},"type":"binary-expr","locations":[{"start":{"line":424,"column":0},"end":{"line":424,"column":null}},{"start":{"line":424,"column":0},"end":{"line":424,"column":null}},{"start":{"line":424,"column":0},"end":{"line":424,"column":null}},{"start":{"line":424,"column":0},"end":{"line":424,"column":null}}]},"13":{"loc":{"start":{"line":429,"column":0},"end":{"line":432,"column":null}},"type":"if","locations":[{"start":{"line":429,"column":0},"end":{"line":432,"column":null}},{"start":{"line":429,"column":0},"end":{"line":432,"column":null}}]},"14":{"loc":{"start":{"line":429,"column":0},"end":{"line":429,"column":null}},"type":"binary-expr","locations":[{"start":{"line":429,"column":0},"end":{"line":429,"column":null}},{"start":{"line":429,"column":0},"end":{"line":429,"column":null}}]},"15":{"loc":{"start":{"line":440,"column":0},"end":{"line":444,"column":null}},"type":"if","locations":[{"start":{"line":440,"column":0},"end":{"line":444,"column":null}},{"start":{"line":440,"column":0},"end":{"line":444,"column":null}}]},"16":{"loc":{"start":{"line":449,"column":0},"end":{"line":455,"column":null}},"type":"if","locations":[{"start":{"line":449,"column":0},"end":{"line":455,"column":null}},{"start":{"line":449,"column":0},"end":{"line":455,"column":null}}]},"17":{"loc":{"start":{"line":459,"column":0},"end":{"line":464,"column":null}},"type":"if","locations":[{"start":{"line":459,"column":0},"end":{"line":464,"column":null}},{"start":{"line":459,"column":0},"end":{"line":464,"column":null}}]},"18":{"loc":{"start":{"line":465,"column":0},"end":{"line":473,"column":null}},"type":"if","locations":[{"start":{"line":465,"column":0},"end":{"line":473,"column":null}},{"start":{"line":465,"column":0},"end":{"line":473,"column":null}}]},"19":{"loc":{"start":{"line":465,"column":0},"end":{"line":465,"column":null}},"type":"binary-expr","locations":[{"start":{"line":465,"column":0},"end":{"line":465,"column":null}},{"start":{"line":465,"column":0},"end":{"line":465,"column":null}}]},"20":{"loc":{"start":{"line":466,"column":0},"end":{"line":466,"column":null}},"type":"binary-expr","locations":[{"start":{"line":466,"column":0},"end":{"line":466,"column":null}},{"start":{"line":466,"column":0},"end":{"line":466,"column":null}}]},"21":{"loc":{"start":{"line":483,"column":0},"end":{"line":488,"column":null}},"type":"if","locations":[{"start":{"line":483,"column":0},"end":{"line":488,"column":null}},{"start":{"line":483,"column":0},"end":{"line":488,"column":null}}]},"22":{"loc":{"start":{"line":485,"column":0},"end":{"line":487,"column":null}},"type":"if","locations":[{"start":{"line":485,"column":0},"end":{"line":487,"column":null}},{"start":{"line":485,"column":0},"end":{"line":487,"column":null}}]},"23":{"loc":{"start":{"line":485,"column":0},"end":{"line":485,"column":null}},"type":"binary-expr","locations":[{"start":{"line":485,"column":0},"end":{"line":485,"column":null}},{"start":{"line":485,"column":0},"end":{"line":485,"column":null}},{"start":{"line":485,"column":0},"end":{"line":485,"column":null}}]},"24":{"loc":{"start":{"line":495,"column":0},"end":{"line":495,"column":null}},"type":"binary-expr","locations":[{"start":{"line":495,"column":0},"end":{"line":495,"column":null}},{"start":{"line":495,"column":0},"end":{"line":495,"column":null}},{"start":{"line":495,"column":0},"end":{"line":495,"column":null}},{"start":{"line":495,"column":0},"end":{"line":495,"column":null}}]},"25":{"loc":{"start":{"line":498,"column":0},"end":{"line":504,"column":null}},"type":"if","locations":[{"start":{"line":498,"column":0},"end":{"line":504,"column":null}},{"start":{"line":498,"column":0},"end":{"line":504,"column":null}}]},"26":{"loc":{"start":{"line":498,"column":0},"end":{"line":498,"column":null}},"type":"binary-expr","locations":[{"start":{"line":498,"column":0},"end":{"line":498,"column":null}},{"start":{"line":498,"column":0},"end":{"line":498,"column":null}}]},"27":{"loc":{"start":{"line":499,"column":0},"end":{"line":499,"column":null}},"type":"binary-expr","locations":[{"start":{"line":499,"column":0},"end":{"line":499,"column":null}},{"start":{"line":499,"column":0},"end":{"line":499,"column":null}}]},"28":{"loc":{"start":{"line":516,"column":0},"end":{"line":518,"column":null}},"type":"if","locations":[{"start":{"line":516,"column":0},"end":{"line":518,"column":null}},{"start":{"line":516,"column":0},"end":{"line":518,"column":null}}]},"29":{"loc":{"start":{"line":522,"column":0},"end":{"line":524,"column":null}},"type":"if","locations":[{"start":{"line":522,"column":0},"end":{"line":524,"column":null}},{"start":{"line":522,"column":0},"end":{"line":524,"column":null}}]},"30":{"loc":{"start":{"line":527,"column":0},"end":{"line":527,"column":null}},"type":"if","locations":[{"start":{"line":527,"column":0},"end":{"line":527,"column":null}},{"start":{"line":527,"column":0},"end":{"line":527,"column":null}}]},"31":{"loc":{"start":{"line":529,"column":0},"end":{"line":539,"column":null}},"type":"if","locations":[{"start":{"line":529,"column":0},"end":{"line":539,"column":null}},{"start":{"line":529,"column":0},"end":{"line":539,"column":null}}]},"32":{"loc":{"start":{"line":529,"column":0},"end":{"line":529,"column":null}},"type":"binary-expr","locations":[{"start":{"line":529,"column":0},"end":{"line":529,"column":null}},{"start":{"line":529,"column":0},"end":{"line":529,"column":null}}]}},"s":{"0":0,"1":0,"2":0,"3":0,"4":0,"5":0,"6":0,"7":0,"8":0,"9":0,"10":0,"11":0,"12":0,"13":0,"14":0,"15":0,"16":0,"17":0,"18":0,"19":0,"20":0,"21":0,"22":0,"23":0,"24":0,"25":0,"26":0,"27":0,"28":0,"29":0,"30":0,"31":0,"32":0,"33":0,"34":0,"35":0,"36":0,"37":0,"38":0,"39":0,"40":0,"41":0,"42":0,"43":0,"44":0,"45":0,"46":0,"47":0,"48":0,"49":0,"50":0,"51":0,"52":0,"53":0,"54":0,"55":0,"56":0,"57":0,"58":0,"59":0,"60":0,"61":0,"62":0,"63":0,"64":0,"65":0,"66":0,"67":0,"68":0,"69":0,"70":0,"71":0,"72":0,"73":0,"74":0,"75":0,"76":0,"77":0,"78":0,"79":0,"80":0,"81":0,"82":0,"83":0,"84":0,"85":0,"86":0,"87":0,"88":0,"89":0,"90":0,"91":0,"92":0,"93":0,"94":0,"95":0,"96":0,"97":0,"98":0,"99":0,"100":0,"101":0,"102":0,"103":0,"104":0,"105":0,"106":0,"107":0,"108":0,"109":0,"110":0,"111":0,"112":0,"113":0,"114":0,"115":0,"116":0,"117":0,"118":0,"119":0,"120":0,"121":0,"122":0,"123":0,"124":0,"125":0,"126":0,"127":0,"128":0,"129":0,"130":0,"131":0,"132":0,"133":0,"134":0,"135":0,"136":0,"137":0,"138":0,"139":0,"140":0,"141":0},"f":{"0":0,"1":0,"2":0,"3":0,"4":0,"5":0,"6":0,"7":0,"8":0,"9":0,"10":0,"11":0,"12":0,"13":0,"14":0,"15":0,"16":0,"17":0,"18":0,"19":0,"20":0,"21":0,"22":0,"23":0,"24":0,"25":0,"26":0,"27":0,"28":0,"29":0,"30":0,"31":0,"32":0,"33":0},"b":{"0":[0,0],"1":[0,0],"2":[0,0],"3":[0,0],"4":[0,0],"5":[0,0],"6":[0,0],"7":[0,0],"8":[0,0],"9":[0,0],"10":[0,0],"11":[0,0],"12":[0,0,0,0],"13":[0,0],"14":[0,0],"15":[0,0],"16":[0,0],"17":[0,0],"18":[0,0],"19":[0,0],"20":[0,0],"21":[0,0],"22":[0,0],"23":[0,0,0],"24":[0,0,0,0],"25":[0,0],"26":[0,0],"27":[0,0],"28":[0,0],"29":[0,0],"30":[0,0],"31":[0,0],"32":[0,0]}}
,"C:\\Users\\dinhn\\Workspace\\Arbeit\\IG\\dis\\src\\components\\DisAppForms.vue": {"path":"C:\\Users\\dinhn\\Workspace\\Arbeit\\IG\\dis\\src\\components\\DisAppForms.vue","statementMap":{"0":{"start":{"line":26,"column":0},"end":{"line":26,"column":null}},"1":{"start":{"line":30,"column":0},"end":{"line":30,"column":null}},"2":{"start":{"line":31,"column":0},"end":{"line":33,"column":null}},"3":{"start":{"line":32,"column":0},"end":{"line":32,"column":null}},"4":{"start":{"line":34,"column":0},"end":{"line":34,"column":null}},"5":{"start":{"line":40,"column":0},"end":{"line":40,"column":null}},"6":{"start":{"line":41,"column":0},"end":{"line":48,"column":null}},"7":{"start":{"line":42,"column":0},"end":{"line":47,"column":null}},"8":{"start":{"line":43,"column":0},"end":{"line":43,"column":null}},"9":{"start":{"line":49,"column":0},"end":{"line":49,"column":null}}},"fnMap":{"0":{"name":"(anonymous_1)","decl":{"start":{"line":29,"column":0},"end":{"line":29,"column":null}},"loc":{"start":{"line":29,"column":0},"end":{"line":37,"column":null}}},"1":{"name":"(anonymous_2)","decl":{"start":{"line":31,"column":0},"end":{"line":31,"column":null}},"loc":{"start":{"line":31,"column":0},"end":{"line":33,"column":null}}},"2":{"name":"(anonymous_3)","decl":{"start":{"line":39,"column":0},"end":{"line":39,"column":null}},"loc":{"start":{"line":39,"column":0},"end":{"line":50,"column":null}}}},"branchMap":{"0":{"loc":{"start":{"line":42,"column":0},"end":{"line":47,"column":null}},"type":"if","locations":[{"start":{"line":42,"column":0},"end":{"line":47,"column":null}},{"start":{"line":42,"column":0},"end":{"line":47,"column":null}}]}},"s":{"0":0,"1":0,"2":0,"3":0,"4":0,"5":0,"6":0,"7":0,"8":0,"9":0},"f":{"0":0,"1":0,"2":0},"b":{"0":[0,0]}}
,"C:\\Users\\dinhn\\Workspace\\Arbeit\\IG\\dis\\src\\components\\DisBreadcrumbs.vue": {"path":"C:\\Users\\dinhn\\Workspace\\Arbeit\\IG\\dis\\src\\components\\DisBreadcrumbs.vue","statementMap":{"0":{"start":{"line":12,"column":0},"end":{"line":15,"column":null}},"1":{"start":{"line":13,"column":0},"end":{"line":13,"column":null}},"2":{"start":{"line":14,"column":0},"end":{"line":14,"column":null}},"3":{"start":{"line":16,"column":0},"end":{"line":16,"column":null}},"4":{"start":{"line":23,"column":0},"end":{"line":42,"column":null}},"5":{"start":{"line":24,"column":0},"end":{"line":24,"column":null}},"6":{"start":{"line":26,"column":0},"end":{"line":26,"column":null}},"7":{"start":{"line":31,"column":0},"end":{"line":33,"column":null}},"8":{"start":{"line":32,"column":0},"end":{"line":32,"column":null}},"9":{"start":{"line":35,"column":0},"end":{"line":35,"column":null}},"10":{"start":{"line":36,"column":0},"end":{"line":36,"column":null}},"11":{"start":{"line":37,"column":0},"end":{"line":37,"column":null}},"12":{"start":{"line":43,"column":0},"end":{"line":43,"column":null}},"13":{"start":{"line":44,"column":0},"end":{"line":46,"column":null}},"14":{"start":{"line":45,"column":0},"end":{"line":45,"column":null}},"15":{"start":{"line":47,"column":0},"end":{"line":47,"column":null}}},"fnMap":{"0":{"name":"(anonymous_1)","decl":{"start":{"line":11,"column":0},"end":{"line":11,"column":null}},"loc":{"start":{"line":11,"column":0},"end":{"line":17,"column":null}}},"1":{"name":"(anonymous_2)","decl":{"start":{"line":21,"column":0},"end":{"line":21,"column":null}},"loc":{"start":{"line":21,"column":0},"end":{"line":48,"column":null}}},"2":{"name":"(anonymous_3)","decl":{"start":{"line":23,"column":0},"end":{"line":23,"column":null}},"loc":{"start":{"line":23,"column":0},"end":{"line":42,"column":null}}},"3":{"name":"(anonymous_4)","decl":{"start":{"line":31,"column":0},"end":{"line":31,"column":null}},"loc":{"start":{"line":31,"column":0},"end":{"line":33,"column":null}}},"4":{"name":"(anonymous_5)","decl":{"start":{"line":43,"column":0},"end":{"line":43,"column":null}},"loc":{"start":{"line":43,"column":0},"end":{"line":43,"column":null}}}},"branchMap":{"0":{"loc":{"start":{"line":12,"column":0},"end":{"line":15,"column":null}},"type":"if","locations":[{"start":{"line":12,"column":0},"end":{"line":15,"column":null}},{"start":{"line":12,"column":0},"end":{"line":15,"column":null}}]},"1":{"loc":{"start":{"line":12,"column":0},"end":{"line":12,"column":null}},"type":"binary-expr","locations":[{"start":{"line":12,"column":0},"end":{"line":12,"column":null}},{"start":{"line":12,"column":0},"end":{"line":12,"column":null}}]},"2":{"loc":{"start":{"line":14,"column":0},"end":{"line":14,"column":null}},"type":"cond-expr","locations":[{"start":{"line":14,"column":0},"end":{"line":14,"column":null}},{"start":{"line":14,"column":0},"end":{"line":14,"column":null}}]},"3":{"loc":{"start":{"line":24,"column":0},"end":{"line":24,"column":null}},"type":"cond-expr","locations":[{"start":{"line":24,"column":0},"end":{"line":24,"column":null}},{"start":{"line":24,"column":0},"end":{"line":24,"column":null}}]},"4":{"loc":{"start":{"line":39,"column":0},"end":{"line":39,"column":null}},"type":"binary-expr","locations":[{"start":{"line":39,"column":0},"end":{"line":39,"column":null}},{"start":{"line":39,"column":0},"end":{"line":39,"column":null}}]},"5":{"loc":{"start":{"line":43,"column":0},"end":{"line":43,"column":null}},"type":"binary-expr","locations":[{"start":{"line":43,"column":0},"end":{"line":43,"column":null}},{"start":{"line":43,"column":0},"end":{"line":43,"column":null}}]},"6":{"loc":{"start":{"line":44,"column":0},"end":{"line":46,"column":null}},"type":"if","locations":[{"start":{"line":44,"column":0},"end":{"line":46,"column":null}},{"start":{"line":44,"column":0},"end":{"line":46,"column":null}}]}},"s":{"0":0,"1":0,"2":0,"3":0,"4":0,"5":0,"6":0,"7":0,"8":0,"9":0,"10":0,"11":0,"12":0,"13":0,"14":0,"15":0},"f":{"0":0,"1":0,"2":0,"3":0,"4":0},"b":{"0":[0,0],"1":[0,0],"2":[0,0],"3":[0,0],"4":[0,0],"5":[0,0],"6":[0,0]}}
,"C:\\Users\\dinhn\\Workspace\\Arbeit\\IG\\dis\\src\\components\\DisDataTable.vue": {"path":"C:\\Users\\dinhn\\Workspace\\Arbeit\\IG\\dis\\src\\components\\DisDataTable.vue","statementMap":{"0":{"start":{"line":93,"column":0},"end":{"line":93,"column":null}},"1":{"start":{"line":94,"column":0},"end":{"line":94,"column":null}},"2":{"start":{"line":95,"column":0},"end":{"line":95,"column":null}},"3":{"start":{"line":96,"column":0},"end":{"line":96,"column":null}},"4":{"start":{"line":97,"column":0},"end":{"line":97,"column":null}},"5":{"start":{"line":98,"column":0},"end":{"line":98,"column":null}},"6":{"start":{"line":99,"column":0},"end":{"line":99,"column":null}},"7":{"start":{"line":100,"column":0},"end":{"line":100,"column":null}},"8":{"start":{"line":101,"column":0},"end":{"line":101,"column":null}},"9":{"start":{"line":103,"column":0},"end":{"line":103,"column":null}},"10":{"start":{"line":105,"column":0},"end":{"line":109,"column":null}},"11":{"start":{"line":108,"column":0},"end":{"line":108,"column":null}},"12":{"start":{"line":110,"column":0},"end":{"line":110,"column":null}},"13":{"start":{"line":167,"column":0},"end":{"line":167,"column":null}},"14":{"start":{"line":189,"column":0},"end":{"line":200,"column":null}},"15":{"start":{"line":190,"column":0},"end":{"line":190,"column":null}},"16":{"start":{"line":191,"column":0},"end":{"line":191,"column":null}},"17":{"start":{"line":192,"column":0},"end":{"line":192,"column":null}},"18":{"start":{"line":193,"column":0},"end":{"line":193,"column":null}},"19":{"start":{"line":194,"column":0},"end":{"line":197,"column":null}},"20":{"start":{"line":195,"column":0},"end":{"line":195,"column":null}},"21":{"start":{"line":196,"column":0},"end":{"line":196,"column":null}},"22":{"start":{"line":199,"column":0},"end":{"line":199,"column":null}},"23":{"start":{"line":201,"column":0},"end":{"line":203,"column":null}},"24":{"start":{"line":202,"column":0},"end":{"line":202,"column":null}},"25":{"start":{"line":204,"column":0},"end":{"line":206,"column":null}},"26":{"start":{"line":205,"column":0},"end":{"line":205,"column":null}},"27":{"start":{"line":210,"column":0},"end":{"line":210,"column":null}},"28":{"start":{"line":213,"column":0},"end":{"line":213,"column":null}},"29":{"start":{"line":214,"column":0},"end":{"line":214,"column":null}},"30":{"start":{"line":215,"column":0},"end":{"line":215,"column":null}},"31":{"start":{"line":216,"column":0},"end":{"line":216,"column":null}},"32":{"start":{"line":217,"column":0},"end":{"line":223,"column":null}},"33":{"start":{"line":218,"column":0},"end":{"line":218,"column":null}},"34":{"start":{"line":219,"column":0},"end":{"line":223,"column":null}},"35":{"start":{"line":220,"column":0},"end":{"line":220,"column":null}},"36":{"start":{"line":222,"column":0},"end":{"line":222,"column":null}},"37":{"start":{"line":227,"column":0},"end":{"line":227,"column":null}},"38":{"start":{"line":230,"column":0},"end":{"line":230,"column":null}},"39":{"start":{"line":231,"column":0},"end":{"line":235,"column":null}},"40":{"start":{"line":232,"column":0},"end":{"line":234,"column":null}},"41":{"start":{"line":233,"column":0},"end":{"line":233,"column":null}},"42":{"start":{"line":236,"column":0},"end":{"line":236,"column":null}},"43":{"start":{"line":239,"column":0},"end":{"line":241,"column":null}},"44":{"start":{"line":240,"column":0},"end":{"line":240,"column":null}},"45":{"start":{"line":241,"column":0},"end":{"line":241,"column":null}},"46":{"start":{"line":244,"column":0},"end":{"line":255,"column":null}},"47":{"start":{"line":251,"column":0},"end":{"line":251,"column":null}},"48":{"start":{"line":259,"column":0},"end":{"line":264,"column":null}},"49":{"start":{"line":260,"column":0},"end":{"line":260,"column":null}},"50":{"start":{"line":261,"column":0},"end":{"line":263,"column":null}},"51":{"start":{"line":262,"column":0},"end":{"line":262,"column":null}},"52":{"start":{"line":265,"column":0},"end":{"line":265,"column":null}},"53":{"start":{"line":269,"column":0},"end":{"line":269,"column":null}},"54":{"start":{"line":272,"column":0},"end":{"line":272,"column":null}},"55":{"start":{"line":273,"column":0},"end":{"line":273,"column":null}},"56":{"start":{"line":278,"column":0},"end":{"line":278,"column":null}},"57":{"start":{"line":281,"column":0},"end":{"line":285,"column":null}},"58":{"start":{"line":282,"column":0},"end":{"line":282,"column":null}},"59":{"start":{"line":284,"column":0},"end":{"line":284,"column":null}},"60":{"start":{"line":291,"column":0},"end":{"line":291,"column":null}},"61":{"start":{"line":292,"column":0},"end":{"line":294,"column":null}},"62":{"start":{"line":293,"column":0},"end":{"line":293,"column":null}},"63":{"start":{"line":295,"column":0},"end":{"line":295,"column":null}},"64":{"start":{"line":298,"column":0},"end":{"line":298,"column":null}},"65":{"start":{"line":299,"column":0},"end":{"line":299,"column":null}},"66":{"start":{"line":302,"column":0},"end":{"line":306,"column":null}},"67":{"start":{"line":303,"column":0},"end":{"line":303,"column":null}},"68":{"start":{"line":305,"column":0},"end":{"line":305,"column":null}},"69":{"start":{"line":309,"column":0},"end":{"line":309,"column":null}},"70":{"start":{"line":311,"column":0},"end":{"line":311,"column":null}},"71":{"start":{"line":312,"column":0},"end":{"line":312,"column":null}},"72":{"start":{"line":313,"column":0},"end":{"line":326,"column":null}},"73":{"start":{"line":315,"column":0},"end":{"line":315,"column":null}},"74":{"start":{"line":317,"column":0},"end":{"line":326,"column":null}},"75":{"start":{"line":319,"column":0},"end":{"line":319,"column":null}},"76":{"start":{"line":320,"column":0},"end":{"line":320,"column":null}},"77":{"start":{"line":321,"column":0},"end":{"line":326,"column":null}},"78":{"start":{"line":323,"column":0},"end":{"line":323,"column":null}},"79":{"start":{"line":325,"column":0},"end":{"line":325,"column":null}},"80":{"start":{"line":331,"column":0},"end":{"line":331,"column":null}},"81":{"start":{"line":332,"column":0},"end":{"line":332,"column":null}},"82":{"start":{"line":341,"column":0},"end":{"line":377,"column":null}},"83":{"start":{"line":343,"column":0},"end":{"line":343,"column":null}},"84":{"start":{"line":344,"column":0},"end":{"line":344,"column":null}},"85":{"start":{"line":349,"column":0},"end":{"line":349,"column":null}},"86":{"start":{"line":350,"column":0},"end":{"line":352,"column":null}},"87":{"start":{"line":351,"column":0},"end":{"line":351,"column":null}},"88":{"start":{"line":353,"column":0},"end":{"line":353,"column":null}},"89":{"start":{"line":354,"column":0},"end":{"line":354,"column":null}},"90":{"start":{"line":355,"column":0},"end":{"line":355,"column":null}},"91":{"start":{"line":356,"column":0},"end":{"line":356,"column":null}},"92":{"start":{"line":357,"column":0},"end":{"line":357,"column":null}},"93":{"start":{"line":358,"column":0},"end":{"line":358,"column":null}},"94":{"start":{"line":359,"column":0},"end":{"line":359,"column":null}},"95":{"start":{"line":361,"column":0},"end":{"line":361,"column":null}},"96":{"start":{"line":362,"column":0},"end":{"line":362,"column":null}},"97":{"start":{"line":365,"column":0},"end":{"line":365,"column":null}},"98":{"start":{"line":366,"column":0},"end":{"line":366,"column":null}},"99":{"start":{"line":367,"column":0},"end":{"line":376,"column":null}},"100":{"start":{"line":368,"column":0},"end":{"line":368,"column":null}},"101":{"start":{"line":369,"column":0},"end":{"line":371,"column":null}},"102":{"start":{"line":370,"column":0},"end":{"line":370,"column":null}},"103":{"start":{"line":372,"column":0},"end":{"line":376,"column":null}},"104":{"start":{"line":373,"column":0},"end":{"line":373,"column":null}},"105":{"start":{"line":374,"column":0},"end":{"line":376,"column":null}},"106":{"start":{"line":375,"column":0},"end":{"line":375,"column":null}},"107":{"start":{"line":380,"column":0},"end":{"line":394,"column":null}},"108":{"start":{"line":381,"column":0},"end":{"line":393,"column":null}},"109":{"start":{"line":383,"column":0},"end":{"line":383,"column":null}},"110":{"start":{"line":384,"column":0},"end":{"line":384,"column":null}},"111":{"start":{"line":385,"column":0},"end":{"line":385,"column":null}},"112":{"start":{"line":387,"column":0},"end":{"line":392,"column":null}},"113":{"start":{"line":388,"column":0},"end":{"line":388,"column":null}},"114":{"start":{"line":389,"column":0},"end":{"line":389,"column":null}},"115":{"start":{"line":395,"column":0},"end":{"line":395,"column":null}},"116":{"start":{"line":398,"column":0},"end":{"line":400,"column":null}},"117":{"start":{"line":399,"column":0},"end":{"line":399,"column":null}},"118":{"start":{"line":401,"column":0},"end":{"line":401,"column":null}},"119":{"start":{"line":404,"column":0},"end":{"line":420,"column":null}},"120":{"start":{"line":405,"column":0},"end":{"line":405,"column":null}},"121":{"start":{"line":407,"column":0},"end":{"line":407,"column":null}},"122":{"start":{"line":408,"column":0},"end":{"line":419,"column":null}},"123":{"start":{"line":410,"column":0},"end":{"line":410,"column":null}},"124":{"start":{"line":411,"column":0},"end":{"line":419,"column":null}},"125":{"start":{"line":412,"column":0},"end":{"line":412,"column":null}},"126":{"start":{"line":414,"column":0},"end":{"line":414,"column":null}},"127":{"start":{"line":415,"column":0},"end":{"line":418,"column":null}},"128":{"start":{"line":416,"column":0},"end":{"line":416,"column":null}},"129":{"start":{"line":417,"column":0},"end":{"line":417,"column":null}},"130":{"start":{"line":423,"column":0},"end":{"line":437,"column":null}},"131":{"start":{"line":424,"column":0},"end":{"line":424,"column":null}},"132":{"start":{"line":426,"column":0},"end":{"line":426,"column":null}},"133":{"start":{"line":427,"column":0},"end":{"line":436,"column":null}},"134":{"start":{"line":428,"column":0},"end":{"line":428,"column":null}},"135":{"start":{"line":429,"column":0},"end":{"line":436,"column":null}},"136":{"start":{"line":430,"column":0},"end":{"line":430,"column":null}},"137":{"start":{"line":432,"column":0},"end":{"line":435,"column":null}},"138":{"start":{"line":433,"column":0},"end":{"line":433,"column":null}},"139":{"start":{"line":434,"column":0},"end":{"line":434,"column":null}},"140":{"start":{"line":440,"column":0},"end":{"line":440,"column":null}},"141":{"start":{"line":441,"column":0},"end":{"line":443,"column":null}},"142":{"start":{"line":442,"column":0},"end":{"line":442,"column":null}},"143":{"start":{"line":444,"column":0},"end":{"line":444,"column":null}},"144":{"start":{"line":447,"column":0},"end":{"line":451,"column":null}},"145":{"start":{"line":448,"column":0},"end":{"line":448,"column":null}},"146":{"start":{"line":450,"column":0},"end":{"line":450,"column":null}},"147":{"start":{"line":452,"column":0},"end":{"line":452,"column":null}},"148":{"start":{"line":455,"column":0},"end":{"line":455,"column":null}},"149":{"start":{"line":456,"column":0},"end":{"line":456,"column":null}},"150":{"start":{"line":460,"column":0},"end":{"line":460,"column":null}},"151":{"start":{"line":461,"column":0},"end":{"line":466,"column":null}},"152":{"start":{"line":462,"column":0},"end":{"line":464,"column":null}},"153":{"start":{"line":463,"column":0},"end":{"line":463,"column":null}},"154":{"start":{"line":465,"column":0},"end":{"line":465,"column":null}},"155":{"start":{"line":467,"column":0},"end":{"line":472,"column":null}},"156":{"start":{"line":468,"column":0},"end":{"line":470,"column":null}},"157":{"start":{"line":469,"column":0},"end":{"line":469,"column":null}},"158":{"start":{"line":471,"column":0},"end":{"line":471,"column":null}},"159":{"start":{"line":473,"column":0},"end":{"line":490,"column":null}},"160":{"start":{"line":474,"column":0},"end":{"line":488,"column":null}},"161":{"start":{"line":475,"column":0},"end":{"line":475,"column":null}},"162":{"start":{"line":476,"column":0},"end":{"line":479,"column":null}},"163":{"start":{"line":478,"column":0},"end":{"line":478,"column":null}},"164":{"start":{"line":480,"column":0},"end":{"line":480,"column":null}},"165":{"start":{"line":481,"column":0},"end":{"line":486,"column":null}},"166":{"start":{"line":482,"column":0},"end":{"line":482,"column":null}},"167":{"start":{"line":484,"column":0},"end":{"line":484,"column":null}},"168":{"start":{"line":485,"column":0},"end":{"line":485,"column":null}},"169":{"start":{"line":487,"column":0},"end":{"line":487,"column":null}},"170":{"start":{"line":489,"column":0},"end":{"line":489,"column":null}},"171":{"start":{"line":492,"column":0},"end":{"line":529,"column":null}},"172":{"start":{"line":493,"column":0},"end":{"line":493,"column":null}},"173":{"start":{"line":494,"column":0},"end":{"line":499,"column":null}},"174":{"start":{"line":495,"column":0},"end":{"line":497,"column":null}},"175":{"start":{"line":496,"column":0},"end":{"line":496,"column":null}},"176":{"start":{"line":498,"column":0},"end":{"line":498,"column":null}},"177":{"start":{"line":500,"column":0},"end":{"line":529,"column":null}},"178":{"start":{"line":501,"column":0},"end":{"line":501,"column":null}},"179":{"start":{"line":503,"column":0},"end":{"line":503,"column":null}},"180":{"start":{"line":505,"column":0},"end":{"line":505,"column":null}},"181":{"start":{"line":507,"column":0},"end":{"line":507,"column":null}},"182":{"start":{"line":509,"column":0},"end":{"line":524,"column":null}},"183":{"start":{"line":510,"column":0},"end":{"line":520,"column":null}},"184":{"start":{"line":511,"column":0},"end":{"line":519,"column":null}},"185":{"start":{"line":512,"column":0},"end":{"line":512,"column":null}},"186":{"start":{"line":514,"column":0},"end":{"line":514,"column":null}},"187":{"start":{"line":515,"column":0},"end":{"line":517,"column":null}},"188":{"start":{"line":516,"column":0},"end":{"line":516,"column":null}},"189":{"start":{"line":518,"column":0},"end":{"line":518,"column":null}},"190":{"start":{"line":521,"column":0},"end":{"line":523,"column":null}},"191":{"start":{"line":522,"column":0},"end":{"line":522,"column":null}},"192":{"start":{"line":525,"column":0},"end":{"line":525,"column":null}},"193":{"start":{"line":527,"column":0},"end":{"line":527,"column":null}},"194":{"start":{"line":532,"column":0},"end":{"line":532,"column":null}},"195":{"start":{"line":533,"column":0},"end":{"line":544,"column":null}},"196":{"start":{"line":534,"column":0},"end":{"line":534,"column":null}},"197":{"start":{"line":539,"column":0},"end":{"line":541,"column":null}},"198":{"start":{"line":540,"column":0},"end":{"line":540,"column":null}},"199":{"start":{"line":543,"column":0},"end":{"line":543,"column":null}},"200":{"start":{"line":547,"column":0},"end":{"line":547,"column":null}},"201":{"start":{"line":548,"column":0},"end":{"line":548,"column":null}},"202":{"start":{"line":550,"column":0},"end":{"line":550,"column":null}},"203":{"start":{"line":551,"column":0},"end":{"line":556,"column":null}},"204":{"start":{"line":552,"column":0},"end":{"line":552,"column":null}},"205":{"start":{"line":553,"column":0},"end":{"line":555,"column":null}},"206":{"start":{"line":554,"column":0},"end":{"line":554,"column":null}},"207":{"start":{"line":557,"column":0},"end":{"line":557,"column":null}},"208":{"start":{"line":558,"column":0},"end":{"line":558,"column":null}},"209":{"start":{"line":559,"column":0},"end":{"line":559,"column":null}},"210":{"start":{"line":564,"column":0},"end":{"line":570,"column":null}},"211":{"start":{"line":565,"column":0},"end":{"line":565,"column":null}},"212":{"start":{"line":566,"column":0},"end":{"line":566,"column":null}},"213":{"start":{"line":568,"column":0},"end":{"line":568,"column":null}},"214":{"start":{"line":569,"column":0},"end":{"line":569,"column":null}},"215":{"start":{"line":573,"column":0},"end":{"line":575,"column":null}},"216":{"start":{"line":574,"column":0},"end":{"line":574,"column":null}},"217":{"start":{"line":578,"column":0},"end":{"line":578,"column":null}}},"fnMap":{"0":{"name":"(anonymous_1)","decl":{"start":{"line":104,"column":0},"end":{"line":104,"column":null}},"loc":{"start":{"line":104,"column":0},"end":{"line":111,"column":null}}},"1":{"name":"(anonymous_2)","decl":{"start":{"line":105,"column":0},"end":{"line":105,"column":null}},"loc":{"start":{"line":105,"column":0},"end":{"line":109,"column":null}}},"2":{"name":"(anonymous_3)","decl":{"start":{"line":166,"column":0},"end":{"line":166,"column":null}},"loc":{"start":{"line":166,"column":0},"end":{"line":187,"column":null}}},"3":{"name":"(anonymous_4)","decl":{"start":{"line":188,"column":0},"end":{"line":188,"column":null}},"loc":{"start":{"line":188,"column":0},"end":{"line":208,"column":null}}},"4":{"name":"(anonymous_5)","decl":{"start":{"line":202,"column":0},"end":{"line":202,"column":null}},"loc":{"start":{"line":202,"column":0},"end":{"line":202,"column":null}}},"5":{"name":"(anonymous_6)","decl":{"start":{"line":205,"column":0},"end":{"line":205,"column":null}},"loc":{"start":{"line":205,"column":0},"end":{"line":205,"column":null}}},"6":{"name":"(anonymous_7)","decl":{"start":{"line":209,"column":0},"end":{"line":209,"column":null}},"loc":{"start":{"line":209,"column":0},"end":{"line":211,"column":null}}},"7":{"name":"(anonymous_8)","decl":{"start":{"line":212,"column":0},"end":{"line":212,"column":null}},"loc":{"start":{"line":212,"column":0},"end":{"line":224,"column":null}}},"8":{"name":"(anonymous_9)","decl":{"start":{"line":226,"column":0},"end":{"line":226,"column":null}},"loc":{"start":{"line":226,"column":0},"end":{"line":228,"column":null}}},"9":{"name":"(anonymous_10)","decl":{"start":{"line":229,"column":0},"end":{"line":229,"column":null}},"loc":{"start":{"line":229,"column":0},"end":{"line":237,"column":null}}},"10":{"name":"(anonymous_11)","decl":{"start":{"line":231,"column":0},"end":{"line":231,"column":null}},"loc":{"start":{"line":231,"column":0},"end":{"line":235,"column":null}}},"11":{"name":"(anonymous_12)","decl":{"start":{"line":238,"column":0},"end":{"line":238,"column":null}},"loc":{"start":{"line":238,"column":0},"end":{"line":242,"column":null}}},"12":{"name":"(anonymous_13)","decl":{"start":{"line":239,"column":0},"end":{"line":239,"column":null}},"loc":{"start":{"line":239,"column":0},"end":{"line":241,"column":null}}},"13":{"name":"(anonymous_14)","decl":{"start":{"line":240,"column":0},"end":{"line":240,"column":null}},"loc":{"start":{"line":240,"column":0},"end":{"line":240,"column":null}}},"14":{"name":"(anonymous_15)","decl":{"start":{"line":241,"column":0},"end":{"line":241,"column":null}},"loc":{"start":{"line":241,"column":0},"end":{"line":241,"column":null}}},"15":{"name":"(anonymous_16)","decl":{"start":{"line":243,"column":0},"end":{"line":243,"column":null}},"loc":{"start":{"line":243,"column":0},"end":{"line":257,"column":null}}},"16":{"name":"(anonymous_17)","decl":{"start":{"line":245,"column":0},"end":{"line":245,"column":null}},"loc":{"start":{"line":245,"column":0},"end":{"line":255,"column":null}}},"17":{"name":"(anonymous_18)","decl":{"start":{"line":258,"column":0},"end":{"line":258,"column":null}},"loc":{"start":{"line":258,"column":0},"end":{"line":266,"column":null}}},"18":{"name":"(anonymous_19)","decl":{"start":{"line":260,"column":0},"end":{"line":260,"column":null}},"loc":{"start":{"line":260,"column":0},"end":{"line":260,"column":null}}},"19":{"name":"(anonymous_20)","decl":{"start":{"line":268,"column":0},"end":{"line":268,"column":null}},"loc":{"start":{"line":268,"column":0},"end":{"line":270,"column":null}}},"20":{"name":"(anonymous_21)","decl":{"start":{"line":271,"column":0},"end":{"line":271,"column":null}},"loc":{"start":{"line":271,"column":0},"end":{"line":274,"column":null}}},"21":{"name":"(anonymous_22)","decl":{"start":{"line":277,"column":0},"end":{"line":277,"column":null}},"loc":{"start":{"line":277,"column":0},"end":{"line":279,"column":null}}},"22":{"name":"(anonymous_23)","decl":{"start":{"line":280,"column":0},"end":{"line":280,"column":null}},"loc":{"start":{"line":280,"column":0},"end":{"line":286,"column":null}}},"23":{"name":"(anonymous_24)","decl":{"start":{"line":282,"column":0},"end":{"line":282,"column":null}},"loc":{"start":{"line":282,"column":0},"end":{"line":282,"column":null}}},"24":{"name":"(anonymous_25)","decl":{"start":{"line":290,"column":0},"end":{"line":290,"column":null}},"loc":{"start":{"line":290,"column":0},"end":{"line":296,"column":null}}},"25":{"name":"(anonymous_26)","decl":{"start":{"line":297,"column":0},"end":{"line":297,"column":null}},"loc":{"start":{"line":297,"column":0},"end":{"line":300,"column":null}}},"26":{"name":"(anonymous_27)","decl":{"start":{"line":301,"column":0},"end":{"line":301,"column":null}},"loc":{"start":{"line":301,"column":0},"end":{"line":307,"column":null}}},"27":{"name":"(anonymous_28)","decl":{"start":{"line":308,"column":0},"end":{"line":308,"column":null}},"loc":{"start":{"line":308,"column":0},"end":{"line":329,"column":null}}},"28":{"name":"(anonymous_29)","decl":{"start":{"line":310,"column":0},"end":{"line":310,"column":null}},"loc":{"start":{"line":310,"column":0},"end":{"line":327,"column":null}}},"29":{"name":"(anonymous_30)","decl":{"start":{"line":330,"column":0},"end":{"line":330,"column":null}},"loc":{"start":{"line":330,"column":0},"end":{"line":333,"column":null}}},"30":{"name":"(anonymous_31)","decl":{"start":{"line":340,"column":0},"end":{"line":340,"column":null}},"loc":{"start":{"line":340,"column":0},"end":{"line":378,"column":null}}},"31":{"name":"(anonymous_32)","decl":{"start":{"line":368,"column":0},"end":{"line":368,"column":null}},"loc":{"start":{"line":368,"column":0},"end":{"line":368,"column":null}}},"32":{"name":"(anonymous_33)","decl":{"start":{"line":379,"column":0},"end":{"line":379,"column":null}},"loc":{"start":{"line":379,"column":0},"end":{"line":396,"column":null}}},"33":{"name":"(anonymous_34)","decl":{"start":{"line":397,"column":0},"end":{"line":397,"column":null}},"loc":{"start":{"line":397,"column":0},"end":{"line":402,"column":null}}},"34":{"name":"(anonymous_35)","decl":{"start":{"line":403,"column":0},"end":{"line":403,"column":null}},"loc":{"start":{"line":403,"column":0},"end":{"line":421,"column":null}}},"35":{"name":"(anonymous_36)","decl":{"start":{"line":407,"column":0},"end":{"line":407,"column":null}},"loc":{"start":{"line":407,"column":0},"end":{"line":407,"column":null}}},"36":{"name":"(anonymous_37)","decl":{"start":{"line":422,"column":0},"end":{"line":422,"column":null}},"loc":{"start":{"line":422,"column":0},"end":{"line":438,"column":null}}},"37":{"name":"(anonymous_38)","decl":{"start":{"line":426,"column":0},"end":{"line":426,"column":null}},"loc":{"start":{"line":426,"column":0},"end":{"line":426,"column":null}}},"38":{"name":"(anonymous_39)","decl":{"start":{"line":439,"column":0},"end":{"line":439,"column":null}},"loc":{"start":{"line":439,"column":0},"end":{"line":445,"column":null}}},"39":{"name":"(anonymous_40)","decl":{"start":{"line":446,"column":0},"end":{"line":446,"column":null}},"loc":{"start":{"line":446,"column":0},"end":{"line":453,"column":null}}},"40":{"name":"(anonymous_41)","decl":{"start":{"line":454,"column":0},"end":{"line":454,"column":null}},"loc":{"start":{"line":454,"column":0},"end":{"line":457,"column":null}}},"41":{"name":"(anonymous_42)","decl":{"start":{"line":456,"column":0},"end":{"line":456,"column":null}},"loc":{"start":{"line":456,"column":0},"end":{"line":456,"column":null}}},"42":{"name":"(anonymous_43)","decl":{"start":{"line":458,"column":0},"end":{"line":458,"column":null}},"loc":{"start":{"line":458,"column":0},"end":{"line":530,"column":null}}},"43":{"name":"(anonymous_44)","decl":{"start":{"line":461,"column":0},"end":{"line":461,"column":null}},"loc":{"start":{"line":461,"column":0},"end":{"line":466,"column":null}}},"44":{"name":"(anonymous_45)","decl":{"start":{"line":467,"column":0},"end":{"line":467,"column":null}},"loc":{"start":{"line":467,"column":0},"end":{"line":472,"column":null}}},"45":{"name":"(anonymous_46)","decl":{"start":{"line":476,"column":0},"end":{"line":476,"column":null}},"loc":{"start":{"line":476,"column":0},"end":{"line":479,"column":null}}},"46":{"name":"(anonymous_47)","decl":{"start":{"line":531,"column":0},"end":{"line":531,"column":null}},"loc":{"start":{"line":531,"column":0},"end":{"line":545,"column":null}}},"47":{"name":"(anonymous_48)","decl":{"start":{"line":532,"column":0},"end":{"line":532,"column":null}},"loc":{"start":{"line":532,"column":0},"end":{"line":532,"column":null}}},"48":{"name":"(anonymous_49)","decl":{"start":{"line":546,"column":0},"end":{"line":546,"column":null}},"loc":{"start":{"line":546,"column":0},"end":{"line":560,"column":null}}},"49":{"name":"(anonymous_50)","decl":{"start":{"line":563,"column":0},"end":{"line":563,"column":null}},"loc":{"start":{"line":563,"column":0},"end":{"line":571,"column":null}}},"50":{"name":"(anonymous_51)","decl":{"start":{"line":565,"column":0},"end":{"line":565,"column":null}},"loc":{"start":{"line":565,"column":0},"end":{"line":565,"column":null}}},"51":{"name":"(anonymous_52)","decl":{"start":{"line":572,"column":0},"end":{"line":572,"column":null}},"loc":{"start":{"line":572,"column":0},"end":{"line":576,"column":null}}},"52":{"name":"(anonymous_53)","decl":{"start":{"line":577,"column":0},"end":{"line":577,"column":null}},"loc":{"start":{"line":577,"column":0},"end":{"line":579,"column":null}}}},"branchMap":{"0":{"loc":{"start":{"line":110,"column":0},"end":{"line":110,"column":null}},"type":"cond-expr","locations":[{"start":{"line":110,"column":0},"end":{"line":110,"column":null}},{"start":{"line":110,"column":0},"end":{"line":110,"column":null}}]},"1":{"loc":{"start":{"line":189,"column":0},"end":{"line":200,"column":null}},"type":"if","locations":[{"start":{"line":189,"column":0},"end":{"line":200,"column":null}},{"start":{"line":189,"column":0},"end":{"line":200,"column":null}}]},"2":{"loc":{"start":{"line":194,"column":0},"end":{"line":197,"column":null}},"type":"if","locations":[{"start":{"line":194,"column":0},"end":{"line":197,"column":null}},{"start":{"line":194,"column":0},"end":{"line":197,"column":null}}]},"3":{"loc":{"start":{"line":201,"column":0},"end":{"line":203,"column":null}},"type":"if","locations":[{"start":{"line":201,"column":0},"end":{"line":203,"colu
[...]
,"C:\\Users\\dinhn\\Workspace\\Arbeit\\IG\\dis\\src\\util\\deepCompareObjects.js": {"path":"C:\\Users\\dinhn\\Workspace\\Arbeit\\IG\\dis\\src\\util\\deepCompareObjects.js","statementMap":{"0":{"start":{"line":11,"column":2},"end":{"line":11,"column":88}},"1":{"start":{"line":11,"column":72},"end":{"line":11,"column":86}},"2":{"start":{"line":13,"column":2},"end":{"line":13,"column":55}},"3":{"start":{"line":13,"column":41},"end":{"line":13,"column":53}},"4":{"start":{"line":15,"column":2},"end":{"line":15,"column":47}},"5":{"start":{"line":15,"column":31},"end":{"line":15,"column":45}},"6":{"start":{"line":17,"column":2},"end":{"line":17,"column":45}},"7":{"start":{"line":17,"column":29},"end":{"line":17,"column":43}},"8":{"start":{"line":18,"column":2},"end":{"line":18,"column":61}},"9":{"start":{"line":18,"column":48},"end":{"line":18,"column":59}},"10":{"start":{"line":19,"column":2},"end":{"line":19,"column":65}},"11":{"start":{"line":19,"column":51},"end":{"line":19,"column":63}},"12":{"start":{"line":22,"column":2},"end":{"line":22,"column":41}},"13":{"start":{"line":22,"column":27},"end":{"line":22,"column":39}},"14":{"start":{"line":25,"column":2},"end":{"line":25,"column":46}},"15":{"start":{"line":25,"column":32},"end":{"line":25,"column":44}},"16":{"start":{"line":26,"column":2},"end":{"line":26,"column":46}},"17":{"start":{"line":26,"column":32},"end":{"line":26,"column":44}},"18":{"start":{"line":29,"column":10},"end":{"line":29,"column":24}},"19":{"start":{"line":30,"column":2},"end":{"line":31,"column":67}},"20":{"start":{"line":30,"column":45},"end":{"line":30,"column":71}},"21":{"start":{"line":31,"column":27},"end":{"line":31,"column":64}}},"fnMap":{"0":{"name":"deepCompareObjects","decl":{"start":{"line":8,"column":24},"end":{"line":8,"column":42}},"loc":{"start":{"line":8,"column":50},"end":{"line":32,"column":1}},"line":8},"1":{"name":"(anonymous_1)","decl":{"start":{"line":30,"column":30},"end":{"line":30,"column":31}},"loc":{"start":{"line":30,"column":43},"end":{"line":30,"column":73}},"line":30},"2":{"name":"(anonymous_2)","decl":{"start":{"line":31,"column":12},"end":{"line":31,"column":13}},"loc":{"start":{"line":31,"column":25},"end":{"line":31,"column":66}},"line":31}},"branchMap":{"0":{"loc":{"start":{"line":11,"column":2},"end":{"line":11,"column":88}},"type":"if","locations":[{"start":{"line":11,"column":2},"end":{"line":11,"column":88}},{"start":{"line":11,"column":2},"end":{"line":11,"column":88}}],"line":11},"1":{"loc":{"start":{"line":11,"column":6},"end":{"line":11,"column":68}},"type":"binary-expr","locations":[{"start":{"line":11,"column":6},"end":{"line":11,"column":16}},{"start":{"line":11,"column":20},"end":{"line":11,"column":35}},{"start":{"line":11,"column":39},"end":{"line":11,"column":49}},{"start":{"line":11,"column":53},"end":{"line":11,"column":68}}],"line":11},"2":{"loc":{"start":{"line":13,"column":2},"end":{"line":13,"column":55}},"type":"if","locations":[{"start":{"line":13,"column":2},"end":{"line":13,"column":55}},{"start":{"line":13,"column":2},"end":{"line":13,"column":55}}],"line":13},"3":{"loc":{"start":{"line":15,"column":2},"end":{"line":15,"column":47}},"type":"if","locations":[{"start":{"line":15,"column":2},"end":{"line":15,"column":47}},{"start":{"line":15,"column":2},"end":{"line":15,"column":47}}],"line":15},"4":{"loc":{"start":{"line":17,"column":2},"end":{"line":17,"column":45}},"type":"if","locations":[{"start":{"line":17,"column":2},"end":{"line":17,"column":45}},{"start":{"line":17,"column":2},"end":{"line":17,"column":45}}],"line":17},"5":{"loc":{"start":{"line":18,"column":2},"end":{"line":18,"column":61}},"type":"if","locations":[{"start":{"line":18,"column":2},"end":{"line":18,"column":61}},{"start":{"line":18,"column":2},"end":{"line":18,"column":61}}],"line":18},"6":{"loc":{"start":{"line":18,"column":6},"end":{"line":18,"column":44}},"type":"binary-expr","locations":[{"start":{"line":18,"column":6},"end":{"line":18,"column":13}},{"start":{"line":18,"column":17},"end":{"line":18,"column":44}}],"line":18},"7":{"loc":{"start":{"line":19,"column":2},"end":{"line":19,"column":65}},"type":"if","locations":[{"start":{"line":19,"column":2},"end":{"line":19,"column":65}},{"start":{"line":19,"column":2},"end":{"line":19,"column":65}}],"line":19},"8":{"loc":{"start":{"line":19,"column":6},"end":{"line":19,"column":47}},"type":"binary-expr","locations":[{"start":{"line":19,"column":6},"end":{"line":19,"column":22}},{"start":{"line":19,"column":26},"end":{"line":19,"column":47}}],"line":19},"9":{"loc":{"start":{"line":22,"column":2},"end":{"line":22,"column":41}},"type":"if","locations":[{"start":{"line":22,"column":2},"end":{"line":22,"column":41}},{"start":{"line":22,"column":2},"end":{"line":22,"column":41}}],"line":22},"10":{"loc":{"start":{"line":25,"column":2},"end":{"line":25,"column":46}},"type":"if","locations":[{"start":{"line":25,"column":2},"end":{"line":25,"column":46}},{"start":{"line":25,"column":2},"end":{"line":25,"column":46}}],"line":25},"11":{"loc":{"start":{"line":26,"column":2},"end":{"line":26,"column":46}},"type":"if","locations":[{"start":{"line":26,"column":2},"end":{"line":26,"column":46}},{"start":{"line":26,"column":2},"end":{"line":26,"column":46}}],"line":26},"12":{"loc":{"start":{"line":30,"column":9},"end":{"line":31,"column":67}},"type":"binary-expr","locations":[{"start":{"line":30,"column":9},"end":{"line":30,"column":74}},{"start":{"line":31,"column":4},"end":{"line":31,"column":67}}],"line":30}},"s":{"0":0,"1":0,"2":0,"3":0,"4":0,"5":0,"6":0,"7":0,"8":0,"9":0,"10":0,"11":0,"12":0,"13":0,"14":0,"15":0,"16":0,"17":0,"18":0,"19":0,"20":0,"21":0},"f":{"0":0,"1":0,"2":0},"b":{"0":[0,0],"1":[0,0,0,0],"2":[0,0],"3":[0,0],"4":[0,0],"5":[0,0],"6":[0,0],"7":[0,0],"8":[0,0],"9":[0,0],"10":[0,0],"11":[0,0],"12":[0,0]},"_coverageSchema":"43e27e138ebf9cfc5966b082cf9a028302ed4184","hash":"364088a862ac3db72347768643e89991b4468b75"}
,"C:\\Users\\dinhn\\Workspace\\Arbeit\\IG\\dis\\src\\util\\modernizr-build.js": {"path":"C:\\Users\\dinhn\\Workspace\\Arbeit\\IG\\dis\\src\\util\\modernizr-build.js","statementMap":{"0":{"start":{"line":5,"column":0},"end":{"line":5,"column":2277}},"1":{"start":{"line":5,"column":33},"end":{"line":5,"column":52}},"2":{"start":{"line":5,"column":84},"end":{"line":5,"column":582}},"3":{"start":{"line":5,"column":99},"end":{"line":5,"column":582}},"4":{"start":{"line":5,"column":123},"end":{"line":5,"column":314}},"5":{"start":{"line":5,"column":232},"end":{"line":5,"column":314}},"6":{"start":{"line":5,"column":271},"end":{"line":5,"column":314}},"7":{"start":{"line":5,"column":314},"end":{"line":5,"column":581}},"8":{"start":{"line":5,"column":370},"end":{"line":5,"column":581}},"9":{"start":{"line":5,"column":603},"end":{"line":5,"column":614}},"10":{"start":{"line":5,"column":617},"end":{"line":5,"column":650}},"11":{"start":{"line":5,"column":651},"end":{"line":5,"column":778}},"12":{"start":{"line":5,"column":710},"end":{"line":5,"column":748}},"13":{"start":{"line":5,"column":749},"end":{"line":5,"column":777}},"14":{"start":{"line":5,"column":778},"end":{"line":5,"column":873}},"15":{"start":{"line":5,"column":887},"end":{"line":5,"column":1062}},"16":{"start":{"line":5,"column":1069},"end":{"line":5,"column":1071}},"17":{"start":{"line":5,"column":1074},"end":{"line":5,"column":1076}},"18":{"start":{"line":5,"column":1079},"end":{"line":5,"column":1348}},"19":{"start":{"line":5,"column":1200},"end":{"line":5,"column":1204}},"20":{"start":{"line":5,"column":1205},"end":{"line":5,"column":1238}},"21":{"start":{"line":5,"column":1227},"end":{"line":5,"column":1234}},"22":{"start":{"line":5,"column":1264},"end":{"line":5,"column":1295}},"23":{"start":{"line":5,"column":1322},"end":{"line":5,"column":1346}},"24":{"start":{"line":5,"column":1359},"end":{"line":5,"column":1371}},"25":{"start":{"line":5,"column":1372},"end":{"line":5,"column":1418}},"26":{"start":{"line":5,"column":1424},"end":{"line":5,"column":1441}},"27":{"start":{"line":5,"column":1444},"end":{"line":5,"column":1476}},"28":{"start":{"line":5,"column":1479},"end":{"line":5,"column":1489}},"29":{"start":{"line":5,"column":1492},"end":{"line":5,"column":1589}},"30":{"start":{"line":5,"column":1592},"end":{"line":5,"column":1594}},"31":{"start":{"line":5,"column":1595},"end":{"line":5,"column":2181}},"32":{"start":{"line":5,"column":1628},"end":{"line":5,"column":2120}},"33":{"start":{"line":5,"column":1644},"end":{"line":5,"column":1652}},"34":{"start":{"line":5,"column":1655},"end":{"line":5,"column":1659}},"35":{"start":{"line":5,"column":1662},"end":{"line":5,"column":1663}},"36":{"start":{"line":5,"column":1672},"end":{"line":5,"column":2120}},"37":{"start":{"line":5,"column":2120},"end":{"line":5,"column":2128}},"38":{"start":{"line":5,"column":2181},"end":{"line":5,"column":2237}},"39":{"start":{"line":5,"column":2191},"end":{"line":5,"column":2192}},"40":{"start":{"line":5,"column":2219},"end":{"line":5,"column":2237}},"41":{"start":{"line":5,"column":2237},"end":{"line":5,"column":2258}}},"fnMap":{"0":{"name":"(anonymous_0)","decl":{"start":{"line":5,"column":1},"end":{"line":5,"column":2}},"loc":{"start":{"line":5,"column":16},"end":{"line":5,"column":2259}},"line":5},"1":{"name":"a","decl":{"start":{"line":5,"column":26},"end":{"line":5,"column":27}},"loc":{"start":{"line":5,"column":32},"end":{"line":5,"column":53}},"line":5},"2":{"name":"s","decl":{"start":{"line":5,"column":62},"end":{"line":5,"column":63}},"loc":{"start":{"line":5,"column":65},"end":{"line":5,"column":583}},"line":5},"3":{"name":"i","decl":{"start":{"line":5,"column":592},"end":{"line":5,"column":593}},"loc":{"start":{"line":5,"column":596},"end":{"line":5,"column":874}},"line":5},"4":{"name":"o","decl":{"start":{"line":5,"column":883},"end":{"line":5,"column":884}},"loc":{"start":{"line":5,"column":886},"end":{"line":5,"column":1063}},"line":5},"5":{"name":"(anonymous_5)","decl":{"start":{"line":5,"column":1180},"end":{"line":5,"column":1181}},"loc":{"start":{"line":5,"column":1193},"end":{"line":5,"column":1239}},"line":5},"6":{"name":"(anonymous_6)","decl":{"start":{"line":5,"column":1216},"end":{"line":5,"column":1217}},"loc":{"start":{"line":5,"column":1226},"end":{"line":5,"column":1235}},"line":5},"7":{"name":"(anonymous_7)","decl":{"start":{"line":5,"column":1248},"end":{"line":5,"column":1249}},"loc":{"start":{"line":5,"column":1263},"end":{"line":5,"column":1296}},"line":5},"8":{"name":"(anonymous_8)","decl":{"start":{"line":5,"column":1310},"end":{"line":5,"column":1311}},"loc":{"start":{"line":5,"column":1321},"end":{"line":5,"column":1347}},"line":5},"9":{"name":"(anonymous_9)","decl":{"start":{"line":5,"column":1359},"end":{"line":5,"column":1360}},"loc":{"start":{"line":5,"column":1369},"end":{"line":5,"column":1371}},"line":5},"10":{"name":"(anonymous_10)","decl":{"start":{"line":5,"column":1616},"end":{"line":5,"column":1617}},"loc":{"start":{"line":5,"column":1627},"end":{"line":5,"column":2129}},"line":5}},"branchMap":{"0":{"loc":{"start":{"line":5,"column":99},"end":{"line":5,"column":582}},"type":"if","locations":[{"start":{"line":5,"column":99},"end":{"line":5,"column":582}},{"start":{"line":5,"column":99},"end":{"line":5,"column":582}}],"line":5},"1":{"loc":{"start":{"line":5,"column":123},"end":{"line":5,"column":314}},"type":"if","locations":[{"start":{"line":5,"column":123},"end":{"line":5,"column":314}},{"start":{"line":5,"column":123},"end":{"line":5,"column":314}}],"line":5},"2":{"loc":{"start":{"line":5,"column":138},"end":{"line":5,"column":231}},"type":"binary-expr","locations":[{"start":{"line":5,"column":138},"end":{"line":5,"column":144}},{"start":{"line":5,"column":147},"end":{"line":5,"column":230}}],"line":5},"3":{"loc":{"start":{"line":5,"column":176},"end":{"line":5,"column":230}},"type":"binary-expr","locations":[{"start":{"line":5,"column":176},"end":{"line":5,"column":185}},{"start":{"line":5,"column":187},"end":{"line":5,"column":204}},{"start":{"line":5,"column":206},"end":{"line":5,"column":230}}],"line":5},"4":{"loc":{"start":{"line":5,"column":320},"end":{"line":5,"column":350}},"type":"cond-expr","locations":[{"start":{"line":5,"column":339},"end":{"line":5,"column":345}},{"start":{"line":5,"column":346},"end":{"line":5,"column":350}}],"line":5},"5":{"loc":{"start":{"line":5,"column":392},"end":{"line":5,"column":548}},"type":"cond-expr","locations":[{"start":{"line":5,"column":405},"end":{"line":5,"column":422}},{"start":{"line":5,"column":424},"end":{"line":5,"column":547}}],"line":5},"6":{"loc":{"start":{"line":5,"column":424},"end":{"line":5,"column":523}},"type":"binary-expr","locations":[{"start":{"line":5,"column":424},"end":{"line":5,"column":440}},{"start":{"line":5,"column":442},"end":{"line":5,"column":475}},{"start":{"line":5,"column":478},"end":{"line":5,"column":522}}],"line":5},"7":{"loc":{"start":{"line":5,"column":557},"end":{"line":5,"column":567}},"type":"cond-expr","locations":[{"start":{"line":5,"column":559},"end":{"line":5,"column":561}},{"start":{"line":5,"column":562},"end":{"line":5,"column":567}}],"line":5},"8":{"loc":{"start":{"line":5,"column":617},"end":{"line":5,"column":650}},"type":"binary-expr","locations":[{"start":{"line":5,"column":617},"end":{"line":5,"column":646}},{"start":{"line":5,"column":648},"end":{"line":5,"column":650}}],"line":5},"9":{"loc":{"start":{"line":5,"column":651},"end":{"line":5,"column":778}},"type":"if","locations":[{"start":{"line":5,"column":651},"end":{"line":5,"column":778}},{"start":{"line":5,"column":651},"end":{"line":5,"column":778}}],"line":5},"10":{"loc":{"start":{"line":5,"column":654},"end":{"line":5,"column":670}},"type":"binary-expr","locations":[{"start":{"line":5,"column":654},"end":{"line":5,"column":655}},{"start":{"line":5,"column":658},"end":{"line":5,"column":669}}],"line":5},"11":{"loc":{"start":{"line":5,"column":778},"end":{"line":5,"column":873}},"type":"binary-expr","locations":[{"start":{"line":5,"column":778},"end":{"line":5,"column":809}},{"start":{"line":5,"column":812},"end":{"line":5,"column":872}}],"line":5},"12":{"loc":{"start":{"line":5,"column":835},"end":{"line":5,"column":872}},"type":"cond-expr","locations":[{"start":{"line":5,"column":837},"end":{"line":5,"column":858}},{"start":{"line":5,"column":859},"end":{"line":5,"column":872}}],"line":5},"13":{"loc":{"start":{"line":5,"column":893},"end":{"line":5,"column":1062}},"type":"cond-expr","locations":[{"start":{"line":5,"column":928},"end":{"line":5,"column":957}},{"start":{"line":5,"column":958},"end":{"line":5,"column":1062}}],"line":5},"14":{"loc":{"start":{"line":5,"column":958},"end":{"line":5,"column":1062}},"type":"cond-expr","locations":[{"start":{"line":5,"column":960},"end":{"line":5,"column":1027}},{"start":{"line":5,"column":1028},"end":{"line":5,"column":1062}}],"line":5},"15":{"loc":{"start":{"line":5,"column":1704},"end":{"line":5,"column":1732}},"type":"binary-expr","locations":[{"start":{"line":5,"column":1704},"end":{"line":5,"column":1719}},{"start":{"line":5,"column":1721},"end":{"line":5,"column":1732}}],"line":5},"16":{"loc":{"start":{"line":5,"column":1733},"end":{"line":5,"column":2107}},"type":"binary-expr","locations":[{"start":{"line":5,"column":1733},"end":{"line":5,"column":1734}},{"start":{"line":5,"column":1737},"end":{"line":5,"column":2106}}],"line":5},"17":{"loc":{"start":{"line":5,"column":1802},"end":{"line":5,"column":2106}},"type":"cond-expr","locations":[{"start":{"line":5,"column":1851},"end":{"line":5,"column":2000}},{"start":{"line":5,"column":2002},"end":{"line":5,"column":2106}}],"line":5},"18":{"loc":{"start":{"line":5,"column":1802},"end":{"line":5,"column":1849}},"type":"binary-expr","locations":[{"start":{"line":5,"column":1802},"end":{"line":5,"column":1819}},{"start":{"line":5,"column":1821},"end":{"line":5,"column":1849}}],"line":5},"19":{"loc":{"start":{"line":5,"column":1886},"end":{"line":5,"column":1983}},"type":"binary-expr","locations":[{"start":{"line":5,"column":1886},"end":{"line":5,"column":1904}},{"start":{"line":5,"column":1906},"end":{"line":5,"column":1963}},{"start":{"line":5,"column":1965},"end":{"line":5,"column":1983}}],"line":5},"20":{"loc":{"start":{"line":5,"column":2002},"end":{"line":5,"column":2106}},"type":"binary-expr","locations":[{"start":{"line":5,"column":2002},"end":{"line":5,"column":2026}},{"start":{"line":5,"column":2029},"end":{"line":5,"column":2105}}],"line":5},"21":{"loc":{"start":{"line":5,"column":2031},"end":{"line":5,"column":2105}},"type":"cond-expr","locations":[{"start":{"line":5,"column":2055},"end":{"line":5,"column":2094}},{"start":{"line":5,"column":2095},"end":{"line":5,"column":2105}}],"line":5},"22":{"loc":{"start":{"line":5,"column":2055},"end":{"line":5,"column":2094}},"type":"binary-expr","locations":[{"start":{"line":5,"column":2055},"end":{"line":5,"column":2070}},{"start":{"line":5,"column":2072},"end":{"line":5,"column":2094}}],"line":5}},"s":{"0":0,"1":0,"2":0,"3":0,"4":0,"5":0,"6":0,"7":0,"8":0,"9":0,"10":0,"11":0,"12":0,"13":0,"14":0,"15":0,"16":0,"17":0,"18":0,"19":0,"20":0,"21":0,"22":0,"23":0,"24":0,"25":0,"26":0,"27":0,"28":0,"29":0,"30":0,"31":0,"32":0,"33":0,"34":0,"35":0,"36":0,"37":0,"38":0,"39":0,"40":0,"41":0},"f":{"0":0,"1":0,"2":0,"3":0,"4":0,"5":0,"6":0,"7":0,"8":0,"9":0,"10":0},"b":{"0":[0,0],"1":[0,0],"2":[0,0],"3":[0,0,0],"4":[0,0],"5":[0,0],"6":[0,0,0],"7":[0,0],"8":[0,0],"9":[0,0],"10":[0,0],"11":[0,0],"12":[0,0],"13":[0,0],"14":[0,0],"15":[0,0],"16":[0,0],"17":[0,0],"18":[0,0],"19":[0,0,0],"20":[0,0],"21":[0,0],"22":[0,0]},"hash":"e53e795713d57c98a70b10d574d805619efcd7a8"}
,"C:\\Users\\dinhn\\Workspace\\Arbeit\\IG\\dis\\src\\util\\shotrcuts.js": {"path":"C:\\Users\\dinhn\\Workspace\\Arbeit\\IG\\dis\\src\\util\\shotrcuts.js","statementMap":{"0":{"start":{"line":1,"column":23},"end":{"line":19,"column":1}}},"fnMap":{},"branchMap":{},"s":{"0":9},"f":{},"b":{},"_coverageSchema":"43e27e138ebf9cfc5966b082cf9a028302ed4184","hash":"148f2fe06ca645e6ead3696584b30ea5be1c2386"}
}
