TN:
SF:C:\Users\dinhn\Workspace\Arbeit\IG\dis\src\App.vue
FN:198,(anonymous_1)
FN:204,(anonymous_2)
FN:208,(anonymous_3)
FN:212,(anonymous_4)
FN:234,(anonymous_5)
FN:238,(anonymous_6)
FN:242,(anonymous_7)
FN:252,(anonymous_8)
FN:253,(anonymous_9)
FN:255,(anonymous_10)
FN:261,(anonymous_11)
FN:283,(anonymous_12)
FN:286,(anonymous_13)
FN:291,(anonymous_14)
FN:296,(anonymous_15)
FNF:15
FNH:0
FNDA:0,(anonymous_1)
FNDA:0,(anonymous_2)
FNDA:0,(anonymous_3)
FNDA:0,(anonymous_4)
FNDA:0,(anonymous_5)
FNDA:0,(anonymous_6)
FNDA:0,(anonymous_7)
FNDA:0,(anonymous_8)
FNDA:0,(anonymous_9)
FNDA:0,(anonymous_10)
FNDA:0,(anonymous_11)
FNDA:0,(anonymous_12)
FNDA:0,(anonymous_13)
FNDA:0,(anonymous_14)
FNDA:0,(anonymous_15)
DA:185,0
DA:186,0
DA:187,0
DA:188,0
DA:189,0
DA:190,0
DA:193,0
DA:198,0
DA:205,0
DA:206,0
DA:207,0
DA:208,0
DA:210,0
DA:211,0
DA:214,0
DA:217,0
DA:218,0
DA:220,0
DA:223,0
DA:226,0
DA:235,0
DA:236,0
DA:239,0
DA:240,0
DA:243,0
DA:244,0
DA:246,0
DA:248,0
DA:249,0
DA:253,0
DA:254,0
DA:255,0
DA:257,0
DA:259,0
DA:262,0
DA:263,0
DA:284,0
DA:287,0
DA:288,0
DA:292,0
DA:297,0
LF:41
LH:0
BRDA:211,0,0,0
BRDA:211,0,1,0
BRDA:218,1,0,0
BRDA:218,1,1,0
BRDA:236,2,0,0
BRDA:236,2,1,0
BRDA:253,3,0,0
BRDA:253,3,1,0
BRDA:254,4,0,0
BRDA:254,4,1,0
BRDA:297,5,0,0
BRDA:297,5,1,0
BRF:12
BRH:0
end_of_record
TN:
SF:C:\Users\dinhn\Workspace\Arbeit\IG\dis\src\bootstrap.js
FN:22,(anonymous_0)
FN:23,(anonymous_1)
FN:76,(anonymous_2)
FN:84,(anonymous_3)
FNF:4
FNH:0
FNDA:0,(anonymous_0)
FNDA:0,(anonymous_1)
FNDA:0,(anonymous_2)
FNDA:0,(anonymous_3)
DA:14,0
DA:15,0
DA:16,0
DA:17,0
DA:18,0
DA:19,0
DA:21,0
DA:22,0
DA:25,0
DA:26,0
DA:27,0
DA:28,0
DA:29,0
DA:31,0
DA:32,0
DA:33,0
DA:34,0
DA:35,0
DA:37,0
DA:38,0
DA:40,0
DA:41,0
DA:43,0
DA:44,0
DA:46,0
DA:48,0
DA:49,0
DA:50,0
DA:52,0
DA:53,0
DA:54,0
DA:55,0
DA:57,0
DA:60,0
DA:62,0
DA:64,0
DA:65,0
DA:66,0
DA:68,0
DA:69,0
DA:75,0
DA:76,0
DA:77,0
DA:78,0
DA:79,0
DA:83,0
DA:84,0
DA:85,0
DA:86,0
DA:87,0
LF:50
LH:0
BRDA:25,0,0,0
BRDA:25,0,1,0
BRDA:28,1,0,0
BRDA:28,1,1,0
BRDA:28,2,0,0
BRDA:28,2,1,0
BRDA:31,3,0,0
BRDA:31,3,1,0
BRDA:31,4,0,0
BRDA:31,4,1,0
BRDA:37,5,0,0
BRDA:37,5,1,0
BRDA:37,6,0,0
BRDA:37,6,1,0
BRDA:40,7,0,0
BRDA:40,7,1,0
BRDA:40,8,0,0
BRDA:40,8,1,0
BRDA:43,9,0,0
BRDA:43,9,1,0
BRDA:43,10,0,0
BRDA:43,10,1,0
BRDA:46,11,0,0
BRDA:46,11,1,0
BRDA:46,12,0,0
BRDA:46,12,1,0
BRDA:48,13,0,0
BRDA:48,13,1,0
BRDA:48,14,0,0
BRDA:48,14,1,0
BRDA:49,15,0,0
BRDA:49,15,1,0
BRDA:52,16,0,0
BRDA:52,16,1,0
BRDA:52,17,0,0
BRDA:52,17,1,0
BRDA:54,18,0,0
BRDA:54,18,1,0
BRDA:60,19,0,0
BRDA:60,19,1,0
BRDA:60,20,0,0
BRDA:60,20,1,0
BRDA:64,21,0,0
BRDA:64,21,1,0
BRDA:79,22,0,0
BRDA:79,22,1,0
BRDA:87,23,0,0
BRDA:87,23,1,0
BRF:48
BRH:0
end_of_record
TN:
SF:C:\Users\dinhn\Workspace\Arbeit\IG\dis\src\main.js
FN:21,(anonymous_0)
FNF:1
FNH:0
FNDA:0,(anonymous_0)
DA:10,0
DA:11,0
DA:13,0
DA:16,0
DA:18,0
DA:21,0
LF:6
LH:0
BRF:0
BRH:0
end_of_record
TN:
SF:C:\Users\dinhn\Workspace\Arbeit\IG\dis\src\registerServiceWorker.js
FN:7,(anonymous_0)
FN:13,(anonymous_1)
FN:16,(anonymous_2)
FN:20,(anonymous_3)
FN:23,(anonymous_4)
FNF:5
FNH:0
FNDA:0,(anonymous_0)
FNDA:0,(anonymous_1)
FNDA:0,(anonymous_2)
FNDA:0,(anonymous_3)
FNDA:0,(anonymous_4)
DA:5,0
DA:6,0
DA:8,0
DA:14,0
DA:17,0
DA:18,0
DA:21,0
DA:24,0
LF:8
LH:0
BRDA:5,0,0,0
BRDA:5,0,1,0
BRF:2
BRH:0
end_of_record
TN:
SF:C:\Users\dinhn\Workspace\Arbeit\IG\dis\src\components\ArchiveFileUpload.vue
FN:206,(anonymous_1)
FN:255,(anonymous_2)
FN:261,(anonymous_3)
FN:271,(anonymous_4)
FN:290,(anonymous_5)
FN:291,(anonymous_6)
FN:293,(anonymous_7)
FN:302,(anonymous_8)
FN:306,(anonymous_9)
FN:337,(anonymous_10)
FN:340,(anonymous_11)
FN:345,(anonymous_12)
FN:360,(anonymous_13)
FN:376,(anonymous_14)
FN:394,(anonymous_15)
FN:400,(anonymous_16)
FN:416,(anonymous_17)
FN:417,(anonymous_18)
FN:419,(anonymous_20)
FN:423,(anonymous_21)
FN:439,(anonymous_22)
FN:448,(anonymous_23)
FN:457,(anonymous_24)
FN:475,(anonymous_25)
FN:482,(anonymous_26)
FN:484,(anonymous_27)
FN:493,(anonymous_28)
FN:497,(anonymous_29)
FN:499,(anonymous_30)
FN:507,(anonymous_32)
FN:515,(anonymous_33)
FN:521,(anonymous_34)
FN:526,(anonymous_35)
FN:533,(anonymous_36)
FNF:34
FNH:0
FNDA:0,(anonymous_1)
FNDA:0,(anonymous_2)
FNDA:0,(anonymous_3)
FNDA:0,(anonymous_4)
FNDA:0,(anonymous_5)
FNDA:0,(anonymous_6)
FNDA:0,(anonymous_7)
FNDA:0,(anonymous_8)
FNDA:0,(anonymous_9)
FNDA:0,(anonymous_10)
FNDA:0,(anonymous_11)
FNDA:0,(anonymous_12)
FNDA:0,(anonymous_13)
FNDA:0,(anonymous_14)
FNDA:0,(anonymous_15)
FNDA:0,(anonymous_16)
FNDA:0,(anonymous_17)
FNDA:0,(anonymous_18)
FNDA:0,(anonymous_20)
FNDA:0,(anonymous_21)
FNDA:0,(anonymous_22)
FNDA:0,(anonymous_23)
FNDA:0,(anonymous_24)
FNDA:0,(anonymous_25)
FNDA:0,(anonymous_26)
FNDA:0,(anonymous_27)
FNDA:0,(anonymous_28)
FNDA:0,(anonymous_29)
FNDA:0,(anonymous_30)
FNDA:0,(anonymous_32)
FNDA:0,(anonymous_33)
FNDA:0,(anonymous_34)
FNDA:0,(anonymous_35)
FNDA:0,(anonymous_36)
DA:198,0
DA:199,0
DA:200,0
DA:207,0
DA:256,0
DA:257,0
DA:259,0
DA:270,0
DA:271,0
DA:272,0
DA:273,0
DA:274,0
DA:276,0
DA:278,0
DA:279,0
DA:280,0
DA:281,0
DA:282,0
DA:283,0
DA:284,0
DA:291,0
DA:293,0
DA:294,0
DA:299,0
DA:303,0
DA:304,0
DA:307,0
DA:308,0
DA:310,0
DA:311,0
DA:312,0
DA:313,0
DA:323,0
DA:324,0
DA:326,0
DA:327,0
DA:328,0
DA:330,0
DA:331,0
DA:333,0
DA:334,0
DA:335,0
DA:336,0
DA:337,0
DA:338,0
DA:340,0
DA:341,0
DA:346,0
DA:347,0
DA:348,0
DA:349,0
DA:350,0
DA:351,0
DA:354,0
DA:355,0
DA:357,0
DA:361,0
DA:362,0
DA:363,0
DA:364,0
DA:365,0
DA:367,0
DA:368,0
DA:376,0
DA:379,0
DA:380,0
DA:383,0
DA:384,0
DA:386,0
DA:387,0
DA:389,0
DA:391,0
DA:395,0
DA:396,0
DA:397,0
DA:398,0
DA:399,0
DA:400,0
DA:403,0
DA:404,0
DA:406,0
DA:407,0
DA:409,0
DA:410,0
DA:413,0
DA:417,0
DA:421,0
DA:424,0
DA:425,0
DA:426,0
DA:427,0
DA:428,0
DA:429,0
DA:430,0
DA:431,0
DA:434,0
DA:435,0
DA:440,0
DA:441,0
DA:443,0
DA:445,0
DA:446,0
DA:449,0
DA:451,0
DA:454,0
DA:458,0
DA:459,0
DA:460,0
DA:465,0
DA:466,0
DA:472,0
DA:476,0
DA:477,0
DA:478,0
DA:479,0
DA:480,0
DA:483,0
DA:484,0
DA:485,0
DA:486,0
DA:489,0
DA:494,0
DA:495,0
DA:498,0
DA:499,0
DA:502,0
DA:505,0
DA:508,0
DA:516,0
DA:517,0
DA:522,0
DA:523,0
DA:527,0
DA:528,0
DA:529,0
DA:530,0
DA:531,0
DA:532,0
DA:533,0
DA:535,0
DA:538,0
LF:141
LH:0
BRDA:280,0,0,0
BRDA:280,0,1,0
BRDA:282,1,0,0
BRDA:282,1,1,0
BRDA:295,2,0,0
BRDA:295,2,1,0
BRDA:313,3,0,0
BRDA:313,3,1,0
BRDA:317,4,0,0
BRDA:317,4,1,0
BRDA:321,5,0,0
BRDA:321,5,1,0
BRDA:370,6,0,0
BRDA:370,6,1,0
BRDA:383,7,0,0
BRDA:383,7,1,0
BRDA:383,8,0,0
BRDA:383,8,1,0
BRDA:406,9,0,0
BRDA:406,9,1,0
BRDA:406,10,0,0
BRDA:406,10,1,0
BRDA:424,11,0,0
BRDA:424,11,1,0
BRDA:424,12,0,0
BRDA:424,12,1,0
BRDA:424,12,2,0
BRDA:424,12,3,0
BRDA:429,13,0,0
BRDA:429,13,1,0
BRDA:429,14,0,0
BRDA:429,14,1,0
BRDA:440,15,0,0
BRDA:440,15,1,0
BRDA:449,16,0,0
BRDA:449,16,1,0
BRDA:459,17,0,0
BRDA:459,17,1,0
BRDA:465,18,0,0
BRDA:465,18,1,0
BRDA:465,19,0,0
BRDA:465,19,1,0
BRDA:466,20,0,0
BRDA:466,20,1,0
BRDA:483,21,0,0
BRDA:483,21,1,0
BRDA:485,22,0,0
BRDA:485,22,1,0
BRDA:485,23,0,0
BRDA:485,23,1,0
BRDA:485,23,2,0
BRDA:495,24,0,0
BRDA:495,24,1,0
BRDA:495,24,2,0
BRDA:495,24,3,0
BRDA:498,25,0,0
BRDA:498,25,1,0
BRDA:498,26,0,0
BRDA:498,26,1,0
BRDA:499,27,0,0
BRDA:499,27,1,0
BRDA:516,28,0,0
BRDA:516,28,1,0
BRDA:522,29,0,0
BRDA:522,29,1,0
BRDA:527,30,0,0
BRDA:527,30,1,0
BRDA:529,31,0,0
BRDA:529,31,1,0
BRDA:529,32,0,0
BRDA:529,32,1,0
BRF:71
BRH:0
end_of_record
TN:
SF:C:\Users\dinhn\Workspace\Arbeit\IG\dis\src\components\DisAppForms.vue
FN:29,(anonymous_1)
FN:31,(anonymous_2)
FN:39,(anonymous_3)
FNF:3
FNH:0
FNDA:0,(anonymous_1)
FNDA:0,(anonymous_2)
FNDA:0,(anonymous_3)
DA:26,0
DA:30,0
DA:31,0
DA:32,0
DA:34,0
DA:40,0
DA:41,0
DA:42,0
DA:43,0
DA:49,0
LF:10
LH:0
BRDA:42,0,0,0
BRDA:42,0,1,0
BRF:2
BRH:0
end_of_record
TN:
SF:C:\Users\dinhn\Workspace\Arbeit\IG\dis\src\components\DisBreadcrumbs.vue
FN:11,(anonymous_1)
FN:21,(anonymous_2)
FN:23,(anonymous_3)
FN:31,(anonymous_4)
FN:43,(anonymous_5)
FNF:5
FNH:0
FNDA:0,(anonymous_1)
FNDA:0,(anonymous_2)
FNDA:0,(anonymous_3)
FNDA:0,(anonymous_4)
FNDA:0,(anonymous_5)
DA:12,0
DA:13,0
DA:14,0
DA:16,0
DA:23,0
DA:24,0
DA:26,0
DA:31,0
DA:32,0
DA:35,0
DA:36,0
DA:37,0
DA:43,0
DA:44,0
DA:45,0
DA:47,0
LF:16
LH:0
BRDA:12,0,0,0
BRDA:12,0,1,0
BRDA:12,1,0,0
BRDA:12,1,1,0
BRDA:14,2,0,0
BRDA:14,2,1,0
BRDA:24,3,0,0
BRDA:24,3,1,0
BRDA:39,4,0,0
BRDA:39,4,1,0
BRDA:43,5,0,0
BRDA:43,5,1,0
BRDA:44,6,0,0
BRDA:44,6,1,0
BRF:14
BRH:0
end_of_record
TN:
SF:C:\Users\dinhn\Workspace\Arbeit\IG\dis\src\components\DisDataTable.vue
FN:104,(anonymous_1)
FN:105,(anonymous_2)
FN:166,(anonymous_3)
FN:188,(anonymous_4)
FN:202,(anonymous_5)
FN:205,(anonymous_6)
FN:209,(anonymous_7)
FN:212,(anonymous_8)
FN:226,(anonymous_9)
FN:229,(anonymous_10)
FN:231,(anonymous_11)
FN:238,(anonymous_12)
FN:239,(anonymous_13)
FN:240,(anonymous_14)
FN:241,(anonymous_15)
FN:243,(anonymous_16)
FN:245,(anonymous_17)
FN:258,(anonymous_18)
FN:260,(anonymous_19)
FN:268,(anonymous_20)
FN:271,(anonymous_21)
FN:277,(anonymous_22)
FN:280,(anonymous_23)
FN:282,(anonymous_24)
FN:290,(anonymous_25)
FN:297,(anonymous_26)
FN:301,(anonymous_27)
FN:308,(anonymous_28)
FN:310,(anonymous_29)
FN:330,(anonymous_30)
FN:340,(anonymous_31)
FN:368,(anonymous_32)
FN:379,(anonymous_33)
FN:397,(anonymous_34)
FN:403,(anonymous_35)
FN:407,(anonymous_36)
FN:422,(anonymous_37)
FN:426,(anonymous_38)
FN:439,(anonymous_39)
FN:446,(anonymous_40)
FN:454,(anonymous_41)
FN:456,(anonymous_42)
FN:458,(anonymous_43)
FN:461,(anonymous_44)
FN:467,(anonymous_45)
FN:476,(anonymous_46)
FN:531,(anonymous_47)
FN:532,(anonymous_48)
FN:546,(anonymous_49)
FN:563,(anonymous_50)
FN:565,(anonymous_51)
FN:572,(anonymous_52)
FN:577,(anonymous_53)
FNF:53
FNH:34
FNDA:1,(anonymous_1)
FNDA:7,(anonymous_2)
FNDA:1,(anonymous_3)
FNDA:1,(anonymous_4)
FNDA:5,(anonymous_5)
FNDA:5,(anonymous_6)
FNDA:0,(anonymous_7)
FNDA:1,(anonymous_8)
FNDA:0,(anonymous_9)
FNDA:1,(anonymous_10)
FNDA:1,(anonymous_11)
FNDA:1,(anonymous_12)
FNDA:5,(anonymous_13)
FNDA:15,(anonymous_14)
FNDA:5,(anonymous_15)
FNDA:1,(anonymous_16)
FNDA:5,(anonymous_17)
FNDA:0,(anonymous_18)
FNDA:0,(anonymous_19)
FNDA:1,(anonymous_20)
FNDA:8,(anonymous_21)
FNDA:1,(anonymous_22)
FNDA:0,(anonymous_23)
FNDA:0,(anonymous_24)
FNDA:1,(anonymous_25)
FNDA:0,(anonymous_26)
FNDA:0,(anonymous_27)
FNDA:1,(anonymous_28)
FNDA:0,(anonymous_29)
FNDA:0,(anonymous_30)
FNDA:4,(anonymous_31)
FNDA:0,(anonymous_32)
FNDA:11,(anonymous_33)
FNDA:1,(anonymous_34)
FNDA:4,(anonymous_35)
FNDA:11,(anonymous_36)
FNDA:7,(anonymous_37)
FNDA:20,(anonymous_38)
FNDA:1,(anonymous_39)
FNDA:0,(anonymous_40)
FNDA:0,(anonymous_41)
FNDA:0,(anonymous_42)
FNDA:450,(anonymous_43)
FNDA:450,(anonymous_44)
FNDA:450,(anonymous_45)
FNDA:0,(anonymous_46)
FNDA:0,(anonymous_47)
FNDA:0,(anonymous_48)
FNDA:0,(anonymous_49)
FNDA:1,(anonymous_50)
FNDA:5,(anonymous_51)
FNDA:1,(anonymous_52)
FNDA:0,(anonymous_53)
DA:93,9
DA:94,9
DA:95,9
DA:96,9
DA:97,9
DA:98,9
DA:99,9
DA:100,9
DA:101,9
DA:103,9
DA:105,1
DA:108,7
DA:110,1
DA:167,1
DA:189,1
DA:190,1
DA:191,1
DA:192,1
DA:193,1
DA:194,1
DA:195,0
DA:196,0
DA:199,0
DA:201,1
DA:202,6
DA:204,1
DA:205,6
DA:210,0
DA:213,1
DA:214,1
DA:215,1
DA:216,1
DA:217,1
DA:218,0
DA:219,1
DA:220,0
DA:222,1
DA:227,0
DA:230,1
DA:231,1
DA:232,1
DA:233,0
DA:236,1
DA:239,1
DA:240,20
DA:241,5
DA:244,1
DA:251,5
DA:259,0
DA:260,0
DA:261,0
DA:262,0
DA:265,0
DA:269,1
DA:272,8
DA:273,8
DA:278,1
DA:281,0
DA:282,0
DA:284,0
DA:291,2
DA:292,0
DA:293,0
DA:295,0
DA:298,0
DA:299,0
DA:302,0
DA:303,0
DA:305,0
DA:309,1
DA:311,0
DA:312,0
DA:313,0
DA:315,0
DA:317,0
DA:319,0
DA:320,0
DA:321,0
DA:323,0
DA:325,0
DA:331,0
DA:332,0
DA:341,4
DA:343,4
DA:344,4
DA:349,4
DA:350,4
DA:351,0
DA:353,4
DA:354,4
DA:355,4
DA:356,4
DA:357,4
DA:358,4
DA:359,4
DA:361,0
DA:362,0
DA:365,4
DA:366,4
DA:367,4
DA:368,0
DA:369,0
DA:370,0
DA:372,4
DA:373,0
DA:374,4
DA:375,0
DA:380,11
DA:381,11
DA:383,0
DA:384,0
DA:385,0
DA:387,11
DA:388,11
DA:389,11
DA:395,11
DA:398,1
DA:399,0
DA:401,1
DA:404,4
DA:405,1
DA:407,14
DA:408,3
DA:410,1
DA:411,2
DA:412,1
DA:414,1
DA:415,1
DA:416,1
DA:417,1
DA:423,7
DA:424,1
DA:426,26
DA:427,6
DA:428,1
DA:429,5
DA:430,4
DA:432,1
DA:433,1
DA:434,1
DA:440,1
DA:441,1
DA:442,1
DA:444,1
DA:447,0
DA:448,0
DA:450,0
DA:452,0
DA:455,0
DA:456,0
DA:460,450
DA:461,450
DA:462,450
DA:463,0
DA:465,450
DA:467,450
DA:468,450
DA:469,0
DA:471,450
DA:473,450
DA:474,0
DA:475,0
DA:476,0
DA:478,0
DA:480,0
DA:481,0
DA:482,0
DA:484,0
DA:485,0
DA:487,0
DA:489,0
DA:492,450
DA:493,0
DA:494,0
DA:495,0
DA:496,0
DA:498,0
DA:500,450
DA:501,0
DA:503,450
DA:505,0
DA:507,90
DA:509,0
DA:510,0
DA:511,0
DA:512,0
DA:514,0
DA:515,0
DA:516,0
DA:518,0
DA:521,0
DA:522,0
DA:525,0
DA:527,360
DA:532,0
DA:533,0
DA:534,0
DA:539,0
DA:540,0
DA:543,0
DA:547,0
DA:548,0
DA:550,0
DA:551,0
DA:552,0
DA:553,0
DA:554,0
DA:557,0
DA:558,0
DA:559,0
DA:564,1
DA:565,6
DA:566,1
DA:568,1
DA:569,1
DA:573,1
DA:574,1
DA:578,0
LF:218
LH:116
BRDA:110,0,0,1
BRDA:110,0,1,0
BRDA:189,1,0,1
BRDA:189,1,1,0
BRDA:194,2,0,0
BRDA:194,2,1,1
BRDA:201,3,0,1
BRDA:201,3,1,0
BRDA:204,4,0,1
BRDA:204,4,1,0
BRDA:214,5,0,1
BRDA:214,5,1,2
BRDA:215,6,0,2
BRDA:215,6,1,1
BRDA:217,7,0,0
BRDA:217,7,1,1
BRDA:218,8,0,0
BRDA:218,8,1,0
BRDA:219,9,0,0
BRDA:219,9,1,1
BRDA:220,10,0,0
BRDA:220,10,1,0
BRDA:222,11,0,1
BRDA:222,11,1,0
BRDA:232,12,0,0
BRDA:232,12,1,1
BRDA:232,13,0,1
BRDA:232,13,1,0
BRDA:259,14,0,0
BRDA:259,14,1,0
BRDA:261,15,0,0
BRDA:261,15,1,0
BRDA:281,16,0,0
BRDA:281,16,1,0
BRDA:291,17,0,1
BRDA:291,17,1,0
BRDA:292,18,0,0
BRDA:292,18,1,0
BRDA:302,19,0,0
BRDA:302,19,1,0
BRDA:309,20,0,1
BRDA:309,20,1,1
BRDA:311,21,0,0
BRDA:311,21,1,0
BRDA:311,22,0,0
BRDA:311,22,1,0
BRDA:311,22,2,0
BRDA:312,23,0,0
BRDA:312,23,1,0
BRDA:313,24,0,0
BRDA:313,24,1,0
BRDA:313,25,0,0
BRDA:313,25,1,0
BRDA:313,25,2,0
BRDA:317,26,0,0
BRDA:317,26,1,0
BRDA:321,27,0,0
BRDA:321,27,1,0
BRDA:321,28,0,0
BRDA:321,28,1,0
BRDA:331,29,0,0
BRDA:331,29,1,0
BRDA:340,30,0,0
BRDA:345,31,0,4
BRDA:345,31,1,0
BRDA:346,32,0,4
BRDA:346,32,1,0
BRDA:347,33,0,0
BRDA:347,33,1,4
BRDA:350,34,0,0
BRDA:350,34,1,4
BRDA:358,35,0,0
BRDA:358,35,1,4
BRDA:367,36,0,0
BRDA:367,36,1,4
BRDA:369,37,0,0
BRDA:369,37,1,0
BRDA:372,38,0,0
BRDA:372,38,1,4
BRDA:374,39,0,0
BRDA:374,39,1,4
BRDA:380,40,0,11
BRDA:380,40,1,0
BRDA:381,41,0,0
BRDA:381,41,1,11
BRDA:387,42,0,11
BRDA:387,42,1,0
BRDA:387,43,0,11
BRDA:387,43,1,0
BRDA:387,43,2,0
BRDA:395,44,0,0
BRDA:395,44,1,11
BRDA:398,45,0,0
BRDA:398,45,1,1
BRDA:404,46,0,1
BRDA:404,46,1,3
BRDA:408,47,0,1
BRDA:408,47,1,2
BRDA:411,48,0,1
BRDA:411,48,1,1
BRDA:415,49,0,1
BRDA:415,49,1,0
BRDA:423,50,0,1
BRDA:423,50,1,6
BRDA:427,51,0,1
BRDA:427,51,1,5
BRDA:429,52,0,4
BRDA:429,52,1,1
BRDA:429,53,0,5
BRDA:429,53,1,4
BRDA:432,54,0,1
BRDA:432,54,1,0
BRDA:441,55,0,1
BRDA:441,55,1,0
BRDA:447,56,0,0
BRDA:447,56,1,0
BRDA:458,57,0,450
BRDA:460,58,0,360
BRDA:460,58,1,90
BRDA:462,59,0,0
BRDA:462,59,1,450
BRDA:462,60,0,450
BRDA:462,60,1,360
BRDA:468,61,0,0
BRDA:468,61,1,450
BRDA:468,62,0,450
BRDA:468,62,1,360
BRDA:473,63,0,0
BRDA:473,63,1,450
BRDA:473,64,0,450
BRDA:473,64,1,0
BRDA:474,65,0,0
BRDA:474,65,1,0
BRDA:492,66,0,0
BRDA:492,66,1,450
BRDA:494,67,0,0
BRDA:494,67,1,0
BRDA:500,68,0,0
BRDA:500,68,1,450
BRDA:501,69,0,0
BRDA:501,69,1,0
BRDA:504,70,0,0
BRDA:504,70,1,90
BRDA:504,70,2,0
BRDA:504,70,3,360
BRDA:505,71,0,0
BRDA:505,71,1,0
BRDA:507,72,0,0
BRDA:507,72,1,90
BRDA:509,73,0,0
BRDA:509,73,1,0
BRDA:510,74,0,0
BRDA:510,74,1,0
BRDA:511,75,0,0
BRDA:511,75,1,0
BRDA:521,76,0,0
BRDA:521,76,1,0
BRDA:522,77,0,0
BRDA:522,77,1,0
BRDA:532,78,0,0
BRDA:532,78,1,0
BRDA:533,79,0,0
BRDA:533,79,1,0
BRDA:539,80,0,0
BRDA:539,80,1,0
BRDA:551,81,0,0
BRDA:551,81,1,0
BRDA:564,82,0,1
BRDA:564,82,1,0
BRDA:566,83,0,1
BRDA:566,83,1,2
BRDA:568,84,0,0
BRDA:568,84,1,1
BRDA:573,85,0,1
BRDA:573,85,1,0
BRDA:578,86,0,0
BRDA:578,86,1,0
BRF:177
BRH:69
end_of_record
TN:
SF:C:\Users\dinhn\Workspace\Arbeit\IG\dis\src\components\DisFileUpload.vue
FN:36,(anonymous_1)
FN:50,(anonymous_2)
FN:58,(anonymous_3)
FN:61,(anonymous_4)
FN:64,(anonymous_5)
FN:65,(anonymous_6)
FN:66,(anonymous_7)
FN:75,(anonymous_8)
FN:83,(anonymous_9)
FN:84,(anonymous_10)
FN:97,(anonymous_11)
FN:100,(anonymous_12)
FN:109,(anonymous_13)
FN:119,(anonymous_14)
FN:124,(anonymous_15)
FNF:15
FNH:0
FNDA:0,(anonymous_1)
FNDA:0,(anonymous_2)
FNDA:0,(anonymous_3)
FNDA:0,(anonymous_4)
FNDA:0,(anonymous_5)
FNDA:0,(anonymous_6)
FNDA:0,(anonymous_7)
FNDA:0,(anonymous_8)
FNDA:0,(anonymous_9)
FNDA:0,(anonymous_10)
FNDA:0,(anonymous_11)
FNDA:0,(anonymous_12)
FNDA:0,(anonymous_13)
FNDA:0,(anonymous_14)
FNDA:0,(anonymous_15)
DA:28,9
DA:36,0
DA:51,0
DA:59,0
DA:65,0
DA:66,0
DA:67,0
DA:73,0
DA:76,0
DA:77,0
DA:78,0
DA:79,0
DA:80,0
DA:81,0
DA:83,0
DA:84,0
DA:85,0
DA:86,0
DA:91,0
DA:98,0
DA:101,0
DA:102,0
DA:103,0
DA:104,0
DA:105,0
DA:106,0
DA:107,0
DA:108,0
DA:109,0
DA:110,0
DA:111,0
DA:113,0
DA:114,0
DA:116,0
DA:120,0
DA:125,0
DA:126,0
LF:37
LH:1
BRDA:66,0,0,0
BRDA:66,0,1,0
BRDA:78,1,0,0
BRDA:78,1,1,0
BRDA:79,2,0,0
BRDA:79,2,1,0
BRDA:79,3,0,0
BRDA:79,3,1,0
BRDA:84,4,0,0
BRDA:84,4,1,0
BRDA:85,5,0,0
BRDA:85,5,1,0
BRDA:85,6,0,0
BRDA:85,6,1,0
BRDA:85,6,2,0
BRDA:101,7,0,0
BRDA:101,7,1,0
BRDA:125,8,0,0
BRDA:125,8,1,0
BRF:19
BRH:0
end_of_record
TN:
SF:C:\Users\dinhn\Workspace\Arbeit\IG\dis\src\components\DisFilterForm.vue
FN:162,(anonymous_1)
FN:180,(anonymous_2)
FN:181,(anonymous_3)
FN:186,(anonymous_4)
FN:190,(anonymous_5)
FN:198,(anonymous_6)
FN:199,(anonymous_7)
FN:201,(anonymous_8)
FN:203,(anonymous_9)
FN:211,(anonymous_10)
FN:212,(anonymous_11)
FN:216,(anonymous_12)
FN:228,(anonymous_13)
FN:248,(anonymous_14)
FN:253,(anonymous_15)
FN:257,(anonymous_16)
FN:261,(anonymous_17)
FN:269,(anonymous_18)
FN:341,(anonymous_19)
FN:348,(anonymous_20)
FN:349,(anonymous_21)
FN:361,(anonymous_22)
FN:365,(anonymous_23)
FN:366,(anonymous_24)
FN:370,(anonymous_25)
FN:394,(anonymous_26)
FN:399,(anonymous_27)
FN:416,(anonymous_28)
FN:421,(anonymous_29)
FN:430,(anonymous_30)
FN:443,(anonymous_31)
FN:462,(anonymous_32)
FN:468,(anonymous_33)
FN:475,(anonymous_34)
FNF:34
FNH:21
FNDA:3,(anonymous_1)
FNDA:3,(anonymous_2)
FNDA:0,(anonymous_3)
FNDA:10,(anonymous_4)
FNDA:8,(anonymous_5)
FNDA:3,(anonymous_6)
FNDA:5,(anonymous_7)
FNDA:1,(anonymous_8)
FNDA:5,(anonymous_9)
FNDA:3,(anonymous_10)
FNDA:5,(anonymous_11)
FNDA:6,(anonymous_12)
FNDA:3,(anonymous_13)
FNDA:6,(anonymous_14)
FNDA:0,(anonymous_15)
FNDA:0,(anonymous_16)
FNDA:1,(anonymous_17)
FNDA:6,(anonymous_18)
FNDA:12,(anonymous_19)
FNDA:27,(anonymous_20)
FNDA:10,(anonymous_21)
FNDA:0,(anonymous_22)
FNDA:0,(anonymous_23)
FNDA:0,(anonymous_24)
FNDA:0,(anonymous_25)
FNDA:0,(anonymous_26)
FNDA:0,(anonymous_27)
FNDA:0,(anonymous_28)
FNDA:0,(anonymous_29)
FNDA:20,(anonymous_30)
FNDA:0,(anonymous_31)
FNDA:0,(anonymous_32)
FNDA:4,(anonymous_33)
FNDA:3,(anonymous_34)
DA:124,9
DA:125,9
DA:126,9
DA:127,9
DA:128,9
DA:129,9
DA:163,3
DA:181,3
DA:182,0
DA:187,10
DA:188,10
DA:189,20
DA:190,14
DA:191,6
DA:192,6
DA:196,10
DA:199,8
DA:202,1
DA:203,1
DA:204,5
DA:205,1
DA:208,1
DA:212,3
DA:213,5
DA:216,9
DA:217,3
DA:218,3
DA:219,3
DA:221,0
DA:222,0
DA:224,3
DA:225,0
DA:228,3
DA:229,3
DA:230,3
DA:231,3
DA:232,3
DA:233,3
DA:234,3
DA:236,3
DA:237,3
DA:238,0
DA:240,3
DA:241,3
DA:243,3
DA:244,3
DA:245,3
DA:249,6
DA:254,0
DA:258,0
DA:259,0
DA:262,1
DA:263,1
DA:264,0
DA:266,1
DA:267,1
DA:270,6
DA:271,6
DA:272,12
DA:273,12
DA:274,12
DA:275,4
DA:276,0
DA:281,4
DA:282,2
DA:283,2
DA:284,2
DA:285,1
DA:288,2
DA:289,1
DA:290,1
DA:299,2
DA:300,2
DA:310,8
DA:311,3
DA:312,3
DA:321,6
DA:322,5
DA:324,5
DA:325,5
DA:326,10
DA:327,10
DA:330,5
DA:332,6
DA:333,12
DA:334,12
DA:335,12
DA:336,4
DA:339,6
DA:342,12
DA:343,24
DA:344,24
DA:345,12
DA:347,12
DA:348,36
DA:349,19
DA:350,9
DA:351,9
DA:352,7
DA:355,3
DA:356,3
DA:362,0
DA:363,0
DA:366,0
DA:367,0
DA:371,0
DA:372,0
DA:373,0
DA:374,0
DA:375,0
DA:376,0
DA:377,0
DA:378,0
DA:379,0
DA:380,0
DA:383,0
DA:384,0
DA:385,0
DA:389,0
DA:391,0
DA:395,0
DA:396,0
DA:397,0
DA:399,0
DA:417,0
DA:418,0
DA:422,0
DA:423,0
DA:424,0
DA:425,0
DA:426,0
DA:431,20
DA:432,0
DA:434,20
DA:438,0
DA:440,20
DA:444,0
DA:445,0
DA:446,0
DA:448,0
DA:449,0
DA:451,0
DA:452,0
DA:454,0
DA:455,0
DA:457,0
DA:463,0
DA:464,0
DA:469,4
DA:470,4
DA:476,3
DA:477,2
DA:479,1
LF:153
LH:99
BRDA:189,0,0,6
BRDA:189,0,1,14
BRDA:189,1,0,20
BRDA:189,1,1,7
BRDA:189,1,2,6
BRDA:191,2,0,6
BRDA:191,2,1,0
BRDA:204,3,0,1
BRDA:204,3,1,4
BRDA:204,4,0,5
BRDA:204,4,1,1
BRDA:204,4,2,1
BRDA:213,5,0,5
BRDA:213,5,1,4
BRDA:217,6,0,3
BRDA:217,6,1,0
BRDA:224,7,0,0
BRDA:224,7,1,3
BRDA:237,8,0,0
BRDA:237,8,1,3
BRDA:240,9,0,3
BRDA:240,9,1,0
BRDA:240,10,0,3
BRDA:240,10,1,3
BRDA:254,11,0,0
BRDA:254,11,1,0
BRDA:263,12,0,0
BRDA:263,12,1,1
BRDA:273,13,0,6
BRDA:273,13,1,6
BRDA:274,14,0,4
BRDA:274,14,1,8
BRDA:274,15,0,12
BRDA:274,15,1,4
BRDA:275,16,0,0
BRDA:275,16,1,4
BRDA:275,17,0,4
BRDA:275,17,1,0
BRDA:281,18,0,2
BRDA:281,18,1,2
BRDA:284,19,0,1
BRDA:284,19,1,1
BRDA:284,20,0,2
BRDA:284,20,1,2
BRDA:284,20,2,2
BRDA:288,21,0,1
BRDA:288,21,1,1
BRDA:310,22,0,3
BRDA:310,22,1,5
BRDA:310,23,0,8
BRDA:310,23,1,6
BRDA:311,24,0,3
BRDA:311,24,1,0
BRDA:321,25,0,5
BRDA:321,25,1,1
BRDA:326,26,0,10
BRDA:326,26,1,0
BRDA:333,27,0,6
BRDA:333,27,1,6
BRDA:334,28,0,6
BRDA:334,28,1,6
BRDA:335,29,0,4
BRDA:335,29,1,8
BRDA:335,30,0,12
BRDA:335,30,1,6
BRDA:344,31,0,12
BRDA:344,31,1,12
BRDA:347,32,0,9
BRDA:347,32,1,3
BRDA:347,33,0,12
BRDA:347,33,1,9
BRDA:351,34,0,7
BRDA:351,34,1,2
BRDA:367,35,0,0
BRDA:367,35,1,0
BRDA:376,36,0,0
BRDA:376,36,1,0
BRDA:379,37,0,0
BRDA:379,37,1,0
BRDA:396,38,0,0
BRDA:396,38,1,0
BRDA:424,39,0,0
BRDA:424,39,1,0
BRDA:431,40,0,0
BRDA:431,40,1,20
BRDA:435,41,0,0
BRDA:435,41,1,0
BRDA:435,41,2,0
BRDA:435,41,3,20
BRDA:445,42,0,0
BRDA:445,42,1,0
BRDA:447,43,0,0
BRDA:447,43,1,0
BRDA:447,43,2,0
BRDA:447,43,3,0
BRDA:463,44,0,0
BRDA:463,44,1,0
BRDA:469,45,0,4
BRDA:469,45,1,0
BRDA:476,46,0,2
BRDA:476,46,1,1
BRF:101
BRH:66
end_of_record
TN:
SF:C:\Users\dinhn\Workspace\Arbeit\IG\dis\src\components\DisForm.vue
FN:212,(anonymous_1)
FN:224,(anonymous_2)
FN:252,(anonymous_3)
FN:257,(anonymous_4)
FN:263,(anonymous_5)
FN:268,(anonymous_6)
FN:269,(anonymous_7)
FN:271,(anonymous_8)
FN:275,(anonymous_9)
FN:288,(anonymous_10)
FN:294,(anonymous_11)
FN:311,(anonymous_12)
FN:313,(anonymous_13)
FN:318,(anonymous_14)
FN:322,(anonymous_15)
FN:328,(anonymous_16)
FN:331,(anonymous_17)
FN:337,(anonymous_18)
FN:343,(anonymous_19)
FN:345,(anonymous_20)
FN:352,(anonymous_21)
FN:354,(anonymous_22)
FN:361,(anonymous_23)
FN:363,(anonymous_24)
FN:375,(anonymous_25)
FN:378,(anonymous_26)
FN:381,(anonymous_27)
FN:384,(anonymous_28)
FN:387,(anonymous_29)
FN:390,(anonymous_30)
FN:393,(anonymous_31)
FN:400,(anonymous_32)
FN:402,(anonymous_33)
FN:406,(anonymous_34)
FN:409,(anonymous_35)
FN:416,(anonymous_36)
FN:421,(anonymous_37)
FN:432,(anonymous_38)
FN:448,(anonymous_39)
FN:457,(anonymous_40)
FN:476,(anonymous_41)
FN:478,(anonymous_42)
FN:486,(anonymous_43)
FN:564,(anonymous_44)
FN:571,(anonymous_45)
FN:573,(anonymous_46)
FN:582,(anonymous_47)
FN:589,(anonymous_48)
FN:593,(anonymous_49)
FN:597,(anonymous_50)
FN:622,(anonymous_51)
FN:641,(anonymous_52)
FN:645,(anonymous_53)
FN:647,(anonymous_54)
FN:655,(anonymous_55)
FN:676,(anonymous_56)
FN:678,(anonymous_57)
FN:691,(anonymous_58)
FN:693,(anonymous_59)
FN:707,(anonymous_60)
FN:714,(anonymous_61)
FN:721,(anonymous_62)
FN:732,(anonymous_63)
FN:737,(anonymous_64)
FN:740,(anonymous_65)
FN:747,(anonymous_66)
FN:753,(anonymous_67)
FN:763,(anonymous_68)
FN:770,(anonymous_69)
FN:778,(anonymous_70)
FN:783,(anonymous_71)
FN:798,(anonymous_72)
FNF:72
FNH:50
FNDA:7,(anonymous_1)
FNDA:9,(anonymous_2)
FNDA:8,(anonymous_3)
FNDA:1,(anonymous_4)
FNDA:5,(anonymous_5)
FNDA:7,(anonymous_6)
FNDA:1,(anonymous_7)
FNDA:1,(anonymous_8)
FNDA:9,(anonymous_9)
FNDA:18,(anonymous_10)
FNDA:9,(anonymous_11)
FNDA:9,(anonymous_12)
FNDA:0,(anonymous_13)
FNDA:0,(anonymous_14)
FNDA:1,(anonymous_15)
FNDA:11,(anonymous_16)
FNDA:6,(anonymous_17)
FNDA:14,(anonymous_18)
FNDA:8,(anonymous_19)
FNDA:8,(anonymous_20)
FNDA:14,(anonymous_21)
FNDA:14,(anonymous_22)
FNDA:0,(anonymous_23)
FNDA:0,(anonymous_24)
FNDA:20,(anonymous_25)
FNDA:11,(anonymous_26)
FNDA:25,(anonymous_27)
FNDA:8,(anonymous_28)
FNDA:27,(anonymous_29)
FNDA:20,(anonymous_30)
FNDA:19,(anonymous_31)
FNDA:8,(anonymous_32)
FNDA:8,(anonymous_33)
FNDA:0,(anonymous_34)
FNDA:0,(anonymous_35)
FNDA:1,(anonymous_36)
FNDA:7,(anonymous_37)
FNDA:0,(anonymous_38)
FNDA:0,(anonymous_39)
FNDA:9,(anonymous_40)
FNDA:10,(anonymous_41)
FNDA:5,(anonymous_42)
FNDA:0,(anonymous_43)
FNDA:5,(anonymous_44)
FNDA:2,(anonymous_45)
FNDA:0,(anonymous_46)
FNDA:0,(anonymous_47)
FNDA:0,(anonymous_48)
FNDA:5,(anonymous_49)
FNDA:4,(anonymous_50)
FNDA:3,(anonymous_51)
FNDA:1,(anonymous_52)
FNDA:1,(anonymous_53)
FNDA:1,(anonymous_54)
FNDA:0,(anonymous_55)
FNDA:0,(anonymous_56)
FNDA:0,(anonymous_57)
FNDA:0,(anonymous_58)
FNDA:0,(anonymous_59)
FNDA:0,(anonymous_60)
FNDA:0,(anonymous_61)
FNDA:0,(anonymous_62)
FNDA:7,(anonymous_63)
FNDA:10,(anonymous_64)
FNDA:1,(anonymous_65)
FNDA:4,(anonymous_66)
FNDA:1,(anonymous_67)
FNDA:1,(anonymous_68)
FNDA:1,(anonymous_69)
FNDA:0,(anonymous_70)
FNDA:0,(anonymous_71)
FNDA:1,(anonymous_72)
DA:170,9
DA:171,9
DA:172,9
DA:173,9
DA:174,9
DA:175,9
DA:176,9
DA:177,9
DA:178,9
DA:179,9
DA:212,7
DA:225,9
DA:253,8
DA:258,1
DA:264,5
DA:265,5
DA:269,8
DA:272,1
DA:276,9
DA:277,9
DA:278,9
DA:279,9
DA:285,9
DA:286,9
DA:288,9
DA:289,18
DA:292,9
DA:295,9
DA:296,9
DA:297,0
DA:298,0
DA:299,0
DA:300,0
DA:302,0
DA:305,0
DA:312,9
DA:313,9
DA:314,9
DA:315,9
DA:316,9
DA:319,0
DA:320,0
DA:323,1
DA:324,1
DA:329,11
DA:332,6
DA:338,14
DA:344,8
DA:345,8
DA:346,8
DA:347,4
DA:350,8
DA:353,14
DA:354,14
DA:355,14
DA:356,5
DA:359,14
DA:362,0
DA:363,0
DA:364,0
DA:365,0
DA:366,0
DA:368,0
DA:369,0
DA:371,0
DA:373,0
DA:376,20
DA:379,11
DA:382,25
DA:385,8
DA:388,27
DA:391,20
DA:394,19
DA:402,16
DA:407,0
DA:410,0
DA:411,0
DA:413,0
DA:418,1
DA:419,1
DA:422,7
DA:423,5
DA:424,5
DA:425,5
DA:429,5
DA:434,0
DA:435,0
DA:436,0
DA:440,7
DA:441,1
DA:442,1
DA:443,1
DA:444,1
DA:445,1
DA:450,0
DA:451,0
DA:452,0
DA:458,9
DA:459,9
DA:460,8
DA:461,8
DA:464,8
DA:465,8
DA:466,8
DA:467,0
DA:468,8
DA:469,8
DA:472,1
DA:473,1
DA:477,10
DA:478,14
DA:479,9
DA:480,5
DA:481,6
DA:484,8
DA:485,23
DA:486,0
DA:487,0
DA:488,0
DA:489,0
DA:495,8
DA:496,8
DA:498,4
DA:499,4
DA:500,4
DA:501,1
DA:503,1
DA:504,1
DA:505,1
DA:506,1
DA:507,1
DA:509,1
DA:510,1
DA:512,1
DA:513,1
DA:514,1
DA:517,3
DA:518,1
DA:520,2
DA:521,1
DA:523,1
DA:525,2
DA:528,4
DA:532,4
DA:533,4
DA:534,4
DA:535,1
DA:537,1
DA:538,1
DA:539,1
DA:540,1
DA:541,1
DA:542,1
DA:544,1
DA:545,1
DA:548,3
DA:549,1
DA:551,2
DA:552,1
DA:554,1
DA:556,2
DA:559,4
DA:565,5
DA:566,5
DA:567,5
DA:568,5
DA:569,5
DA:572,2
DA:573,2
DA:574,0
DA:579,2
DA:582,2
DA:583,0
DA:589,0
DA:590,0
DA:594,5
DA:595,1
DA:597,8
DA:598,4
DA:599,4
DA:600,5
DA:602,3
DA:603,3
DA:604,3
DA:605,1
DA:606,1
DA:607,1
DA:608,1
DA:609,1
DA:611,2
DA:612,2
DA:613,1
DA:615,1
DA:618,3
DA:623,3
DA:624,1
DA:626,2
DA:627,2
DA:628,2
DA:629,1
DA:630,1
DA:631,1
DA:632,1
DA:633,1
DA:635,1
DA:637,2
DA:642,1
DA:643,1
DA:646,1
DA:647,1
DA:648,1
DA:649,1
DA:650,1
DA:651,1
DA:656,0
DA:660,0
DA:661,0
DA:662,0
DA:663,0
DA:664,0
DA:665,0
DA:666,0
DA:667,0
DA:668,0
DA:671,0
DA:672,0
DA:677,0
DA:678,0
DA:679,0
DA:680,0
DA:682,0
DA:685,0
DA:689,0
DA:692,0
DA:693,0
DA:694,0
DA:695,0
DA:697,0
DA:700,0
DA:701,0
DA:705,0
DA:708,0
DA:712,0
DA:715,0
DA:719,0
DA:722,0
DA:723,0
DA:725,0
DA:726,0
DA:727,0
DA:729,0
DA:733,7
DA:734,0
DA:738,10
DA:741,1
DA:742,1
DA:743,1
DA:744,1
DA:745,1
DA:748,4
DA:749,4
DA:750,4
DA:751,4
DA:752,4
DA:753,4
DA:754,1
DA:755,1
DA:756,0
DA:757,0
DA:758,0
DA:764,1
DA:765,1
DA:766,1
DA:767,1
DA:768,1
DA:769,1
DA:770,1
DA:771,1
DA:772,1
DA:773,1
DA:774,0
DA:779,0
DA:780,0
DA:781,0
DA:784,0
DA:785,0
DA:786,0
DA:791,0
DA:792,0
DA:795,0
DA:799,1
DA:800,1
DA:801,1
DA:802,0
DA:803,0
DA:804,0
DA:805,0
DA:806,0
DA:808,0
DA:810,0
DA:811,0
DA:812,0
DA:813,0
DA:815,0
DA:816,0
DA:817,0
LF:306
LH:206
BRDA:285,0,0,9
BRDA:285,0,1,0
BRDA:300,1,0,0
BRDA:300,1,1,0
BRDA:300,2,0,0
BRDA:300,2,1,0
BRDA:300,2,2,0
BRDA:323,3,0,1
BRDA:323,3,1,0
BRDA:329,4,0,11
BRDA:329,4,1,11
BRDA:329,4,2,2
BRDA:332,5,0,6
BRDA:332,5,1,6
BRDA:332,5,2,4
BRDA:338,6,0,14
BRDA:338,6,1,14
BRDA:338,6,2,4
BRDA:346,7,0,4
BRDA:346,7,1,4
BRDA:346,8,0,8
BRDA:346,8,1,4
BRDA:355,9,0,5
BRDA:355,9,1,9
BRDA:355,10,0,14
BRDA:355,10,1,9
BRDA:365,11,0,0
BRDA:365,11,1,0
BRDA:368,12,0,0
BRDA:368,12,1,0
BRDA:376,13,0,20
BRDA:376,13,1,17
BRDA:379,14,0,11
BRDA:379,14,1,8
BRDA:379,14,2,5
BRDA:382,15,0,25
BRDA:382,15,1,15
BRDA:388,16,0,27
BRDA:388,16,1,12
BRDA:388,16,2,17
BRDA:388,16,3,12
BRDA:410,17,0,0
BRDA:410,17,1,0
BRDA:422,18,0,5
BRDA:422,18,1,2
BRDA:422,19,0,7
BRDA:422,19,1,6
BRDA:434,20,0,0
BRDA:434,20,1,0
BRDA:434,21,0,0
BRDA:434,21,1,0
BRDA:440,22,0,1
BRDA:440,22,1,6
BRDA:440,23,0,7
BRDA:440,23,1,1
BRDA:450,24,0,0
BRDA:450,24,1,0
BRDA:450,25,0,0
BRDA:450,25,1,0
BRDA:466,26,0,0
BRDA:466,26,1,8
BRDA:468,27,0,8
BRDA:468,27,1,0
BRDA:477,28,0,9
BRDA:477,28,1,1
BRDA:481,29,0,1
BRDA:481,29,1,4
BRDA:485,30,0,0
BRDA:485,30,1,23
BRDA:487,31,0,0
BRDA:487,31,1,0
BRDA:487,32,0,0
BRDA:487,32,1,0
BRDA:488,33,0,0
BRDA:488,33,1,0
BRDA:496,34,0,4
BRDA:496,34,1,4
BRDA:501,35,0,1
BRDA:501,35,1,0
BRDA:501,36,0,1
BRDA:501,36,1,0
BRDA:507,37,0,0
BRDA:507,37,1,1
BRDA:517,38,0,1
BRDA:517,38,1,2
BRDA:517,39,0,3
BRDA:517,39,1,2
BRDA:520,40,0,1
BRDA:520,40,1,1
BRDA:520,41,0,2
BRDA:520,41,1,1
BRDA:520,41,2,1
BRDA:535,42,0,1
BRDA:535,42,1,0
BRDA:548,43,0,1
BRDA:548,43,1,2
BRDA:548,44,0,3
BRDA:548,44,1,2
BRDA:551,45,0,1
BRDA:551,45,1,1
BRDA:551,46,0,2
BRDA:551,46,1,1
BRDA:551,46,2,1
BRDA:579,47,0,2
BRDA:579,47,1,0
BRDA:589,48,0,0
BRDA:589,48,1,0
BRDA:594,49,0,1
BRDA:594,49,1,4
BRDA:600,50,0,1
BRDA:600,50,1,3
BRDA:612,51,0,1
BRDA:612,51,1,1
BRDA:612,52,0,2
BRDA:612,52,1,1
BRDA:612,52,2,1
BRDA:623,53,0,1
BRDA:623,53,1,2
BRDA:649,54,0,1
BRDA:649,54,1,0
BRDA:660,55,0,0
BRDA:660,55,1,0
BRDA:663,56,0,0
BRDA:663,56,1,0
BRDA:663,57,0,0
BRDA:663,57,1,0
BRDA:663,57,2,0
BRDA:679,58,0,0
BRDA:679,58,1,0
BRDA:694,59,0,0
BRDA:694,59,1,0
BRDA:700,60,0,0
BRDA:700,60,1,0
BRDA:722,61,0,0
BRDA:722,61,1,0
BRDA:723,62,0,0
BRDA:723,62,1,0
BRDA:734,63,0,0
BRDA:734,63,1,0
BRDA:749,64,0,1
BRDA:749,64,1,3
BRDA:756,65,0,0
BRDA:756,65,1,0
BRDA:766,66,0,1
BRDA:766,66,1,0
BRDA:773,67,0,0
BRDA:773,67,1,1
BRDA:785,68,0,0
BRDA:785,68,1,0
BRDA:791,69,0,0
BRDA:791,69,1,0
BRDA:799,70,0,1
BRDA:799,70,1,0
BRDA:801,71,0,0
BRDA:801,71,1,1
BRDA:804,72,0,0
BRDA:804,72,1,0
BRDA:810,73,0,0
BRDA:810,73,1,0
BRF:159
BRH:88
end_of_record
TN:
SF:C:\Users\dinhn\Workspace\Arbeit\IG\dis\src\components\DisFormFilesButtons.vue
FN:22,(anonymous_1)
FN:28,(anonymous_2)
FN:29,(anonymous_3)
FN:31,(anonymous_4)
FN:32,(anonymous_5)
FN:34,(anonymous_6)
FN:35,(anonymous_7)
FN:37,(anonymous_8)
FN:39,(anonymous_9)
FN:43,(anonymous_10)
FN:46,(anonymous_11)
FN:48,(anonymous_12)
FN:51,(anonymous_13)
FN:53,(anonymous_14)
FN:56,(anonymous_15)
FN:60,(anonymous_16)
FN:72,(anonymous_17)
FN:83,(anonymous_18)
FN:89,(anonymous_19)
FN:92,(anonymous_20)
FN:99,(anonymous_21)
FNF:21
FNH:7
FNDA:4,(anonymous_1)
FNDA:4,(anonymous_2)
FNDA:0,(anonymous_3)
FNDA:0,(anonymous_4)
FNDA:0,(anonymous_5)
FNDA:4,(anonymous_6)
FNDA:0,(anonymous_7)
FNDA:4,(anonymous_8)
FNDA:0,(anonymous_9)
FNDA:0,(anonymous_10)
FNDA:0,(anonymous_11)
FNDA:0,(anonymous_12)
FNDA:0,(anonymous_13)
FNDA:0,(anonymous_14)
FNDA:0,(anonymous_15)
FNDA:0,(anonymous_16)
FNDA:4,(anonymous_17)
FNDA:4,(anonymous_18)
FNDA:0,(anonymous_19)
FNDA:0,(anonymous_20)
FNDA:8,(anonymous_21)
DA:13,9
DA:23,4
DA:29,4
DA:32,0
DA:35,4
DA:38,4
DA:39,4
DA:44,0
DA:47,0
DA:48,0
DA:49,0
DA:52,0
DA:53,0
DA:57,0
DA:58,0
DA:59,0
DA:60,0
DA:62,0
DA:63,0
DA:64,0
DA:66,0
DA:70,0
DA:73,8
DA:74,0
DA:75,0
DA:76,0
DA:77,0
DA:80,0
DA:84,4
DA:85,4
DA:86,4
DA:90,0
DA:93,0
DA:100,8
DA:101,4
DA:103,4
DA:104,4
DA:105,0
LF:38
LH:14
BRDA:39,0,0,4
BRDA:39,0,1,0
BRDA:39,0,2,0
BRDA:47,1,0,0
BRDA:47,1,1,0
BRDA:47,2,0,0
BRDA:47,2,1,0
BRDA:47,2,2,0
BRDA:49,3,0,0
BRDA:49,3,1,0
BRDA:52,4,0,0
BRDA:52,4,1,0
BRDA:52,5,0,0
BRDA:52,5,1,0
BRDA:52,5,2,0
BRDA:57,6,0,0
BRDA:57,6,1,0
BRDA:62,7,0,0
BRDA:62,7,1,0
BRDA:63,8,0,0
BRDA:63,8,1,0
BRDA:73,9,0,8
BRDA:73,9,1,4
BRDA:76,10,0,0
BRDA:76,10,1,0
BRDA:100,11,0,4
BRDA:100,11,1,4
BRF:27
BRH:5
end_of_record
TN:
SF:C:\Users\dinhn\Workspace\Arbeit\IG\dis\src\components\DisListValuesForm.vue
FN:125,(anonymous_1)
FN:156,(anonymous_2)
FN:177,(anonymous_3)
FN:181,(anonymous_4)
FN:189,(anonymous_5)
FN:219,(anonymous_6)
FN:223,(anonymous_7)
FN:226,(anonymous_8)
FN:266,(anonymous_9)
FN:286,(anonymous_10)
FN:300,(anonymous_11)
FN:312,(anonymous_12)
FN:324,(anonymous_13)
FN:333,(anonymous_14)
FNF:14
FNH:7
FNDA:1,(anonymous_1)
FNDA:1,(anonymous_2)
FNDA:1,(anonymous_3)
FNDA:1,(anonymous_4)
FNDA:1,(anonymous_5)
FNDA:0,(anonymous_6)
FNDA:0,(anonymous_7)
FNDA:0,(anonymous_8)
FNDA:0,(anonymous_9)
FNDA:1,(anonymous_10)
FNDA:0,(anonymous_11)
FNDA:0,(anonymous_12)
FNDA:0,(anonymous_13)
FNDA:1,(anonymous_14)
DA:118,9
DA:126,1
DA:157,1
DA:178,1
DA:182,1
DA:183,1
DA:185,1
DA:186,1
DA:190,1
DA:191,1
DA:192,1
DA:193,1
DA:194,0
DA:195,0
DA:196,0
DA:198,1
DA:205,1
DA:206,1
DA:209,1
DA:212,0
DA:213,0
DA:215,1
DA:216,1
DA:220,0
DA:221,0
DA:224,0
DA:227,0
DA:228,0
DA:230,0
DA:231,0
DA:232,0
DA:233,0
DA:234,0
DA:235,0
DA:237,0
DA:238,0
DA:240,0
DA:241,0
DA:244,0
DA:248,0
DA:249,0
DA:250,0
DA:251,0
DA:252,0
DA:253,0
DA:255,0
DA:256,0
DA:258,0
DA:259,0
DA:262,0
DA:267,0
DA:268,0
DA:272,0
DA:273,0
DA:274,0
DA:275,0
DA:276,0
DA:277,0
DA:279,0
DA:280,0
DA:282,0
DA:287,1
DA:288,1
DA:289,1
DA:290,0
DA:291,0
DA:292,0
DA:294,1
DA:295,0
DA:297,1
DA:301,0
DA:302,0
DA:303,0
DA:304,0
DA:306,0
DA:307,0
DA:309,0
DA:313,0
DA:314,0
DA:315,0
DA:316,0
DA:318,0
DA:319,0
DA:321,0
DA:325,0
DA:326,0
DA:327,0
DA:334,1
DA:335,1
LF:89
LH:25
BRDA:178,0,0,1
BRDA:178,0,1,0
BRDA:182,1,0,1
BRDA:182,1,1,0
BRDA:193,2,0,0
BRDA:193,2,1,1
BRDA:198,3,0,0
BRDA:198,3,1,1
BRDA:201,4,0,0
BRDA:201,4,1,0
BRDA:228,5,0,0
BRDA:228,5,1,0
BRDA:237,6,0,0
BRDA:237,6,1,0
BRDA:255,7,0,0
BRDA:255,7,1,0
BRDA:272,8,0,0
BRDA:272,8,1,0
BRDA:334,9,0,1
BRDA:334,9,1,0
BRF:20
BRH:5
end_of_record
TN:
SF:C:\Users\dinhn\Workspace\Arbeit\IG\dis\src\components\DisLoginDialog.vue
FN:20,(anonymous_1)
FNF:1
FNH:0
FNDA:0,(anonymous_1)
DA:21,0
LF:1
LH:0
BRF:0
BRH:0
end_of_record
TN:
SF:C:\Users\dinhn\Workspace\Arbeit\IG\dis\src\components\DisQrCodeScanner.vue
FN:24,(anonymous_1)
FN:34,(anonymous_2)
FN:37,(anonymous_3)
FN:44,(anonymous_4)
FN:47,(anonymous_5)
FN:49,(anonymous_6)
FN:52,(anonymous_7)
FN:55,(anonymous_8)
FN:86,(anonymous_9)
FNF:9
FNH:0
FNDA:0,(anonymous_1)
FNDA:0,(anonymous_2)
FNDA:0,(anonymous_3)
FNDA:0,(anonymous_4)
FNDA:0,(anonymous_5)
FNDA:0,(anonymous_6)
FNDA:0,(anonymous_7)
FNDA:0,(anonymous_8)
FNDA:0,(anonymous_9)
DA:12,9
DA:13,9
DA:25,0
DA:35,0
DA:38,0
DA:39,0
DA:45,0
DA:50,0
DA:53,0
DA:56,0
DA:57,0
DA:58,0
DA:59,0
DA:60,0
DA:61,0
DA:62,0
DA:63,0
DA:72,0
DA:73,0
DA:74,0
DA:75,0
DA:78,0
DA:79,0
DA:81,0
DA:87,0
DA:88,0
DA:89,0
DA:91,0
DA:92,0
LF:29
LH:2
BRDA:35,0,0,0
BRDA:35,0,1,0
BRDA:38,1,0,0
BRDA:38,1,1,0
BRDA:62,2,0,0
BRDA:62,2,1,0
BRDA:73,3,0,0
BRDA:73,3,1,0
BRDA:87,4,0,0
BRDA:87,4,1,0
BRF:10
BRH:0
end_of_record
TN:
SF:C:\Users\dinhn\Workspace\Arbeit\IG\dis\src\components\DisSelectAutoPrint.vue
FN:56,(anonymous_1)
FN:61,(anonymous_2)
FN:66,(anonymous_3)
FN:68,(anonymous_4)
FN:73,(anonymous_5)
FNF:5
FNH:4
FNDA:4,(anonymous_1)
FNDA:4,(anonymous_2)
FNDA:3,(anonymous_3)
FNDA:4,(anonymous_4)
FNDA:0,(anonymous_5)
DA:36,9
DA:57,4
DA:62,4
DA:63,4
DA:74,0
DA:75,0
LF:6
LH:4
BRDA:62,0,0,4
BRDA:62,0,1,0
BRF:2
BRH:1
end_of_record
TN:
SF:C:\Users\dinhn\Workspace\Arbeit\IG\dis\src\components\DisSelectReport.vue
FN:52,(anonymous_1)
FN:58,(anonymous_2)
FN:60,(anonymous_3)
FN:62,(anonymous_4)
FN:65,(anonymous_5)
FN:66,(anonymous_6)
FN:70,(anonymous_7)
FN:71,(anonymous_8)
FN:75,(anonymous_9)
FN:76,(anonymous_10)
FN:82,(anonymous_11)
FN:86,(anonymous_12)
FNF:12
FNH:11
FNDA:5,(anonymous_1)
FNDA:5,(anonymous_2)
FNDA:1,(anonymous_3)
FNDA:5,(anonymous_4)
FNDA:9,(anonymous_5)
FNDA:4,(anonymous_6)
FNDA:9,(anonymous_7)
FNDA:4,(anonymous_8)
FNDA:9,(anonymous_9)
FNDA:4,(anonymous_10)
FNDA:0,(anonymous_11)
FNDA:20,(anonymous_12)
DA:53,5
DA:66,9
DA:67,4
DA:71,9
DA:72,4
DA:76,9
DA:77,4
DA:83,0
DA:84,0
DA:87,20
LF:10
LH:8
BRF:0
BRH:0
end_of_record
TN:
SF:C:\Users\dinhn\Workspace\Arbeit\IG\dis\src\components\DisServerValidationErrorsView.vue
FN:21,(anonymous_1)
FN:24,(anonymous_2)
FNF:2
FNH:0
FNDA:0,(anonymous_1)
FNDA:0,(anonymous_2)
DA:22,0
DA:25,0
LF:2
LH:0
BRDA:25,0,0,0
BRDA:25,0,1,0
BRF:2
BRH:0
end_of_record
TN:
SF:C:\Users\dinhn\Workspace\Arbeit\IG\dis\src\components\DisSimplePanel.vue
FN:20,(anonymous_1)
FNF:1
FNH:1
FNDA:33,(anonymous_1)
DA:21,33
LF:1
LH:1
BRF:0
BRH:0
end_of_record
TN:
SF:C:\Users\dinhn\Workspace\Arbeit\IG\dis\src\components\DisSmartForm.vue
FN:96,(anonymous_1)
FN:104,(anonymous_2)
FN:118,(anonymous_3)
FN:119,(anonymous_4)
FN:121,(anonymous_5)
FN:125,(anonymous_6)
FN:127,(anonymous_7)
FN:129,(anonymous_8)
FN:133,(anonymous_9)
FN:135,(anonymous_10)
FN:137,(anonymous_11)
FN:140,(anonymous_12)
FN:143,(anonymous_13)
FN:144,(anonymous_14)
FN:151,(anonymous_15)
FN:154,(anonymous_16)
FN:157,(anonymous_17)
FN:159,(anonymous_18)
FN:160,(anonymous_20)
FN:166,(anonymous_21)
FN:167,(anonymous_22)
FN:175,(anonymous_23)
FN:182,(anonymous_24)
FNF:23
FNH:0
FNDA:0,(anonymous_1)
FNDA:0,(anonymous_2)
FNDA:0,(anonymous_3)
FNDA:0,(anonymous_4)
FNDA:0,(anonymous_5)
FNDA:0,(anonymous_6)
FNDA:0,(anonymous_7)
FNDA:0,(anonymous_8)
FNDA:0,(anonymous_9)
FNDA:0,(anonymous_10)
FNDA:0,(anonymous_11)
FNDA:0,(anonymous_12)
FNDA:0,(anonymous_13)
FNDA:0,(anonymous_14)
FNDA:0,(anonymous_15)
FNDA:0,(anonymous_16)
FNDA:0,(anonymous_17)
FNDA:0,(anonymous_18)
FNDA:0,(anonymous_20)
FNDA:0,(anonymous_21)
FNDA:0,(anonymous_22)
FNDA:0,(anonymous_23)
FNDA:0,(anonymous_24)
DA:97,0
DA:105,0
DA:106,0
DA:107,0
DA:108,0
DA:109,0
DA:110,0
DA:112,0
DA:119,0
DA:122,0
DA:123,0
DA:124,0
DA:125,0
DA:127,0
DA:130,0
DA:131,0
DA:132,0
DA:133,0
DA:135,0
DA:138,0
DA:141,0
DA:144,0
DA:145,0
DA:146,0
DA:148,0
DA:152,0
DA:155,0
DA:158,0
DA:159,0
DA:160,0
DA:161,0
DA:164,0
DA:167,0
DA:168,0
DA:169,0
DA:171,0
DA:172,0
DA:174,0
DA:175,0
DA:176,0
DA:178,0
DA:183,0
DA:185,0
DA:187,0
DA:189,0
DA:191,0
DA:193,0
DA:195,0
DA:197,0
DA:199,0
DA:201,0
LF:51
LH:0
BRDA:145,0,0,0
BRDA:145,0,1,0
BRDA:168,1,0,0
BRDA:168,1,1,0
BRDA:178,2,0,0
BRDA:178,2,1,0
BRDA:184,3,0,0
BRDA:184,3,1,0
BRDA:184,3,2,0
BRDA:184,3,3,0
BRDA:184,3,4,0
BRDA:184,3,5,0
BRDA:184,3,6,0
BRDA:184,3,7,0
BRDA:184,3,8,0
BRF:15
BRH:0
end_of_record
TN:
SF:C:\Users\dinhn\Workspace\Arbeit\IG\dis\src\components\DisSnackbar.vue
FNF:0
FNH:0
DA:24,0
LF:1
LH:0
BRF:0
BRH:0
end_of_record
TN:
SF:C:\Users\dinhn\Workspace\Arbeit\IG\dis\src\components\extra\CumulativeSectionLengthIndicator.vue
FN:26,(anonymous_1)
FN:33,(anonymous_2)
FN:38,(anonymous_3)
FN:47,(anonymous_4)
FN:57,(anonymous_5)
FNF:5
FNH:0
FNDA:0,(anonymous_1)
FNDA:0,(anonymous_2)
FNDA:0,(anonymous_3)
FNDA:0,(anonymous_4)
FNDA:0,(anonymous_5)
DA:11,0
DA:27,0
DA:34,0
DA:39,0
DA:40,0
DA:41,0
DA:42,0
DA:43,0
DA:44,0
DA:45,0
DA:46,0
DA:47,0
DA:49,0
DA:50,0
DA:58,0
LF:15
LH:0
BRDA:46,0,0,0
BRDA:46,0,1,0
BRF:2
BRH:0
end_of_record
TN:
SF:C:\Users\dinhn\Workspace\Arbeit\IG\dis\src\components\input\DisAutoIncrementInput.vue
FN:19,(anonymous_1)
FNF:1
FNH:1
FNDA:35,(anonymous_1)
DA:20,35
LF:1
LH:1
BRF:0
BRH:0
end_of_record
TN:
SF:C:\Users\dinhn\Workspace\Arbeit\IG\dis\src\components\input\DisDateInput.vue
FN:27,(anonymous_1)
FN:33,(anonymous_2)
FN:39,(anonymous_3)
FNF:3
FNH:0
FNDA:0,(anonymous_1)
FNDA:0,(anonymous_2)
FNDA:0,(anonymous_3)
DA:16,9
DA:28,0
DA:35,0
DA:40,0
DA:41,0
LF:5
LH:1
BRDA:41,0,0,0
BRDA:41,0,1,0
BRDA:41,0,2,0
BRF:3
BRH:0
end_of_record
TN:
SF:C:\Users\dinhn\Workspace\Arbeit\IG\dis\src\components\input\DisDateTimeInput.vue
FN:32,(anonymous_1)
FN:37,(anonymous_2)
FN:42,(anonymous_3)
FN:66,(anonymous_4)
FN:69,(anonymous_5)
FN:76,(anonymous_6)
FN:81,(anonymous_7)
FN:87,(anonymous_8)
FN:90,(anonymous_9)
FN:93,(anonymous_10)
FN:96,(anonymous_11)
FN:101,(anonymous_12)
FN:116,(anonymous_13)
FNF:13
FNH:0
FNDA:0,(anonymous_1)
FNDA:0,(anonymous_2)
FNDA:0,(anonymous_3)
FNDA:0,(anonymous_4)
FNDA:0,(anonymous_5)
FNDA:0,(anonymous_6)
FNDA:0,(anonymous_7)
FNDA:0,(anonymous_8)
FNDA:0,(anonymous_9)
FNDA:0,(anonymous_10)
FNDA:0,(anonymous_11)
FNDA:0,(anonymous_12)
FNDA:0,(anonymous_13)
DA:18,9
DA:19,9
DA:33,0
DA:38,0
DA:44,0
DA:46,0
DA:60,0
DA:63,0
DA:67,0
DA:70,0
DA:71,0
DA:73,0
DA:77,0
DA:78,0
DA:82,0
DA:83,0
DA:85,0
DA:88,0
DA:91,0
DA:94,0
DA:97,0
DA:103,0
DA:104,0
DA:105,0
DA:108,0
DA:109,0
DA:110,0
DA:111,0
DA:112,0
DA:117,0
DA:118,0
DA:119,0
LF:32
LH:2
BRDA:33,0,0,0
BRDA:33,0,1,0
BRDA:33,0,2,0
BRDA:33,0,3,0
BRDA:33,0,4,0
BRDA:33,0,5,0
BRDA:44,1,0,0
BRDA:44,1,1,0
BRDA:52,2,0,0
BRDA:52,2,1,0
BRDA:67,3,0,0
BRDA:67,3,1,0
BRDA:70,4,0,0
BRDA:70,4,1,0
BRDA:77,5,0,0
BRDA:77,5,1,0
BRDA:77,6,0,0
BRDA:77,6,1,0
BRDA:82,7,0,0
BRDA:82,7,1,0
BRDA:91,8,0,0
BRDA:91,8,1,0
BRDA:97,9,0,0
BRDA:97,9,1,0
BRDA:97,9,2,0
BRDA:103,10,0,0
BRDA:103,10,1,0
BRDA:103,11,0,0
BRDA:103,11,1,0
BRDA:108,12,0,0
BRDA:108,12,1,0
BRDA:109,13,0,0
BRDA:109,13,1,0
BRDA:110,14,0,0
BRDA:110,14,1,0
BRDA:110,15,0,0
BRDA:110,15,1,0
BRDA:112,16,0,0
BRDA:112,16,1,0
BRDA:117,17,0,0
BRDA:117,17,1,0
BRF:41
BRH:0
end_of_record
TN:
SF:C:\Users\dinhn\Workspace\Arbeit\IG\dis\src\components\input\DisSelectInput.vue
FN:126,(anonymous_1)
FN:137,(anonymous_2)
FN:152,(anonymous_3)
FN:186,(anonymous_4)
FN:191,(anonymous_5)
FN:196,(anonymous_6)
FN:197,(anonymous_8)
FN:204,(anonymous_9)
FN:219,(anonymous_10)
FN:231,(anonymous_11)
FN:234,(anonymous_12)
FN:237,(anonymous_13)
FN:242,(anonymous_14)
FN:245,(anonymous_15)
FN:250,(anonymous_16)
FN:252,(anonymous_17)
FN:254,(anonymous_18)
FN:262,(anonymous_19)
FN:264,(anonymous_21)
FN:269,(anonymous_22)
FN:271,(anonymous_23)
FN:273,(anonymous_24)
FN:291,(anonymous_25)
FN:294,(anonymous_27)
FN:299,(anonymous_28)
FN:305,(anonymous_29)
FN:309,(anonymous_30)
FN:312,(anonymous_31)
FN:324,(anonymous_32)
FN:329,(anonymous_33)
FNF:30
FNH:19
FNDA:8,(anonymous_1)
FNDA:8,(anonymous_2)
FNDA:0,(anonymous_3)
FNDA:17,(anonymous_4)
FNDA:0,(anonymous_5)
FNDA:0,(anonymous_6)
FNDA:0,(anonymous_8)
FNDA:8,(anonymous_9)
FNDA:9,(anonymous_10)
FNDA:1,(anonymous_11)
FNDA:0,(anonymous_12)
FNDA:0,(anonymous_13)
FNDA:0,(anonymous_14)
FNDA:0,(anonymous_15)
FNDA:5,(anonymous_16)
FNDA:5,(anonymous_17)
FNDA:15,(anonymous_18)
FNDA:45,(anonymous_19)
FNDA:5,(anonymous_21)
FNDA:4,(anonymous_22)
FNDA:4,(anonymous_23)
FNDA:12,(anonymous_24)
FNDA:36,(anonymous_25)
FNDA:4,(anonymous_27)
FNDA:2,(anonymous_28)
FNDA:1,(anonymous_29)
FNDA:22,(anonymous_30)
FNDA:0,(anonymous_31)
FNDA:0,(anonymous_32)
FNDA:0,(anonymous_33)
DA:97,9
DA:98,9
DA:99,9
DA:100,9
DA:101,9
DA:127,8
DA:138,8
DA:139,8
DA:140,0
DA:141,0
DA:142,0
DA:143,0
DA:144,0
DA:145,0
DA:146,0
DA:149,0
DA:150,0
DA:151,0
DA:152,0
DA:154,0
DA:156,0
DA:157,0
DA:158,0
DA:159,0
DA:160,0
DA:162,0
DA:163,0
DA:164,0
DA:167,0
DA:168,0
DA:169,0
DA:172,0
DA:177,8
DA:179,5
DA:181,3
DA:183,0
DA:187,17
DA:188,17
DA:189,17
DA:191,0
DA:192,0
DA:194,17
DA:195,17
DA:196,0
DA:197,0
DA:201,17
DA:205,8
DA:206,8
DA:207,8
DA:208,8
DA:209,8
DA:213,5
DA:214,5
DA:216,5
DA:217,5
DA:219,14
DA:220,5
DA:221,5
DA:222,5
DA:224,3
DA:225,3
DA:226,3
DA:227,3
DA:232,1
DA:235,0
DA:236,0
DA:237,0
DA:238,0
DA:239,0
DA:243,0
DA:244,0
DA:245,0
DA:246,0
DA:247,0
DA:251,5
DA:252,5
DA:254,5
DA:255,15
DA:262,45
DA:263,5
DA:266,5
DA:270,4
DA:271,4
DA:273,4
DA:274,12
DA:275,0
DA:276,0
DA:277,0
DA:278,0
DA:283,0
DA:285,12
DA:291,36
DA:293,4
DA:296,4
DA:300,2
DA:301,1
DA:303,1
DA:306,1
DA:307,1
DA:310,22
DA:311,22
DA:312,22
DA:313,0
DA:314,0
DA:318,0
DA:320,22
DA:325,0
DA:326,0
DA:330,0
DA:331,0
LF:110
LH:59
BRDA:139,0,0,0
BRDA:139,0,1,8
BRDA:143,1,0,0
BRDA:143,1,1,0
BRDA:143,2,0,0
BRDA:143,2,1,0
BRDA:159,3,0,0
BRDA:159,3,1,0
BRDA:167,4,0,0
BRDA:167,4,1,0
BRDA:169,5,0,0
BRDA:169,5,1,0
BRDA:178,6,0,5
BRDA:178,6,1,3
BRDA:178,6,2,0
BRDA:188,7,0,17
BRDA:188,7,1,0
BRDA:190,8,0,0
BRDA:190,8,1,17
BRDA:191,9,0,0
BRDA:191,9,1,0
BRDA:195,10,0,0
BRDA:195,10,1,17
BRDA:210,11,0,5
BRDA:210,11,1,5
BRDA:210,11,2,5
BRDA:210,11,3,3
BRDA:213,12,0,5
BRDA:213,12,1,0
BRDA:217,13,0,4
BRDA:217,13,1,1
BRDA:220,14,0,5
BRDA:220,14,1,1
BRDA:235,15,0,0
BRDA:235,15,1,0
BRDA:235,16,0,0
BRDA:235,16,1,0
BRDA:235,16,2,0
BRDA:236,17,0,0
BRDA:236,17,1,0
BRDA:238,18,0,0
BRDA:238,18,1,0
BRDA:243,19,0,0
BRDA:243,19,1,0
BRDA:243,20,0,0
BRDA:243,20,1,0
BRDA:243,20,2,0
BRDA:244,21,0,0
BRDA:244,21,1,0
BRDA:246,22,0,0
BRDA:246,22,1,0
BRDA:256,23,0,27
BRDA:256,23,1,18
BRDA:256,24,0,15
BRDA:256,24,1,12
BRDA:256,24,2,12
BRDA:260,25,0,6
BRDA:260,25,1,9
BRDA:262,26,0,30
BRDA:262,26,1,15
BRDA:274,27,0,0
BRDA:274,27,1,12
BRDA:274,28,0,12
BRDA:274,28,1,3
BRDA:274,28,2,3
BRDA:279,29,0,0
BRDA:279,29,1,0
BRDA:279,30,0,0
BRDA:279,30,1,0
BRDA:279,30,2,0
BRDA:286,31,0,8
BRDA:286,31,1,4
BRDA:286,32,0,12
BRDA:286,32,1,12
BRDA:286,32,2,8
BRDA:288,33,0,3
BRDA:288,33,1,9
BRDA:291,34,0,24
BRDA:291,34,1,12
BRDA:300,35,0,1
BRDA:300,35,1,1
BRDA:311,36,0,22
BRDA:311,36,1,0
BRDA:313,37,0,0
BRDA:313,37,1,0
BRDA:320,38,0,0
BRDA:320,38,1,22
BRDA:325,39,0,0
BRDA:325,39,1,0
BRF:89
BRH:41
end_of_record
TN:
SF:C:\Users\dinhn\Workspace\Arbeit\IG\dis\src\components\input\DisSwitchInput.vue
FN:31,(anonymous_1)
FNF:1
FNH:0
FNDA:0,(anonymous_1)
DA:25,9
DA:32,0
LF:2
LH:1
BRF:0
BRH:0
end_of_record
TN:
SF:C:\Users\dinhn\Workspace\Arbeit\IG\dis\src\components\input\DisTextInput.vue
FN:27,(anonymous_1)
FN:28,(anonymous_2)
FNF:2
FNH:2
FNDA:6,(anonymous_1)
FNDA:2,(anonymous_2)
DA:15,9
DA:28,6
DA:29,2
DA:31,6
DA:32,0
DA:34,6
LF:6
LH:5
BRDA:31,0,0,0
BRDA:31,0,1,6
BRF:2
BRH:1
end_of_record
TN:
SF:C:\Users\dinhn\Workspace\Arbeit\IG\dis\src\components\input\DisTextareaInput.vue
FNF:0
FNH:0
DA:13,9
LF:1
LH:1
BRF:0
BRH:0
end_of_record
TN:
SF:C:\Users\dinhn\Workspace\Arbeit\IG\dis\src\components\input\DisTimeInput.vue
FN:25,(anonymous_1)
FNF:1
FNH:0
FNDA:0,(anonymous_1)
DA:14,9
DA:26,0
LF:2
LH:1
BRF:0
BRH:0
end_of_record
TN:
SF:C:\Users\dinhn\Workspace\Arbeit\IG\dis\src\components\templates-manager\AutoCodeGenerator.vue
FN:29,(anonymous_1)
FN:35,(anonymous_2)
FN:38,(anonymous_3)
FNF:3
FNH:1
FNDA:8,(anonymous_1)
FNDA:0,(anonymous_2)
FNDA:0,(anonymous_3)
DA:19,4
DA:30,8
DA:36,0
DA:37,0
DA:38,0
DA:39,0
DA:40,0
DA:41,0
DA:42,0
DA:44,0
DA:45,0
DA:47,0
DA:50,0
LF:13
LH:2
BRDA:39,0,0,0
BRDA:39,0,1,0
BRF:2
BRH:0
end_of_record
TN:
SF:C:\Users\dinhn\Workspace\Arbeit\IG\dis\src\components\templates-manager\CodeGenerator.vue
FN:68,(anonymous_1)
FN:82,(anonymous_2)
FN:85,(anonymous_3)
FN:90,(anonymous_4)
FN:94,(anonymous_5)
FN:109,(anonymous_6)
FN:125,(anonymous_7)
FN:134,(anonymous_8)
FNF:8
FNH:3
FNDA:8,(anonymous_1)
FNDA:8,(anonymous_2)
FNDA:0,(anonymous_3)
FNDA:8,(anonymous_4)
FNDA:0,(anonymous_5)
FNDA:0,(anonymous_6)
FNDA:0,(anonymous_7)
FNDA:0,(anonymous_8)
DA:54,4
DA:69,8
DA:83,8
DA:86,0
DA:91,8
DA:95,0
DA:96,0
DA:97,0
DA:98,0
DA:100,0
DA:101,0
DA:103,0
DA:104,0
DA:106,0
DA:110,0
DA:111,0
DA:112,0
DA:113,0
DA:115,0
DA:116,0
DA:117,0
DA:119,0
DA:120,0
DA:122,0
DA:126,0
DA:127,0
DA:128,0
DA:130,0
DA:131,0
DA:132,0
DA:133,0
DA:134,0
DA:135,0
DA:136,0
DA:139,0
DA:141,0
DA:144,0
DA:145,0
DA:147,0
LF:39
LH:4
BRDA:125,0,0,0
BRDA:131,1,0,0
BRDA:131,1,1,0
BRDA:131,2,0,0
BRDA:131,2,1,0
BRDA:133,3,0,0
BRDA:133,3,1,0
BRDA:133,4,0,0
BRDA:133,4,1,0
BRF:9
BRH:0
end_of_record
TN:
SF:C:\Users\dinhn\Workspace\Arbeit\IG\dis\src\components\templates-manager\FormTemplateSummary.vue
FN:62,(anonymous_1)
FN:68,(anonymous_2)
FN:91,(anonymous_3)
FN:99,(anonymous_4)
FN:131,(anonymous_5)
FN:142,(anonymous_6)
FN:159,(anonymous_7)
FNF:7
FNH:0
FNDA:0,(anonymous_1)
FNDA:0,(anonymous_2)
FNDA:0,(anonymous_3)
FNDA:0,(anonymous_4)
FNDA:0,(anonymous_5)
FNDA:0,(anonymous_6)
FNDA:0,(anonymous_7)
DA:49,0
DA:50,0
DA:51,0
DA:63,0
DA:69,0
DA:74,0
DA:75,0
DA:76,0
DA:77,0
DA:78,0
DA:79,0
DA:80,0
DA:85,0
DA:86,0
DA:88,0
DA:92,0
DA:96,0
DA:97,0
DA:98,0
DA:99,0
DA:100,0
DA:104,0
DA:106,0
DA:107,0
DA:108,0
DA:109,0
DA:110,0
DA:111,0
DA:113,0
DA:114,0
DA:115,0
DA:116,0
DA:117,0
DA:119,0
DA:120,0
DA:122,0
DA:124,0
DA:125,0
DA:127,0
DA:132,0
DA:133,0
DA:134,0
DA:135,0
DA:137,0
DA:139,0
DA:143,0
DA:144,0
DA:145,0
DA:146,0
DA:147,0
DA:148,0
DA:149,0
DA:150,0
DA:151,0
DA:152,0
DA:154,0
DA:156,0
DA:160,0
DA:161,0
DA:165,0
DA:166,0
DA:167,0
DA:168,0
DA:169,0
DA:170,0
DA:171,0
DA:172,0
DA:173,0
DA:175,0
DA:177,0
LF:70
LH:0
BRDA:76,0,0,0
BRDA:76,0,1,0
BRDA:96,1,0,0
BRDA:96,1,1,0
BRDA:99,2,0,0
BRDA:99,2,1,0
BRDA:114,3,0,0
BRDA:114,3,1,0
BRDA:114,4,0,0
BRDA:114,4,1,0
BRDA:119,5,0,0
BRDA:119,5,1,0
BRDA:119,6,0,0
BRDA:119,6,1,0
BRDA:125,7,0,0
BRDA:125,7,1,0
BRDA:165,8,0,0
BRDA:165,8,1,0
BRF:18
BRH:0
end_of_record
TN:
SF:C:\Users\dinhn\Workspace\Arbeit\IG\dis\src\components\templates-manager\GeneratedFiles.vue
FN:47,(anonymous_1)
FN:53,(anonymous_2)
FN:54,(anonymous_3)
FNF:3
FNH:0
FNDA:0,(anonymous_1)
FNDA:0,(anonymous_2)
FNDA:0,(anonymous_3)
DA:48,0
DA:54,0
DA:55,0
DA:56,0
DA:57,0
DA:58,0
DA:59,0
DA:60,0
DA:61,0
DA:63,0
DA:64,0
DA:65,0
DA:66,0
DA:68,0
LF:14
LH:0
BRDA:60,0,0,0
BRDA:60,0,1,0
BRDA:65,1,0,0
BRDA:65,1,1,0
BRF:4
BRH:0
end_of_record
TN:
SF:C:\Users\dinhn\Workspace\Arbeit\IG\dis\src\components\templates-manager\ModelTemplateSummary.vue
FN:59,(anonymous_1)
FN:65,(anonymous_2)
FN:86,(anonymous_3)
FN:92,(anonymous_4)
FN:123,(anonymous_5)
FNF:5
FNH:0
FNDA:0,(anonymous_1)
FNDA:0,(anonymous_2)
FNDA:0,(anonymous_3)
FNDA:0,(anonymous_4)
FNDA:0,(anonymous_5)
DA:45,0
DA:46,0
DA:47,0
DA:48,0
DA:60,0
DA:66,0
DA:67,0
DA:68,0
DA:73,0
DA:74,0
DA:75,0
DA:80,0
DA:81,0
DA:83,0
DA:87,0
DA:91,0
DA:92,0
DA:93,0
DA:97,0
DA:99,0
DA:100,0
DA:101,0
DA:102,0
DA:103,0
DA:104,0
DA:106,0
DA:107,0
DA:108,0
DA:109,0
DA:110,0
DA:112,0
DA:113,0
DA:115,0
DA:117,0
DA:118,0
DA:120,0
DA:124,0
DA:125,0
DA:126,0
DA:127,0
DA:128,0
DA:129,0
DA:130,0
DA:131,0
DA:132,0
DA:133,0
DA:135,0
DA:137,0
LF:48
LH:0
BRDA:73,0,0,0
BRDA:73,0,1,0
BRDA:92,1,0,0
BRDA:92,1,1,0
BRDA:107,2,0,0
BRDA:107,2,1,0
BRDA:107,3,0,0
BRDA:107,3,1,0
BRDA:112,4,0,0
BRDA:112,4,1,0
BRDA:112,5,0,0
BRDA:112,5,1,0
BRDA:118,6,0,0
BRDA:118,6,1,0
BRF:14
BRH:0
end_of_record
TN:
SF:C:\Users\dinhn\Workspace\Arbeit\IG\dis\src\components\templates-manager\data-models\DataModelBehaviorTemplate.vue
FN:40,(anonymous_1)
FN:44,(anonymous_2)
FN:45,(anonymous_3)
FN:47,(anonymous_4)
FN:50,(anonymous_5)
FN:55,(anonymous_6)
FNF:6
FNH:6
FNDA:1,(anonymous_1)
FNDA:1,(anonymous_2)
FNDA:1,(anonymous_3)
FNDA:1,(anonymous_4)
FNDA:1,(anonymous_5)
FNDA:2,(anonymous_6)
DA:30,3
DA:41,1
DA:45,2
DA:48,1
DA:51,1
DA:52,0
DA:54,1
DA:55,1
DA:56,2
DA:58,1
LF:10
LH:9
BRDA:48,0,0,1
BRDA:48,0,1,0
BRDA:51,1,0,0
BRDA:51,1,1,1
BRF:4
BRH:2
end_of_record
TN:
SF:C:\Users\dinhn\Workspace\Arbeit\IG\dis\src\components\templates-manager\data-models\DataModelColumnTemplate.vue
FN:122,(anonymous_1)
FN:126,(anonymous_2)
FN:134,(anonymous_3)
FN:137,(anonymous_4)
FN:145,(anonymous_5)
FN:157,(anonymous_6)
FN:170,(anonymous_7)
FN:171,(anonymous_8)
FNF:8
FNH:4
FNDA:13,(anonymous_1)
FNDA:13,(anonymous_2)
FNDA:13,(anonymous_3)
FNDA:0,(anonymous_4)
FNDA:0,(anonymous_5)
FNDA:2,(anonymous_6)
FNDA:0,(anonymous_7)
FNDA:0,(anonymous_8)
DA:103,3
DA:123,13
DA:124,13
DA:127,13
DA:135,13
DA:138,0
DA:139,0
DA:141,0
DA:143,0
DA:146,0
DA:151,0
DA:158,2
DA:159,1
DA:166,1
DA:171,0
LF:15
LH:8
BRDA:135,0,0,13
BRDA:135,0,1,0
BRDA:138,1,0,0
BRDA:138,1,1,0
BRDA:138,2,0,0
BRDA:138,2,1,0
BRDA:146,3,0,0
BRDA:146,3,1,0
BRDA:146,4,0,0
BRDA:146,4,1,0
BRDA:146,4,2,0
BRDA:146,4,3,0
BRDA:146,4,4,0
BRDA:158,5,0,1
BRDA:158,5,1,1
BRDA:158,6,0,2
BRDA:158,6,1,1
BRDA:171,7,0,0
BRDA:171,7,1,0
BRF:19
BRH:5
end_of_record
TN:
SF:C:\Users\dinhn\Workspace\Arbeit\IG\dis\src\components\templates-manager\data-models\DataModelForeignKeyTemplate.vue
FN:111,(anonymous_1)
FN:118,(anonymous_2)
FN:124,(anonymous_3)
FN:125,(anonymous_4)
FN:128,(anonymous_5)
FN:131,(anonymous_6)
FN:136,(anonymous_7)
FN:137,(anonymous_8)
FN:139,(anonymous_10)
FN:140,(anonymous_11)
FN:144,(anonymous_15)
FNF:11
FNH:7
FNDA:6,(anonymous_1)
FNDA:6,(anonymous_2)
FNDA:6,(anonymous_3)
FNDA:0,(anonymous_4)
FNDA:0,(anonymous_5)
FNDA:0,(anonymous_6)
FNDA:6,(anonymous_7)
FNDA:48,(anonymous_8)
FNDA:6,(anonymous_10)
FNDA:126,(anonymous_11)
FNDA:0,(anonymous_15)
DA:90,3
DA:112,6
DA:119,6
DA:120,6
DA:121,6
DA:122,6
DA:125,6
DA:126,0
DA:128,6
DA:129,0
DA:131,6
DA:132,0
DA:137,54
DA:140,144
DA:142,0
DA:145,0
LF:16
LH:11
BRDA:119,0,0,6
BRDA:119,0,1,0
BRDA:140,1,0,6
BRDA:140,1,1,6
BRF:4
BRH:3
end_of_record
TN:
SF:C:\Users\dinhn\Workspace\Arbeit\IG\dis\src\components\templates-manager\data-models\DataModelIndexTemplate.vue
FN:78,(anonymous_1)
FNF:1
FNH:1
FNDA:13,(anonymous_1)
DA:61,3
DA:79,13
LF:2
LH:2
BRF:0
BRH:0
end_of_record
TN:
SF:C:\Users\dinhn\Workspace\Arbeit\IG\dis\src\components\templates-manager\data-models\DataModelTemplate.vue
FN:205,(anonymous_1)
FN:228,(anonymous_2)
FN:238,(anonymous_3)
FN:242,(anonymous_4)
FN:243,(anonymous_5)
FN:244,(anonymous_6)
FN:245,(anonymous_7)
FN:246,(anonymous_8)
FN:252,(anonymous_9)
FN:287,(anonymous_10)
FN:297,(anonymous_11)
FN:300,(anonymous_12)
FN:305,(anonymous_13)
FN:308,(anonymous_14)
FN:312,(anonymous_15)
FN:315,(anonymous_16)
FN:318,(anonymous_17)
FN:319,(anonymous_18)
FN:321,(anonymous_19)
FN:325,(anonymous_20)
FN:326,(anonymous_21)
FN:328,(anonymous_22)
FN:329,(anonymous_23)
FN:332,(anonymous_25)
FN:341,(anonymous_26)
FN:345,(anonymous_27)
FN:348,(anonymous_28)
FN:350,(anonymous_29)
FN:352,(anonymous_30)
FN:357,(anonymous_31)
FN:362,(anonymous_32)
FN:369,(anonymous_33)
FN:371,(anonymous_34)
FN:391,(anonymous_35)
FN:396,(anonymous_36)
FN:402,(anonymous_37)
FN:410,(anonymous_38)
FN:415,(anonymous_39)
FN:422,(anonymous_40)
FN:424,(anonymous_41)
FN:479,(anonymous_42)
FN:482,(anonymous_43)
FN:486,(anonymous_44)
FN:490,(anonymous_45)
FN:491,(anonymous_46)
FN:497,(anonymous_47)
FN:498,(anonymous_48)
FN:503,(anonymous_49)
FN:508,(anonymous_50)
FN:511,(anonymous_51)
FN:516,(anonymous_52)
FN:523,(anonymous_53)
FN:525,(anonymous_54)
FN:535,(anonymous_55)
FN:540,(anonymous_56)
FN:551,(anonymous_57)
FN:554,(anonymous_58)
FN:555,(anonymous_59)
FN:558,(anonymous_60)
FN:559,(anonymous_61)
FN:562,(anonymous_62)
FN:574,(anonymous_63)
FN:603,(anonymous_64)
FN:637,(anonymous_65)
FNF:64
FNH:57
FNDA:7,(anonymous_1)
FNDA:7,(anonymous_2)
FNDA:8,(anonymous_3)
FNDA:9,(anonymous_4)
FNDA:5,(anonymous_5)
FNDA:6,(anonymous_6)
FNDA:3,(anonymous_7)
FNDA:3,(anonymous_8)
FNDA:22,(anonymous_9)
FNDA:0,(anonymous_10)
FNDA:9,(anonymous_11)
FNDA:0,(anonymous_12)
FNDA:10,(anonymous_13)
FNDA:0,(anonymous_14)
FNDA:7,(anonymous_15)
FNDA:15,(anonymous_16)
FNDA:15,(anonymous_17)
FNDA:54,(anonymous_18)
FNDA:20,(anonymous_19)
FNDA:0,(anonymous_20)
FNDA:0,(anonymous_21)
FNDA:2,(anonymous_22)
FNDA:52,(anonymous_23)
FNDA:0,(anonymous_25)
FNDA:9,(anonymous_26)
FNDA:9,(anonymous_27)
FNDA:22,(anonymous_28)
FNDA:88,(anonymous_29)
FNDA:7,(anonymous_30)
FNDA:7,(anonymous_31)
FNDA:2,(anonymous_32)
FNDA:2,(anonymous_33)
FNDA:4,(anonymous_34)
FNDA:8,(anonymous_35)
FNDA:1,(anonymous_36)
FNDA:2,(anonymous_37)
FNDA:8,(anonymous_38)
FNDA:3,(anonymous_39)
FNDA:0,(anonymous_40)
FNDA:4,(anonymous_41)
FNDA:2,(anonymous_42)
FNDA:2,(anonymous_43)
FNDA:2,(anonymous_44)
FNDA:2,(anonymous_45)
FNDA:4,(anonymous_46)
FNDA:2,(anonymous_47)
FNDA:2,(anonymous_48)
FNDA:1,(anonymous_49)
FNDA:5,(anonymous_50)
FNDA:6,(anonymous_51)
FNDA:2,(anonymous_52)
FNDA:2,(anonymous_53)
FNDA:4,(anonymous_54)
FNDA:1,(anonymous_55)
FNDA:2,(anonymous_56)
FNDA:4,(anonymous_57)
FNDA:4,(anonymous_58)
FNDA:4,(anonymous_59)
FNDA:2,(anonymous_60)
FNDA:2,(anonymous_61)
FNDA:2,(anonymous_62)
FNDA:2,(anonymous_63)
FNDA:1,(anonymous_64)
FNDA:1,(anonymous_65)
DA:184,3
DA:185,3
DA:186,3
DA:187,3
DA:188,3
DA:189,3
DA:190,3
DA:206,7
DA:229,7
DA:230,7
DA:231,7
DA:232,7
DA:233,7
DA:234,7
DA:235,7
DA:238,7
DA:240,8
DA:241,3
DA:242,12
DA:243,8
DA:244,9
DA:245,6
DA:246,6
DA:250,8
DA:251,7
DA:252,29
DA:253,7
DA:270,7
DA:276,7
DA:288,0
DA:289,0
DA:290,0
DA:291,0
DA:292,0
DA:298,9
DA:301,0
DA:306,10
DA:309,0
DA:313,7
DA:316,15
DA:319,69
DA:322,20
DA:323,20
DA:326,0
DA:329,56
DA:330,0
DA:333,0
DA:334,0
DA:335,0
DA:339,0
DA:342,9
DA:343,8
DA:345,10
DA:349,22
DA:350,110
DA:355,7
DA:358,7
DA:363,2
DA:367,2
DA:370,2
DA:371,4
DA:372,2
DA:392,8
DA:393,8
DA:397,1
DA:401,1
DA:402,2
DA:403,1
DA:411,8
DA:412,5
DA:416,3
DA:417,2
DA:418,2
DA:422,2
DA:423,2
DA:424,6
DA:425,2
DA:426,1
DA:436,1
DA:445,2
DA:446,2
DA:467,2
DA:468,1
DA:475,2
DA:480,2
DA:481,2
DA:482,3
DA:483,1
DA:485,2
DA:486,3
DA:487,1
DA:491,6
DA:492,2
DA:493,1
DA:494,1
DA:496,2
DA:497,3
DA:498,3
DA:499,1
DA:500,1
DA:504,1
DA:505,1
DA:509,5
DA:510,5
DA:511,11
DA:512,5
DA:513,4
DA:514,4
DA:515,4
DA:516,3
DA:517,2
DA:520,5
DA:524,2
DA:525,2
DA:526,4
DA:528,2
DA:532,2
DA:533,2
DA:536,1
DA:537,1
DA:541,2
DA:551,2
DA:552,4
DA:554,2
DA:555,8
DA:556,4
DA:558,2
DA:559,6
DA:560,2
DA:562,2
DA:563,2
DA:568,2
DA:569,1
DA:571,1
DA:575,2
DA:576,2
DA:577,2
DA:578,2
DA:579,0
DA:580,0
DA:583,2
DA:584,2
DA:585,2
DA:588,2
DA:590,0
DA:592,2
DA:594,0
DA:595,0
DA:597,0
DA:600,2
DA:604,1
DA:605,1
DA:606,1
DA:607,1
DA:608,1
DA:609,1
DA:611,1
DA:612,1
DA:613,1
DA:614,1
DA:615,1
DA:616,1
DA:617,1
DA:618,1
DA:619,1
DA:620,0
DA:622,1
DA:625,0
DA:628,0
DA:629,0
DA:631,1
DA:634,0
DA:638,1
LF:173
LH:149
BRDA:240,0,0,3
BRDA:240,0,1,5
BRDA:243,1,0,2
BRDA:243,1,1,3
BRDA:244,2,0,2
BRDA:244,2,1,4
BRDA:245,3,0,1
BRDA:245,3,1,2
BRDA:246,4,0,3
BRDA:246,4,1,3
BRDA:246,4,2,3
BRDA:246,5,0,2
BRDA:246,5,1,4
BRDA:250,6,0,7
BRDA:250,6,1,1
BRDA:261,7,0,1
BRDA:261,7,1,6
BRDA:271,8,0,1
BRDA:271,8,1,6
BRDA:273,9,0,1
BRDA:273,9,1,6
BRDA:278,10,0,1
BRDA:278,10,1,6
BRDA:316,11,0,8
BRDA:316,11,1,7
BRDA:323,12,0,8
BRDA:323,12,1,19
BRDA:329,13,0,2
BRDA:329,13,1,0
BRDA:334,14,0,0
BRDA:334,14,1,0
BRDA:335,15,0,0
BRDA:335,15,1,0
BRDA:342,16,0,8
BRDA:342,16,1,1
BRDA:370,17,0,2
BRDA:370,17,1,0
BRDA:371,18,0,2
BRDA:371,18,1,0
BRDA:371,19,0,2
BRDA:371,19,1,2
BRDA:392,20,0,8
BRDA:392,20,1,0
BRDA:402,21,0,1
BRDA:402,21,1,0
BRDA:402,22,0,1
BRDA:402,22,1,1
BRDA:411,23,0,5
BRDA:411,23,1,3
BRDA:416,24,0,2
BRDA:416,24,1,1
BRDA:416,25,0,3
BRDA:416,25,1,2
BRDA:422,26,0,2
BRDA:422,26,1,0
BRDA:422,27,0,2
BRDA:422,27,1,2
BRDA:425,28,0,1
BRDA:425,28,1,1
BRDA:428,29,0,0
BRDA:428,29,1,1
BRDA:438,30,0,0
BRDA:438,30,1,1
BRDA:445,31,0,2
BRDA:445,31,1,0
BRDA:445,32,0,2
BRDA:445,32,1,2
BRDA:449,33,0,1
BRDA:449,33,1,1
BRDA:454,34,0,0
BRDA:454,34,1,2
BRDA:467,35,0,1
BRDA:467,35,1,1
BRDA:481,36,0,1
BRDA:481,36,1,1
BRDA:485,37,0,1
BRDA:485,37,1,1
BRDA:492,38,0,1
BRDA:492,38,1,1
BRDA:496,39,0,1
BRDA:496,39,1,1
BRDA:504,40,0,1
BRDA:504,40,1,0
BRDA:510,41,0,5
BRDA:510,41,1,0
BRDA:512,42,0,4
BRDA:512,42,1,1
BRDA:515,43,0,1
BRDA:515,43,1,3
BRDA:517,44,0,1
BRDA:517,44,1,0
BRDA:536,45,0,1
BRDA:536,45,1,0
BRDA:540,46,0,0
BRDA:559,47,0,2
BRDA:559,47,1,0
BRDA:568,48,0,1
BRDA:568,48,1,1
BRDA:578,49,0,0
BRDA:578,49,1,2
BRDA:583,50,0,2
BRDA:583,50,1,0
BRDA:594,51,0,0
BRDA:594,51,1,0
BRDA:594,52,0,0
BRDA:594,52,1,0
BRDA:606,53,0,1
BRDA:606,53,1,0
BRDA:613,54,0,1
BRDA:613,54,1,0
BRDA:619,55,0,0
BRDA:619,55,1,1
BRF:112
BRH:83
end_of_record
TN:
SF:C:\Users\dinhn\Workspace\Arbeit\IG\dis\src\components\templates-manager\data-models\NewDataModelTemplate.vue
FN:14,(anonymous_1)
FN:55,(anonymous_2)
FN:67,(anonymous_3)
FNF:3
FNH:3
FNDA:2,(anonymous_1)
FNDA:2,(anonymous_2)
FNDA:2,(anonymous_3)
DA:9,1
DA:10,1
DA:15,2
DA:56,2
DA:57,2
DA:58,2
DA:59,1
DA:61,1
DA:62,1
DA:64,2
DA:68,2
LF:11
LH:11
BRF:0
BRH:0
end_of_record
TN:
SF:C:\Users\dinhn\Workspace\Arbeit\IG\dis\src\components\templates-manager\data-models\UpdateDataModelTemplate.vue
FN:13,(anonymous_1)
FN:19,(anonymous_2)
FN:42,(anonymous_3)
FNF:3
FNH:3
FNDA:2,(anonymous_1)
FNDA:2,(anonymous_2)
FNDA:2,(anonymous_3)
DA:9,1
DA:14,2
DA:20,2
DA:21,2
DA:22,2
DA:23,1
DA:24,1
DA:25,1
DA:34,1
DA:36,1
DA:37,1
DA:39,2
DA:43,2
LF:13
LH:13
BRDA:32,0,0,1
BRDA:32,0,1,0
BRF:2
BRH:1
end_of_record
TN:
SF:C:\Users\dinhn\Workspace\Arbeit\IG\dis\src\components\templates-manager\forms\FieldTemplate.vue
FN:97,(anonymous_1)
FNF:1
FNH:1
FNDA:14,(anonymous_1)
DA:65,1
DA:66,1
DA:67,1
DA:98,14
LF:4
LH:4
BRF:0
BRH:0
end_of_record
TN:
SF:C:\Users\dinhn\Workspace\Arbeit\IG\dis\src\components\templates-manager\forms\FormTemplate.vue
FN:181,(anonymous_1)
FN:203,(anonymous_2)
FN:217,(anonymous_3)
FN:220,(anonymous_4)
FN:241,(anonymous_5)
FN:243,(anonymous_6)
FN:244,(anonymous_7)
FN:247,(anonymous_8)
FN:254,(anonymous_9)
FN:257,(anonymous_10)
FN:261,(anonymous_11)
FN:262,(anonymous_12)
FN:264,(anonymous_13)
FN:266,(anonymous_14)
FN:271,(anonymous_15)
FN:272,(anonymous_16)
FN:274,(anonymous_17)
FN:276,(anonymous_18)
FN:278,(anonymous_19)
FN:284,(anonymous_20)
FN:287,(anonymous_21)
FN:291,(anonymous_22)
FN:295,(anonymous_23)
FN:299,(anonymous_24)
FN:302,(anonymous_25)
FN:309,(anonymous_26)
FN:317,(anonymous_27)
FN:322,(anonymous_28)
FN:334,(anonymous_29)
FN:340,(anonymous_30)
FN:344,(anonymous_31)
FN:345,(anonymous_32)
FN:361,(anonymous_33)
FN:371,(anonymous_34)
FN:399,(anonymous_35)
FN:426,(anonymous_36)
FNF:36
FNH:26
FNDA:4,(anonymous_1)
FNDA:4,(anonymous_2)
FNDA:1,(anonymous_3)
FNDA:0,(anonymous_4)
FNDA:4,(anonymous_5)
FNDA:16,(anonymous_6)
FNDA:24,(anonymous_7)
FNDA:0,(anonymous_8)
FNDA:8,(anonymous_9)
FNDA:0,(anonymous_10)
FNDA:4,(anonymous_11)
FNDA:16,(anonymous_12)
FNDA:16,(anonymous_13)
FNDA:4,(anonymous_14)
FNDA:4,(anonymous_15)
FNDA:16,(anonymous_16)
FNDA:4,(anonymous_17)
FNDA:16,(anonymous_18)
FNDA:4,(anonymous_19)
FNDA:4,(anonymous_20)
FNDA:0,(anonymous_21)
FNDA:7,(anonymous_22)
FNDA:4,(anonymous_23)
FNDA:1,(anonymous_24)
FNDA:4,(anonymous_25)
FNDA:2,(anonymous_26)
FNDA:4,(anonymous_27)
FNDA:1,(anonymous_28)
FNDA:0,(anonymous_29)
FNDA:4,(anonymous_30)
FNDA:0,(anonymous_31)
FNDA:0,(anonymous_32)
FNDA:0,(anonymous_33)
FNDA:4,(anonymous_34)
FNDA:0,(anonymous_35)
FNDA:0,(anonymous_36)
DA:157,1
DA:158,1
DA:159,1
DA:160,1
DA:161,1
DA:162,1
DA:182,4
DA:204,4
DA:205,4
DA:208,4
DA:209,4
DA:210,4
DA:211,4
DA:212,4
DA:213,4
DA:214,2
DA:215,2
DA:216,2
DA:217,3
DA:218,2
DA:219,0
DA:220,0
DA:222,2
DA:233,4
DA:234,24
DA:235,22
DA:236,22
DA:242,4
DA:243,20
DA:244,28
DA:248,0
DA:255,8
DA:258,0
DA:262,20
DA:263,4
DA:264,20
DA:265,4
DA:266,8
DA:269,0
DA:272,20
DA:273,4
DA:274,8
DA:276,20
DA:277,4
DA:278,8
DA:281,0
DA:285,4
DA:288,0
DA:292,7
DA:296,4
DA:300,1
DA:303,4
DA:304,4
DA:305,4
DA:306,4
DA:307,4
DA:310,2
DA:311,1
DA:312,1
DA:313,1
DA:318,4
DA:319,0
DA:323,1
DA:324,1
DA:331,1
DA:332,1
DA:335,0
DA:336,0
DA:338,0
DA:341,4
DA:342,4
DA:343,4
DA:344,4
DA:345,0
DA:346,0
DA:353,4
DA:354,4
DA:355,4
DA:357,0
DA:360,0
DA:361,0
DA:362,0
DA:363,0
DA:372,4
DA:373,4
DA:374,4
DA:375,3
DA:376,1
DA:379,1
DA:380,1
DA:381,1
DA:382,1
DA:386,2
DA:387,2
DA:389,2
DA:390,1
DA:392,1
DA:395,4
DA:396,4
DA:400,0
DA:401,0
DA:402,0
DA:403,0
DA:404,0
DA:405,0
DA:406,0
DA:407,0
DA:408,0
DA:409,0
DA:410,0
DA:411,0
DA:413,0
DA:415,0
DA:416,0
DA:417,0
DA:418,0
DA:420,0
DA:427,0
LF:118
LH:81
BRDA:210,0,0,0
BRDA:210,0,1,4
BRDA:211,1,0,0
BRDA:211,1,1,4
BRDA:218,2,0,0
BRDA:218,2,1,2
BRDA:234,3,0,22
BRDA:234,3,1,2
BRDA:244,4,0,28
BRDA:244,4,1,0
BRDA:263,5,0,4
BRDA:263,5,1,0
BRDA:263,6,0,4
BRDA:263,6,1,4
BRDA:265,7,0,4
BRDA:265,7,1,0
BRDA:273,8,0,4
BRDA:273,8,1,0
BRDA:277,9,0,4
BRDA:277,9,1,0
BRDA:310,10,0,1
BRDA:310,10,1,1
BRDA:312,11,0,1
BRDA:312,11,1,0
BRDA:323,12,0,1
BRDA:323,12,1,0
BRDA:323,13,0,1
BRDA:323,13,1,1
BRDA:335,14,0,0
BRDA:335,14,1,0
BRDA:335,15,0,0
BRDA:335,15,1,0
BRDA:335,15,2,0
BRDA:335,15,3,0
BRDA:340,16,0,0
BRDA:353,17,0,4
BRDA:353,17,1,0
BRDA:354,18,0,4
BRDA:354,18,1,0
BRDA:362,19,0,0
BRDA:362,19,1,0
BRDA:374,20,0,3
BRDA:374,20,1,1
BRDA:380,21,0,1
BRDA:380,21,1,0
BRDA:389,22,0,1
BRDA:389,22,1,1
BRDA:389,23,0,2
BRDA:389,23,1,1
BRDA:402,24,0,0
BRDA:402,24,1,0
BRDA:410,25,0,0
BRDA:410,25,1,0
BRF:53
BRH:27
end_of_record
TN:
SF:C:\Users\dinhn\Workspace\Arbeit\IG\dis\src\components\templates-manager\forms\InputTemplate.vue
FN:102,(anonymous_1)
FN:123,(anonymous_2)
FN:130,(anonymous_3)
FN:131,(anonymous_4)
FN:133,(anonymous_6)
FN:134,(anonymous_7)
FN:136,(anonymous_8)
FN:138,(anonymous_11)
FN:139,(anonymous_12)
FN:141,(anonymous_13)
FN:144,(anonymous_14)
FN:147,(anonymous_15)
FN:149,(anonymous_16)
FN:152,(anonymous_17)
FN:184,(anonymous_18)
FN:187,(anonymous_19)
FN:192,(anonymous_20)
FN:213,(anonymous_21)
FN:226,(anonymous_22)
FN:231,(anonymous_23)
FN:248,(anonymous_24)
FN:253,(anonymous_25)
FN:258,(anonymous_26)
FNF:23
FNH:0
FNDA:0,(anonymous_1)
FNDA:0,(anonymous_2)
FNDA:0,(anonymous_3)
FNDA:0,(anonymous_4)
FNDA:0,(anonymous_6)
FNDA:0,(anonymous_7)
FNDA:0,(anonymous_8)
FNDA:0,(anonymous_11)
FNDA:0,(anonymous_12)
FNDA:0,(anonymous_13)
FNDA:0,(anonymous_14)
FNDA:0,(anonymous_15)
FNDA:0,(anonymous_16)
FNDA:0,(anonymous_17)
FNDA:0,(anonymous_18)
FNDA:0,(anonymous_19)
FNDA:0,(anonymous_20)
FNDA:0,(anonymous_21)
FNDA:0,(anonymous_22)
FNDA:0,(anonymous_23)
FNDA:0,(anonymous_24)
FNDA:0,(anonymous_25)
FNDA:0,(anonymous_26)
DA:86,1
DA:103,0
DA:124,0
DA:125,0
DA:126,0
DA:127,0
DA:131,0
DA:134,0
DA:135,0
DA:136,0
DA:139,0
DA:142,0
DA:145,0
DA:148,0
DA:149,0
DA:150,0
DA:155,0
DA:157,0
DA:159,0
DA:161,0
DA:163,0
DA:165,0
DA:167,0
DA:169,0
DA:171,0
DA:173,0
DA:175,0
DA:177,0
DA:179,0
DA:181,0
DA:185,0
DA:188,0
DA:193,0
DA:194,0
DA:195,0
DA:197,0
DA:198,0
DA:199,0
DA:200,0
DA:201,0
DA:203,0
DA:205,0
DA:214,0
DA:219,0
DA:220,0
DA:221,0
DA:222,0
DA:224,0
DA:227,0
DA:228,0
DA:232,0
DA:233,0
DA:234,0
DA:235,0
DA:236,0
DA:237,0
DA:238,0
DA:240,0
DA:241,0
DA:249,0
DA:254,0
DA:259,0
DA:260,0
LF:63
LH:1
BRDA:124,0,0,0
BRDA:124,0,1,0
BRDA:126,1,0,0
BRDA:126,1,1,0
BRDA:135,2,0,0
BRDA:135,2,1,0
BRDA:136,3,0,0
BRDA:136,3,1,0
BRDA:156,4,0,0
BRDA:156,4,1,0
BRDA:156,4,2,0
BRDA:156,4,3,0
BRDA:156,4,4,0
BRDA:156,4,5,0
BRDA:156,4,6,0
BRDA:156,4,7,0
BRDA:156,4,8,0
BRDA:156,4,9,0
BRDA:156,4,10,0
BRDA:156,4,11,0
BRDA:156,4,12,0
BRDA:193,5,0,0
BRDA:193,5,1,0
BRDA:197,6,0,0
BRDA:197,6,1,0
BRDA:198,7,0,0
BRDA:198,7,1,0
BRDA:198,8,0,0
BRDA:198,8,1,0
BRDA:203,9,0,0
BRDA:203,9,1,0
BRDA:216,10,0,0
BRDA:216,10,1,0
BRDA:219,11,0,0
BRDA:219,11,1,0
BRDA:227,12,0,0
BRDA:227,12,1,0
BRDA:232,13,0,0
BRDA:232,13,1,0
BRDA:235,14,0,0
BRDA:235,14,1,0
BRDA:235,15,0,0
BRDA:235,15,1,0
BRDA:259,16,0,0
BRDA:259,16,1,0
BRF:45
BRH:0
end_of_record
TN:
SF:C:\Users\dinhn\Workspace\Arbeit\IG\dis\src\components\templates-manager\forms\ModelForms.vue
FN:35,(anonymous_1)
FN:40,(anonymous_2)
FN:52,(anonymous_3)
FN:53,(anonymous_4)
FNF:4
FNH:0
FNDA:0,(anonymous_1)
FNDA:0,(anonymous_2)
FNDA:0,(anonymous_3)
FNDA:0,(anonymous_4)
DA:31,0
DA:36,0
DA:41,0
DA:42,0
DA:43,0
DA:45,0
DA:46,0
DA:48,0
DA:53,0
LF:9
LH:0
BRF:0
BRH:0
end_of_record
TN:
SF:C:\Users\dinhn\Workspace\Arbeit\IG\dis\src\components\templates-manager\forms\NewFormTemplate.vue
FN:14,(anonymous_1)
FN:22,(anonymous_2)
FNF:2
FNH:0
FNDA:0,(anonymous_1)
FNDA:0,(anonymous_2)
DA:9,0
DA:10,0
DA:15,0
DA:23,0
DA:24,0
DA:25,0
DA:26,0
DA:27,0
DA:28,0
DA:29,0
DA:30,0
LF:11
LH:0
BRF:0
BRH:0
end_of_record
TN:
SF:C:\Users\dinhn\Workspace\Arbeit\IG\dis\src\components\templates-manager\forms\UpdateFormTemplate.vue
FN:14,(anonymous_1)
FN:22,(anonymous_2)
FN:27,(anonymous_3)
FN:28,(anonymous_4)
FNF:4
FNH:0
FNDA:0,(anonymous_1)
FNDA:0,(anonymous_2)
FNDA:0,(anonymous_3)
FNDA:0,(anonymous_4)
DA:9,0
DA:10,0
DA:15,0
DA:23,0
DA:24,0
DA:25,0
DA:26,0
DA:27,0
DA:28,0
DA:29,0
DA:30,0
DA:32,0
DA:33,0
DA:34,0
DA:35,0
DA:36,0
DA:38,0
DA:39,0
DA:41,0
LF:19
LH:0
BRF:0
BRH:0
end_of_record
TN:
SF:C:\Users\dinhn\Workspace\Arbeit\IG\dis\src\components\templates-manager\forms\ValidatorsTemplate.vue
FN:51,(anonymous_1)
FN:71,(anonymous_2)
FN:72,(anonymous_3)
FN:74,(anonymous_4)
FN:77,(anonymous_5)
FN:81,(anonymous_6)
FN:87,(anonymous_7)
FN:102,(anonymous_8)
FN:108,(anonymous_9)
FN:109,(anonymous_10)
FN:122,(anonymous_11)
FNF:11
FNH:0
FNDA:0,(anonymous_1)
FNDA:0,(anonymous_2)
FNDA:0,(anonymous_3)
FNDA:0,(anonymous_4)
FNDA:0,(anonymous_5)
FNDA:0,(anonymous_6)
FNDA:0,(anonymous_7)
FNDA:0,(anonymous_8)
FNDA:0,(anonymous_9)
FNDA:0,(anonymous_10)
FNDA:0,(anonymous_11)
DA:52,0
DA:72,0
DA:75,0
DA:78,0
DA:82,0
DA:83,0
DA:88,0
DA:89,0
DA:90,0
DA:91,0
DA:92,0
DA:93,0
DA:96,0
DA:103,0
DA:109,0
DA:110,0
DA:111,0
DA:112,0
DA:114,0
DA:115,0
DA:123,0
DA:124,0
DA:125,0
DA:127,0
DA:128,0
DA:129,0
LF:26
LH:0
BRDA:82,0,0,0
BRDA:82,0,1,0
BRDA:90,1,0,0
BRDA:90,1,1,0
BRDA:111,2,0,0
BRDA:111,2,1,0
BRDA:114,3,0,0
BRDA:114,3,1,0
BRDA:123,4,0,0
BRDA:123,4,1,0
BRDA:123,5,0,0
BRDA:123,5,1,0
BRDA:127,6,0,0
BRDA:127,6,1,0
BRDA:127,7,0,0
BRDA:127,7,1,0
BRF:16
BRH:0
end_of_record
TN:
SF:C:\Users\dinhn\Workspace\Arbeit\IG\dis\src\components\widgets\BaseWidget.vue
FN:119,(anonymous_1)
FN:122,(anonymous_2)
FN:145,(anonymous_3)
FN:159,(anonymous_4)
FN:160,(anonymous_5)
FN:167,(anonymous_6)
FN:174,(anonymous_7)
FN:186,(anonymous_8)
FN:197,(anonymous_9)
FN:208,(anonymous_10)
FN:214,(anonymous_11)
FN:224,(anonymous_12)
FN:228,(anonymous_13)
FNF:13
FNH:0
FNDA:0,(anonymous_1)
FNDA:0,(anonymous_2)
FNDA:0,(anonymous_3)
FNDA:0,(anonymous_4)
FNDA:0,(anonymous_5)
FNDA:0,(anonymous_6)
FNDA:0,(anonymous_7)
FNDA:0,(anonymous_8)
FNDA:0,(anonymous_9)
FNDA:0,(anonymous_10)
FNDA:0,(anonymous_11)
FNDA:0,(anonymous_12)
FNDA:0,(anonymous_13)
DA:99,0
DA:100,0
DA:101,0
DA:119,0
DA:123,0
DA:146,0
DA:147,0
DA:148,0
DA:149,0
DA:150,0
DA:151,0
DA:152,0
DA:153,0
DA:154,0
DA:155,0
DA:156,0
DA:157,0
DA:159,0
DA:160,0
DA:161,0
DA:164,0
DA:168,0
DA:169,0
DA:170,0
DA:175,0
DA:176,0
DA:177,0
DA:178,0
DA:180,0
DA:181,0
DA:183,0
DA:187,0
DA:188,0
DA:189,0
DA:191,0
DA:192,0
DA:194,0
DA:198,0
DA:199,0
DA:200,0
DA:202,0
DA:203,0
DA:205,0
DA:209,0
DA:210,0
DA:211,0
DA:212,0
DA:213,0
DA:214,0
DA:215,0
DA:216,0
DA:218,0
DA:219,0
DA:220,0
DA:222,0
DA:225,0
DA:226,0
DA:229,0
DA:230,0
DA:231,0
DA:233,0
LF:61
LH:0
BRDA:209,0,0,0
BRDA:209,0,1,0
BRDA:210,1,0,0
BRDA:210,1,1,0
BRDA:214,2,0,0
BRDA:214,2,1,0
BRDA:219,3,0,0
BRDA:219,3,1,0
BRDA:220,4,0,0
BRDA:220,4,1,0
BRDA:230,5,0,0
BRDA:230,5,1,0
BRDA:230,6,0,0
BRDA:230,6,1,0
BRF:14
BRH:0
end_of_record
TN:
SF:C:\Users\dinhn\Workspace\Arbeit\IG\dis\src\components\widgets\InstructionsWidget.vue
FNF:0
FNH:0
DA:65,0
LF:1
LH:0
BRF:0
BRH:0
end_of_record
TN:
SF:C:\Users\dinhn\Workspace\Arbeit\IG\dis\src\components\widgets\PostBoxWidget.vue
FN:54,(anonymous_1)
FN:69,(anonymous_2)
FN:73,(anonymous_3)
FN:77,(anonymous_4)
FN:93,(anonymous_5)
FN:107,(anonymous_6)
FNF:6
FNH:0
FNDA:0,(anonymous_1)
FNDA:0,(anonymous_2)
FNDA:0,(anonymous_3)
FNDA:0,(anonymous_4)
FNDA:0,(anonymous_5)
FNDA:0,(anonymous_6)
DA:38,0
DA:39,0
DA:40,0
DA:55,0
DA:70,0
DA:74,0
DA:78,0
DA:79,0
DA:80,0
DA:81,0
DA:82,0
DA:84,0
DA:86,0
DA:88,0
DA:90,0
DA:94,0
DA:95,0
DA:96,0
DA:97,0
DA:98,0
DA:99,0
DA:101,0
DA:102,0
DA:104,0
DA:108,0
DA:109,0
DA:110,0
DA:114,0
DA:115,0
DA:116,0
DA:119,0
DA:120,0
DA:122,0
LF:33
LH:0
BRDA:70,0,0,0
BRDA:70,0,1,0
BRDA:70,0,2,0
BRDA:77,1,0,0
BRDA:81,2,0,0
BRDA:81,2,1,0
BRDA:114,3,0,0
BRDA:114,3,1,0
BRF:8
BRH:0
end_of_record
TN:
SF:C:\Users\dinhn\Workspace\Arbeit\IG\dis\src\components\widgets\ProjectInformationWidget.vue
FN:81,(anonymous_1)
FN:84,(anonymous_2)
FN:99,(anonymous_3)
FN:101,(anonymous_4)
FN:104,(anonymous_5)
FNF:5
FNH:0
FNDA:0,(anonymous_1)
FNDA:0,(anonymous_2)
FNDA:0,(anonymous_3)
FNDA:0,(anonymous_4)
FNDA:0,(anonymous_5)
DA:66,0
DA:82,0
DA:85,0
DA:86,0
DA:87,0
DA:88,0
DA:94,0
DA:96,0
DA:100,0
DA:101,0
DA:102,0
DA:103,0
DA:104,0
DA:105,0
DA:106,0
DA:107,0
DA:108,0
DA:109,0
DA:110,0
DA:111,0
LF:20
LH:0
BRDA:86,0,0,0
BRDA:86,0,1,0
BRDA:87,1,0,0
BRDA:87,1,1,0
BRDA:99,2,0,0
BRF:5
BRH:0
end_of_record
TN:
SF:C:\Users\dinhn\Workspace\Arbeit\IG\dis\src\components\widgets\ScanQrCodeWidget.vue
FN:22,(anonymous_1)
FN:29,(anonymous_2)
FNF:2
FNH:0
FNDA:0,(anonymous_1)
FNDA:0,(anonymous_2)
DA:8,0
DA:23,0
LF:2
LH:0
BRF:0
BRH:0
end_of_record
TN:
SF:C:\Users\dinhn\Workspace\Arbeit\IG\dis\src\components\widgets\SimpleChartWidget.vue
FN:57,(anonymous_1)
FN:66,(anonymous_2)
FN:70,(anonymous_3)
FN:104,(anonymous_4)
FN:107,(anonymous_5)
FN:108,(anonymous_6)
FN:110,(anonymous_7)
FN:127,(anonymous_8)
FN:144,(anonymous_9)
FN:155,(anonymous_10)
FN:156,(anonymous_11)
FN:164,(anonymous_12)
FN:173,(anonymous_13)
FN:178,(anonymous_14)
FNF:14
FNH:0
FNDA:0,(anonymous_1)
FNDA:0,(anonymous_2)
FNDA:0,(anonymous_3)
FNDA:0,(anonymous_4)
FNDA:0,(anonymous_5)
FNDA:0,(anonymous_6)
FNDA:0,(anonymous_7)
FNDA:0,(anonymous_8)
FNDA:0,(anonymous_9)
FNDA:0,(anonymous_10)
FNDA:0,(anonymous_11)
FNDA:0,(anonymous_12)
FNDA:0,(anonymous_13)
FNDA:0,(anonymous_14)
DA:40,0
DA:41,0
DA:42,0
DA:58,0
DA:67,0
DA:71,0
DA:105,0
DA:108,0
DA:111,0
DA:112,0
DA:113,0
DA:115,0
DA:116,0
DA:117,0
DA:118,0
DA:119,0
DA:120,0
DA:123,0
DA:128,0
DA:129,0
DA:130,0
DA:132,0
DA:133,0
DA:135,0
DA:136,0
DA:138,0
DA:139,0
DA:140,0
DA:145,0
DA:146,0
DA:147,0
DA:148,0
DA:150,0
DA:155,0
DA:156,0
DA:159,0
DA:161,0
DA:165,0
DA:166,0
DA:167,0
DA:174,0
DA:175,0
DA:179,0
DA:180,0
LF:44
LH:0
BRDA:67,0,0,0
BRDA:67,0,1,0
BRDA:72,1,0,0
BRDA:72,1,1,0
BRDA:105,2,0,0
BRDA:105,2,1,0
BRDA:112,3,0,0
BRDA:112,3,1,0
BRDA:119,4,0,0
BRDA:119,4,1,0
BRDA:129,5,0,0
BRDA:129,5,1,0
BRDA:132,6,0,0
BRDA:132,6,1,0
BRDA:135,7,0,0
BRDA:135,7,1,0
BRDA:139,8,0,0
BRDA:139,8,1,0
BRDA:147,9,0,0
BRDA:147,9,1,0
BRDA:166,10,0,0
BRDA:166,10,1,0
BRDA:175,11,0,0
BRDA:175,11,1,0
BRDA:179,12,0,0
BRDA:179,12,1,0
BRDA:180,13,0,0
BRDA:180,13,1,0
BRF:28
BRH:0
end_of_record
TN:
SF:C:\Users\dinhn\Workspace\Arbeit\IG\dis\src\components\widgets\SitesAndHolesMapWidget.vue
FN:143,(anonymous_1)
FN:159,(anonymous_2)
FN:160,(anonymous_3)
FN:162,(anonymous_4)
FN:163,(anonymous_5)
FN:165,(anonymous_6)
FN:166,(anonymous_7)
FN:169,(anonymous_8)
FN:170,(anonymous_9)
FN:174,(anonymous_10)
FN:179,(anonymous_11)
FN:196,(anonymous_12)
FN:197,(anonymous_13)
FN:204,(anonymous_14)
FN:220,(anonymous_15)
FNF:15
FNH:0
FNDA:0,(anonymous_1)
FNDA:0,(anonymous_2)
FNDA:0,(anonymous_3)
FNDA:0,(anonymous_4)
FNDA:0,(anonymous_5)
FNDA:0,(anonymous_6)
FNDA:0,(anonymous_7)
FNDA:0,(anonymous_8)
FNDA:0,(anonymous_9)
FNDA:0,(anonymous_10)
FNDA:0,(anonymous_11)
FNDA:0,(anonymous_12)
FNDA:0,(anonymous_13)
FNDA:0,(anonymous_14)
FNDA:0,(anonymous_15)
DA:110,0
DA:111,0
DA:112,0
DA:113,0
DA:114,0
DA:115,0
DA:116,0
DA:117,0
DA:119,0
DA:120,0
DA:121,0
DA:122,0
DA:123,0
DA:124,0
DA:125,0
DA:126,0
DA:127,0
DA:128,0
DA:129,0
DA:144,0
DA:160,0
DA:163,0
DA:166,0
DA:167,0
DA:170,0
DA:171,0
DA:175,0
DA:180,0
DA:181,0
DA:182,0
DA:183,0
DA:184,0
DA:185,0
DA:186,0
DA:187,0
DA:189,0
DA:190,0
DA:192,0
DA:193,0
DA:194,0
DA:196,0
DA:197,0
DA:198,0
DA:205,0
DA:206,0
DA:207,0
DA:209,0
DA:221,0
LF:48
LH:0
BRDA:160,0,0,0
BRDA:160,0,1,0
BRDA:163,1,0,0
BRDA:163,1,1,0
BRDA:167,2,0,0
BRDA:167,2,1,0
BRDA:171,3,0,0
BRDA:171,3,1,0
BRDA:193,4,0,0
BRDA:193,4,1,0
BRDA:205,5,0,0
BRDA:205,5,1,0
BRF:12
BRH:0
end_of_record
TN:
SF:C:\Users\dinhn\Workspace\Arbeit\IG\dis\src\components\widgets\Widget.vue
FN:28,(anonymous_1)
FNF:1
FNH:0
FNDA:0,(anonymous_1)
DA:6,0
DA:7,0
DA:8,0
DA:9,0
DA:10,0
DA:11,0
DA:12,0
DA:13,0
DA:29,0
DA:31,0
DA:33,0
DA:35,0
DA:37,0
DA:39,0
DA:41,0
DA:43,0
DA:45,0
LF:17
LH:0
BRDA:30,0,0,0
BRDA:30,0,1,0
BRDA:30,0,2,0
BRDA:30,0,3,0
BRDA:30,0,4,0
BRDA:30,0,5,0
BRDA:30,0,6,0
BRDA:30,0,7,0
BRF:8
BRH:0
end_of_record
TN:
SF:C:\Users\dinhn\Workspace\Arbeit\IG\dis\src\components\widgets\WidgetColorInput.vue
FN:28,(anonymous_1)
FN:38,(anonymous_2)
FN:41,(anonymous_3)
FN:51,(anonymous_4)
FN:57,(anonymous_5)
FN:62,(anonymous_6)
FNF:6
FNH:0
FNDA:0,(anonymous_1)
FNDA:0,(anonymous_2)
FNDA:0,(anonymous_3)
FNDA:0,(anonymous_4)
FNDA:0,(anonymous_5)
FNDA:0,(anonymous_6)
DA:29,0
DA:39,0
DA:42,0
DA:43,0
DA:44,0
DA:45,0
DA:52,0
DA:53,0
DA:55,0
DA:58,0
DA:63,0
DA:65,0
LF:12
LH:0
BRDA:42,0,0,0
BRDA:42,0,1,0
BRDA:42,1,0,0
BRDA:42,1,1,0
BRDA:44,2,0,0
BRDA:44,2,1,0
BRDA:45,3,0,0
BRDA:45,3,1,0
BRDA:52,4,0,0
BRDA:52,4,1,0
BRDA:63,5,0,0
BRDA:63,5,1,0
BRF:12
BRH:0
end_of_record
TN:
SF:C:\Users\dinhn\Workspace\Arbeit\IG\dis\src\components\widgets\MessageOfTheDayWidget\MessageOfTheDayForm.vue
FN:63,(anonymous_1)
FN:84,(anonymous_2)
FN:87,(anonymous_3)
FN:91,(anonymous_4)
FN:94,(anonymous_5)
FN:98,(anonymous_6)
FN:108,(anonymous_7)
FN:140,(anonymous_8)
FN:146,(anonymous_9)
FN:151,(anonymous_10)
FN:155,(anonymous_11)
FN:166,(anonymous_12)
FN:168,(anonymous_13)
FN:186,(anonymous_14)
FN:189,(anonymous_15)
FN:198,(anonymous_16)
FN:201,(anonymous_17)
FNF:17
FNH:0
FNDA:0,(anonymous_1)
FNDA:0,(anonymous_2)
FNDA:0,(anonymous_3)
FNDA:0,(anonymous_4)
FNDA:0,(anonymous_5)
FNDA:0,(anonymous_6)
FNDA:0,(anonymous_7)
FNDA:0,(anonymous_8)
FNDA:0,(anonymous_9)
FNDA:0,(anonymous_10)
FNDA:0,(anonymous_11)
FNDA:0,(anonymous_12)
FNDA:0,(anonymous_13)
FNDA:0,(anonymous_14)
FNDA:0,(anonymous_15)
FNDA:0,(anonymous_16)
FNDA:0,(anonymous_17)
DA:46,0
DA:47,0
DA:48,0
DA:50,0
DA:64,0
DA:85,0
DA:88,0
DA:92,0
DA:95,0
DA:99,0
DA:100,0
DA:101,0
DA:102,0
DA:104,0
DA:109,0
DA:110,0
DA:111,0
DA:112,0
DA:113,0
DA:118,0
DA:119,0
DA:120,0
DA:121,0
DA:122,0
DA:123,0
DA:125,0
DA:126,0
DA:129,0
DA:130,0
DA:131,0
DA:132,0
DA:134,0
DA:137,0
DA:141,0
DA:143,0
DA:144,0
DA:147,0
DA:148,0
DA:149,0
DA:152,0
DA:153,0
DA:156,0
DA:157,0
DA:159,0
DA:160,0
DA:161,0
DA:162,0
DA:163,0
DA:164,0
DA:165,0
DA:166,0
DA:168,0
DA:170,0
DA:177,0
DA:178,0
DA:181,0
DA:183,0
DA:187,0
DA:188,0
DA:189,0
DA:190,0
DA:199,0
DA:202,0
LF:63
LH:0
BRDA:88,0,0,0
BRDA:88,0,1,0
BRDA:92,1,0,0
BRDA:92,1,1,0
BRDA:92,1,2,0
BRDA:100,2,0,0
BRDA:100,2,1,0
BRDA:112,3,0,0
BRDA:112,3,1,0
BRDA:130,4,0,0
BRDA:130,4,1,0
BRDA:130,5,0,0
BRDA:130,5,1,0
BRDA:141,6,0,0
BRDA:141,6,1,0
BRDA:147,7,0,0
BRDA:147,7,1,0
BRDA:156,8,0,0
BRDA:156,8,1,0
BRDA:162,9,0,0
BRDA:162,9,1,0
BRDA:166,10,0,0
BRDA:166,10,1,0
BRDA:166,11,0,0
BRDA:166,11,1,0
BRDA:177,12,0,0
BRDA:177,12,1,0
BRF:27
BRH:0
end_of_record
TN:
SF:C:\Users\dinhn\Workspace\Arbeit\IG\dis\src\components\widgets\MessageOfTheDayWidget\MessageOfTheDayView.vue
FN:86,(anonymous_1)
FN:93,(anonymous_2)
FNF:2
FNH:0
FNDA:0,(anonymous_1)
FNDA:0,(anonymous_2)
DA:69,0
DA:87,0
DA:94,0
DA:95,0
LF:4
LH:0
BRF:0
BRH:0
end_of_record
TN:
SF:C:\Users\dinhn\Workspace\Arbeit\IG\dis\src\components\widgets\MessageOfTheDayWidget\index.vue
FN:82,(anonymous_1)
FN:104,(anonymous_2)
FN:108,(anonymous_3)
FN:111,(anonymous_4)
FN:114,(anonymous_5)
FN:119,(anonymous_6)
FN:134,(anonymous_7)
FN:152,(anonymous_8)
FN:162,(anonymous_9)
FN:172,(anonymous_10)
FN:175,(anonymous_11)
FN:183,(anonymous_12)
FN:185,(anonymous_13)
FNF:13
FNH:0
FNDA:0,(anonymous_1)
FNDA:0,(anonymous_2)
FNDA:0,(anonymous_3)
FNDA:0,(anonymous_4)
FNDA:0,(anonymous_5)
FNDA:0,(anonymous_6)
FNDA:0,(anonymous_7)
FNDA:0,(anonymous_8)
FNDA:0,(anonymous_9)
FNDA:0,(anonymous_10)
FNDA:0,(anonymous_11)
FNDA:0,(anonymous_12)
FNDA:0,(anonymous_13)
DA:63,0
DA:64,0
DA:65,0
DA:66,0
DA:68,0
DA:83,0
DA:105,0
DA:110,0
DA:111,0
DA:112,0
DA:115,0
DA:120,0
DA:121,0
DA:122,0
DA:126,0
DA:127,0
DA:129,0
DA:131,0
DA:135,0
DA:136,0
DA:137,0
DA:141,0
DA:142,0
DA:144,0
DA:147,0
DA:149,0
DA:153,0
DA:154,0
DA:155,0
DA:159,0
DA:160,0
DA:161,0
DA:162,0
DA:163,0
DA:166,0
DA:167,0
DA:169,0
DA:173,0
DA:176,0
DA:177,0
DA:178,0
DA:180,0
DA:184,0
DA:185,0
DA:186,0
DA:187,0
DA:188,0
DA:189,0
LF:48
LH:0
BRDA:111,0,0,0
BRDA:111,0,1,0
BRDA:115,1,0,0
BRDA:115,1,1,0
BRDA:141,2,0,0
BRDA:141,2,1,0
BRDA:159,3,0,0
BRDA:159,3,1,0
BRDA:177,4,0,0
BRDA:177,4,1,0
BRDA:177,5,0,0
BRDA:177,5,1,0
BRDA:177,5,2,0
BRF:13
BRH:0
end_of_record
TN:
SF:C:\Users\dinhn\Workspace\Arbeit\IG\dis\src\forms\FilesForm.vue
FN:144,(anonymous_1)
FN:150,(anonymous_2)
FN:171,(anonymous_3)
FNF:3
FNH:0
FNDA:0,(anonymous_1)
FNDA:0,(anonymous_2)
FNDA:0,(anonymous_3)
DA:140,0
DA:145,0
DA:151,0
DA:152,0
DA:153,0
DA:154,0
DA:155,0
DA:156,0
DA:157,0
DA:158,0
DA:159,0
DA:160,0
DA:161,0
DA:162,0
DA:163,0
DA:164,0
DA:165,0
DA:166,0
DA:167,0
DA:168,0
DA:172,0
DA:176,0
DA:177,0
DA:178,0
DA:179,0
DA:180,0
DA:181,0
DA:182,0
DA:183,0
DA:184,0
DA:185,0
DA:188,0
DA:189,0
DA:191,0
LF:34
LH:0
BRDA:176,0,0,0
BRDA:176,0,1,0
BRDA:180,1,0,0
BRDA:180,1,1,0
BRF:4
BRH:0
end_of_record
TN:
SF:C:\Users\dinhn\Workspace\Arbeit\IG\dis\src\mixins\authChecker.js
FN:3,(anonymous_0)
FN:6,(anonymous_1)
FN:9,(anonymous_2)
FN:12,(anonymous_3)
FNF:4
FNH:0
FNDA:0,(anonymous_0)
FNDA:0,(anonymous_1)
FNDA:0,(anonymous_2)
FNDA:0,(anonymous_3)
DA:4,0
DA:7,0
DA:10,0
DA:13,0
LF:4
LH:0
BRDA:4,0,0,0
BRDA:4,0,1,0
BRDA:7,1,0,0
BRDA:7,1,1,0
BRDA:7,1,2,0
BRDA:10,2,0,0
BRDA:10,2,1,0
BRDA:10,2,2,0
BRDA:10,2,3,0
BRDA:13,3,0,0
BRDA:13,3,1,0
BRDA:13,3,2,0
BRDA:13,3,3,0
BRDA:13,3,4,0
BRF:14
BRH:0
end_of_record
TN:
SF:C:\Users\dinhn\Workspace\Arbeit\IG\dis\src\mixins\dis-input-mixin.js
FN:14,(anonymous_0)
FN:26,(anonymous_1)
FN:29,(anonymous_2)
FN:31,(anonymous_3)
FN:34,(anonymous_4)
FN:38,(anonymous_5)
FN:42,(anonymous_6)
FN:71,(anonymous_7)
FN:72,(anonymous_8)
FN:74,(anonymous_9)
FN:76,(anonymous_10)
FN:83,(anonymous_11)
FN:89,(anonymous_12)
FN:90,(anonymous_13)
[...]
FNDA:0,(anonymous_3)
FNDA:0,(anonymous_4)
FNDA:0,(anonymous_5)
FNDA:0,(anonymous_6)
FNDA:0,(anonymous_7)
FNDA:0,(anonymous_8)
FNDA:0,(anonymous_9)
FNDA:0,(anonymous_10)
FNDA:0,(anonymous_11)
FNDA:0,(anonymous_12)
FNDA:0,(anonymous_13)
FNDA:0,(anonymous_14)
FNDA:0,(anonymous_15)
FNDA:0,(anonymous_16)
FNDA:0,(anonymous_17)
FNDA:0,(anonymous_18)
FNDA:0,(anonymous_19)
FNDA:0,(anonymous_20)
FNDA:0,(anonymous_21)
FNDA:0,(anonymous_22)
FNDA:0,(anonymous_23)
FNDA:0,(anonymous_24)
FNDA:0,(anonymous_25)
FNDA:0,(anonymous_26)
FNDA:0,(anonymous_27)
FNDA:0,(anonymous_28)
FNDA:0,(anonymous_29)
FNDA:0,(anonymous_30)
FNDA:0,(anonymous_31)
FNDA:0,(anonymous_32)
FNDA:0,(anonymous_33)
FNDA:0,(anonymous_34)
FNDA:0,(anonymous_35)
FNDA:0,(anonymous_36)
FNDA:0,(anonymous_37)
FNDA:0,(anonymous_38)
FNDA:0,(anonymous_39)
FNDA:0,(anonymous_40)
FNDA:0,(anonymous_41)
DA:6,8
DA:7,8
DA:11,0
DA:12,0
DA:16,0
DA:17,0
DA:21,0
DA:22,0
DA:26,0
DA:27,0
DA:31,0
DA:32,0
DA:36,0
DA:38,0
DA:43,0
DA:44,0
DA:48,0
DA:49,0
DA:53,0
DA:54,0
DA:58,0
DA:59,0
DA:63,0
DA:64,0
DA:68,0
DA:69,0
DA:73,0
DA:74,0
DA:78,0
DA:79,0
DA:83,0
DA:84,0
DA:88,0
DA:89,0
DA:93,0
DA:94,0
DA:98,0
DA:99,0
DA:103,0
DA:108,0
DA:112,0
DA:113,0
DA:114,0
DA:118,0
LF:44
LH:2
BRF:0
BRH:0
end_of_record
TN:
SF:C:\Users\dinhn\Workspace\Arbeit\IG\dis\src\services\FileService.js
FN:5,(anonymous_0)
FN:9,(anonymous_1)
FN:11,(anonymous_2)
FN:16,(anonymous_3)
FN:18,(anonymous_4)
FN:21,(anonymous_5)
FN:23,(anonymous_6)
FN:26,(anonymous_7)
FN:28,(anonymous_8)
FN:31,(anonymous_9)
FN:38,(anonymous_10)
FN:44,(anonymous_11)
FN:47,(anonymous_12)
FN:50,(anonymous_13)
FN:53,(anonymous_14)
FN:55,(anonymous_15)
FNF:16
FNH:0
FNDA:0,(anonymous_0)
FNDA:0,(anonymous_1)
FNDA:0,(anonymous_2)
FNDA:0,(anonymous_3)
FNDA:0,(anonymous_4)
FNDA:0,(anonymous_5)
FNDA:0,(anonymous_6)
FNDA:0,(anonymous_7)
FNDA:0,(anonymous_8)
FNDA:0,(anonymous_9)
FNDA:0,(anonymous_10)
FNDA:0,(anonymous_11)
FNDA:0,(anonymous_12)
FNDA:0,(anonymous_13)
FNDA:0,(anonymous_14)
FNDA:0,(anonymous_15)
DA:6,0
DA:7,0
DA:10,0
DA:12,0
DA:17,0
DA:18,0
DA:22,0
DA:23,0
DA:27,0
DA:28,0
DA:32,0
DA:33,0
DA:39,0
DA:40,0
DA:43,0
DA:44,0
DA:48,0
DA:49,0
DA:50,0
DA:54,0
DA:55,0
LF:21
LH:0
BRF:0
BRH:0
end_of_record
TN:
SF:C:\Users\dinhn\Workspace\Arbeit\IG\dis\src\services\FormService.js
FN:6,(anonymous_0)
FN:13,(anonymous_1)
FN:15,(anonymous_2)
FN:22,(anonymous_3)
FN:24,(anonymous_4)
FN:31,(anonymous_5)
FN:33,(anonymous_6)
FN:40,(anonymous_7)
FN:42,(anonymous_8)
FN:49,(anonymous_9)
FN:51,(anonymous_10)
FN:58,(anonymous_11)
FN:64,(anonymous_12)
FN:70,(anonymous_13)
FN:80,(anonymous_14)
FN:95,(anonymous_15)
FN:100,(anonymous_16)
FN:110,(anonymous_17)
FN:124,(anonymous_18)
FN:136,(anonymous_19)
FN:149,(anonymous_20)
FN:160,(anonymous_21)
FNF:22
FNH:0
FNDA:0,(anonymous_0)
FNDA:0,(anonymous_1)
FNDA:0,(anonymous_2)
FNDA:0,(anonymous_3)
FNDA:0,(anonymous_4)
FNDA:0,(anonymous_5)
FNDA:0,(anonymous_6)
FNDA:0,(anonymous_7)
FNDA:0,(anonymous_8)
FNDA:0,(anonymous_9)
FNDA:0,(anonymous_10)
FNDA:0,(anonymous_11)
FNDA:0,(anonymous_12)
FNDA:0,(anonymous_13)
FNDA:0,(anonymous_14)
FNDA:0,(anonymous_15)
FNDA:0,(anonymous_16)
FNDA:0,(anonymous_17)
FNDA:0,(anonymous_18)
FNDA:0,(anonymous_19)
FNDA:0,(anonymous_20)
FNDA:0,(anonymous_21)
DA:7,0
DA:8,0
DA:11,0
DA:14,0
DA:16,0
DA:17,0
DA:18,0
DA:23,0
DA:25,0
DA:26,0
DA:27,0
DA:32,0
DA:34,0
DA:35,0
DA:36,0
DA:41,0
DA:43,0
DA:44,0
DA:45,0
DA:50,0
DA:52,0
DA:53,0
DA:54,0
DA:60,0
DA:61,0
DA:65,0
DA:66,0
DA:67,0
DA:68,0
DA:69,0
DA:70,0
DA:71,0
DA:72,0
DA:77,0
DA:78,0
DA:79,0
DA:80,0
DA:81,0
DA:82,0
DA:90,0
DA:91,0
DA:92,0
DA:96,0
DA:97,0
DA:98,0
DA:99,0
DA:100,0
DA:101,0
DA:102,0
DA:107,0
DA:108,0
DA:109,0
DA:110,0
DA:111,0
DA:112,0
DA:119,0
DA:120,0
DA:121,0
DA:125,0
DA:126,0
DA:127,0
DA:128,0
DA:129,0
DA:130,0
DA:131,0
DA:135,0
DA:136,0
DA:137,0
DA:138,0
DA:139,0
DA:146,0
DA:150,0
DA:151,0
DA:152,0
DA:153,0
DA:154,0
DA:155,0
DA:159,0
DA:160,0
DA:161,0
DA:162,0
DA:163,0
DA:169,0
LF:83
LH:0
BRDA:14,0,0,0
BRDA:14,0,1,0
BRDA:22,1,0,0
BRDA:68,2,0,0
BRDA:68,2,1,0
BRDA:68,3,0,0
BRDA:68,3,1,0
BRDA:69,4,0,0
BRDA:69,4,1,0
BRDA:71,5,0,0
BRDA:71,5,1,0
BRDA:77,6,0,0
BRDA:77,6,1,0
BRDA:79,7,0,0
BRDA:79,7,1,0
BRDA:81,8,0,0
BRDA:81,8,1,0
BRDA:98,9,0,0
BRDA:98,9,1,0
BRDA:98,10,0,0
BRDA:98,10,1,0
BRDA:99,11,0,0
BRDA:99,11,1,0
BRDA:101,12,0,0
BRDA:101,12,1,0
BRDA:107,13,0,0
BRDA:107,13,1,0
BRDA:109,14,0,0
BRDA:109,14,1,0
BRDA:111,15,0,0
BRDA:111,15,1,0
BRDA:128,16,0,0
BRDA:128,16,1,0
BRDA:128,17,0,0
BRDA:128,17,1,0
BRDA:129,18,0,0
BRDA:129,18,1,0
BRDA:129,19,0,0
BRDA:129,19,1,0
BRDA:130,20,0,0
BRDA:130,20,1,0
BRDA:135,21,0,0
BRDA:135,21,1,0
BRDA:137,22,0,0
BRDA:137,22,1,0
BRDA:137,23,0,0
BRDA:137,23,1,0
BRDA:138,24,0,0
BRDA:138,24,1,0
BRDA:152,25,0,0
BRDA:152,25,1,0
BRDA:152,26,0,0
BRDA:152,26,1,0
BRDA:153,27,0,0
BRDA:153,27,1,0
BRDA:153,28,0,0
BRDA:153,28,1,0
BRDA:154,29,0,0
BRDA:154,29,1,0
BRDA:159,30,0,0
BRDA:159,30,1,0
BRDA:161,31,0,0
BRDA:161,31,1,0
BRDA:161,32,0,0
BRDA:161,32,1,0
BRDA:162,33,0,0
BRDA:162,33,1,0
BRF:67
BRH:0
end_of_record
TN:
SF:C:\Users\dinhn\Workspace\Arbeit\IG\dis\src\services\ImporterService.js
FN:5,(anonymous_0)
FN:10,(anonymous_1)
FN:12,(anonymous_2)
FNF:3
FNH:0
FNDA:0,(anonymous_0)
FNDA:0,(anonymous_1)
FNDA:0,(anonymous_2)
DA:6,0
DA:7,0
DA:11,0
DA:13,0
LF:4
LH:0
BRF:0
BRH:0
end_of_record
TN:
SF:C:\Users\dinhn\Workspace\Arbeit\IG\dis\src\services\ListValuesService.js
FN:5,(anonymous_0)
FN:9,(anonymous_1)
FN:11,(anonymous_2)
FN:16,(anonymous_3)
FN:18,(anonymous_4)
FN:23,(anonymous_5)
FN:25,(anonymous_6)
FN:30,(anonymous_7)
FN:32,(anonymous_8)
FN:37,(anonymous_9)
FN:39,(anonymous_10)
FN:44,(anonymous_11)
FN:46,(anonymous_12)
FN:51,(anonymous_13)
FN:53,(anonymous_14)
FN:58,(anonymous_15)
FN:60,(anonymous_16)
FN:65,(anonymous_17)
FNF:18
FNH:0
FNDA:0,(anonymous_0)
FNDA:0,(anonymous_1)
FNDA:0,(anonymous_2)
FNDA:0,(anonymous_3)
FNDA:0,(anonymous_4)
FNDA:0,(anonymous_5)
FNDA:0,(anonymous_6)
FNDA:0,(anonymous_7)
FNDA:0,(anonymous_8)
FNDA:0,(anonymous_9)
FNDA:0,(anonymous_10)
FNDA:0,(anonymous_11)
FNDA:0,(anonymous_12)
FNDA:0,(anonymous_13)
FNDA:0,(anonymous_14)
FNDA:0,(anonymous_15)
FNDA:0,(anonymous_16)
FNDA:0,(anonymous_17)
DA:6,0
DA:7,0
DA:10,0
DA:12,0
DA:17,0
DA:19,0
DA:24,0
DA:26,0
DA:31,0
DA:33,0
DA:38,0
DA:40,0
DA:45,0
DA:47,0
DA:52,0
DA:54,0
DA:59,0
DA:61,0
DA:66,0
DA:67,0
DA:68,0
DA:70,0
LF:22
LH:0
BRDA:9,0,0,0
BRDA:17,1,0,0
BRDA:17,1,1,0
BRF:3
BRH:0
end_of_record
TN:
SF:C:\Users\dinhn\Workspace\Arbeit\IG\dis\src\services\MessageOfTheDayService.js
FN:5,(anonymous_0)
FN:10,(anonymous_1)
FN:12,(anonymous_2)
FN:17,(anonymous_3)
FN:19,(anonymous_4)
FN:30,(anonymous_5)
FN:32,(anonymous_6)
FN:37,(anonymous_7)
FN:39,(anonymous_8)
FNF:9
FNH:0
FNDA:0,(anonymous_0)
FNDA:0,(anonymous_1)
FNDA:0,(anonymous_2)
FNDA:0,(anonymous_3)
FNDA:0,(anonymous_4)
FNDA:0,(anonymous_5)
FNDA:0,(anonymous_6)
FNDA:0,(anonymous_7)
FNDA:0,(anonymous_8)
DA:6,0
DA:7,0
DA:11,0
DA:13,0
DA:18,0
DA:20,0
DA:31,0
DA:33,0
DA:38,0
DA:40,0
LF:10
LH:0
BRDA:30,0,0,0
BRDA:31,1,0,0
BRDA:31,1,1,0
BRF:3
BRH:0
end_of_record
TN:
SF:C:\Users\dinhn\Workspace\Arbeit\IG\dis\src\services\PostBoxService.js
FN:5,(anonymous_0)
FN:10,(anonymous_1)
FN:12,(anonymous_2)
FN:17,(anonymous_3)
FN:19,(anonymous_4)
FN:30,(anonymous_5)
FN:32,(anonymous_6)
FN:37,(anonymous_7)
FN:39,(anonymous_8)
FNF:9
FNH:0
FNDA:0,(anonymous_0)
FNDA:0,(anonymous_1)
FNDA:0,(anonymous_2)
FNDA:0,(anonymous_3)
FNDA:0,(anonymous_4)
FNDA:0,(anonymous_5)
FNDA:0,(anonymous_6)
FNDA:0,(anonymous_7)
FNDA:0,(anonymous_8)
DA:6,0
DA:7,0
DA:11,0
DA:13,0
DA:18,0
DA:20,0
DA:31,0
DA:33,0
DA:38,0
DA:40,0
LF:10
LH:0
BRDA:30,0,0,0
BRDA:31,1,0,0
BRDA:31,1,1,0
BRF:3
BRH:0
end_of_record
TN:
SF:C:\Users\dinhn\Workspace\Arbeit\IG\dis\src\services\WidgetsService.js
FN:5,(anonymous_0)
FN:10,(anonymous_1)
FN:12,(anonymous_2)
FN:17,(anonymous_3)
FN:19,(anonymous_4)
FN:24,(anonymous_5)
FN:26,(anonymous_6)
FN:37,(anonymous_7)
FN:39,(anonymous_8)
FN:44,(anonymous_9)
FN:46,(anonymous_10)
FNF:11
FNH:0
FNDA:0,(anonymous_0)
FNDA:0,(anonymous_1)
FNDA:0,(anonymous_2)
FNDA:0,(anonymous_3)
FNDA:0,(anonymous_4)
FNDA:0,(anonymous_5)
FNDA:0,(anonymous_6)
FNDA:0,(anonymous_7)
FNDA:0,(anonymous_8)
FNDA:0,(anonymous_9)
FNDA:0,(anonymous_10)
DA:6,0
DA:7,0
DA:11,0
DA:13,0
DA:18,0
DA:20,0
DA:25,0
DA:27,0
DA:38,0
DA:40,0
DA:45,0
DA:47,0
LF:12
LH:0
BRDA:10,0,0,0
BRDA:37,1,0,0
BRDA:38,2,0,0
BRDA:38,2,1,0
BRF:4
BRH:0
end_of_record
TN:
SF:C:\Users\dinhn\Workspace\Arbeit\IG\dis\src\store\index.js
FN:46,(anonymous_0)
FN:49,(anonymous_1)
FN:52,(anonymous_2)
FN:57,(anonymous_3)
FN:61,(anonymous_4)
FN:64,(anonymous_5)
FN:67,(anonymous_6)
FN:70,(anonymous_7)
FN:71,(anonymous_8)
FN:72,(anonymous_9)
FN:73,(anonymous_10)
FN:74,(anonymous_11)
FN:75,(anonymous_12)
FN:76,(anonymous_13)
FN:77,(anonymous_14)
FN:78,(anonymous_15)
FN:79,(anonymous_16)
FN:80,(anonymous_17)
FN:82,(anonymous_18)
FN:84,(anonymous_19)
FN:93,(anonymous_20)
FN:96,(anonymous_21)
FN:97,(anonymous_22)
FN:101,(anonymous_23)
FN:112,(anonymous_24)
FN:116,(anonymous_25)
FN:120,(anonymous_26)
FN:121,(anonymous_27)
FN:122,(anonymous_28)
FN:123,(anonymous_29)
FN:130,(anonymous_30)
FN:141,(anonymous_31)
FN:146,(anonymous_32)
FN:151,(anonymous_33)
FN:154,(anonymous_34)
FN:154,(anonymous_35)
FN:155,(anonymous_36)
FN:156,(anonymous_37)
FN:160,(anonymous_38)
FN:165,(anonymous_39)
FN:170,(anonymous_40)
FN:177,(anonymous_41)
FN:180,(anonymous_42)
FN:183,(anonymous_43)
FN:186,(anonymous_44)
FN:189,(anonymous_45)
FN:190,(anonymous_46)
FN:193,(anonymous_47)
FN:197,(anonymous_48)
FN:199,(anonymous_49)
FN:201,(anonymous_50)
FNF:51
FNH:0
FNDA:0,(anonymous_0)
FNDA:0,(anonymous_1)
FNDA:0,(anonymous_2)
FNDA:0,(anonymous_3)
FNDA:0,(anonymous_4)
FNDA:0,(anonymous_5)
FNDA:0,(anonymous_6)
FNDA:0,(anonymous_7)
FNDA:0,(anonymous_8)
FNDA:0,(anonymous_9)
FNDA:0,(anonymous_10)
FNDA:0,(anonymous_11)
FNDA:0,(anonymous_12)
FNDA:0,(anonymous_13)
FNDA:0,(anonymous_14)
FNDA:0,(anonymous_15)
FNDA:0,(anonymous_16)
FNDA:0,(anonymous_17)
FNDA:0,(anonymous_18)
FNDA:0,(anonymous_19)
FNDA:0,(anonymous_20)
FNDA:0,(anonymous_21)
FNDA:0,(anonymous_22)
FNDA:0,(anonymous_23)
FNDA:0,(anonymous_24)
FNDA:0,(anonymous_25)
FNDA:0,(anonymous_26)
FNDA:0,(anonymous_27)
FNDA:0,(anonymous_28)
FNDA:0,(anonymous_29)
FNDA:0,(anonymous_30)
FNDA:0,(anonymous_31)
FNDA:0,(anonymous_32)
FNDA:0,(anonymous_33)
FNDA:0,(anonymous_34)
FNDA:0,(anonymous_35)
FNDA:0,(anonymous_36)
FNDA:0,(anonymous_37)
FNDA:0,(anonymous_38)
FNDA:0,(anonymous_39)
FNDA:0,(anonymous_40)
FNDA:0,(anonymous_41)
FNDA:0,(anonymous_42)
FNDA:0,(anonymous_43)
FNDA:0,(anonymous_44)
FNDA:0,(anonymous_45)
FNDA:0,(anonymous_46)
FNDA:0,(anonymous_47)
FNDA:0,(anonymous_48)
FNDA:0,(anonymous_49)
FNDA:0,(anonymous_50)
DA:12,0
DA:13,0
DA:23,0
DA:47,0
DA:50,0
DA:53,0
DA:54,0
DA:55,0
DA:58,0
DA:59,0
DA:62,0
DA:65,0
DA:68,0
DA:71,0
DA:72,0
DA:73,0
DA:74,0
DA:75,0
DA:76,0
DA:77,0
DA:78,0
DA:79,0
DA:80,0
DA:83,0
DA:84,0
DA:85,0
DA:86,0
DA:87,0
DA:89,0
DA:94,0
DA:97,0
DA:103,0
DA:104,0
DA:105,0
DA:106,0
DA:107,0
DA:108,0
DA:113,0
DA:114,0
DA:115,0
DA:116,0
DA:117,0
DA:120,0
DA:121,0
DA:122,0
DA:123,0
DA:125,0
DA:126,0
DA:128,0
DA:130,0
DA:131,0
DA:132,0
DA:134,0
DA:136,0
DA:138,0
DA:139,0
DA:142,0
DA:143,0
DA:144,0
DA:147,0
DA:148,0
DA:149,0
DA:152,0
DA:153,0
DA:154,0
DA:155,0
DA:156,0
DA:157,0
DA:158,0
DA:161,0
DA:162,0
DA:163,0
DA:166,0
DA:167,0
DA:168,0
DA:171,0
DA:172,0
DA:173,0
DA:178,0
DA:181,0
DA:184,0
DA:187,0
DA:190,0
DA:191,0
DA:193,0
DA:194,0
DA:195,0
DA:196,0
DA:197,0
DA:199,0
DA:202,0
LF:91
LH:0
BRDA:43,0,0,0
BRDA:43,0,1,0
BRDA:53,1,0,0
BRDA:53,1,1,0
BRDA:85,2,0,0
BRDA:85,2,1,0
BRDA:104,3,0,0
BRDA:104,3,1,0
BRDA:125,4,0,0
BRDA:125,4,1,0
BRDA:126,5,0,0
BRDA:126,5,1,0
BRDA:131,6,0,0
BRDA:131,6,1,0
BRDA:187,7,0,0
BRDA:187,7,1,0
BRDA:187,7,2,0
BRF:17
BRH:0
end_of_record
TN:
SF:C:\Users\dinhn\Workspace\Arbeit\IG\dis\src\store\modules\account.js
FN:10,(anonymous_0)
FN:13,(anonymous_1)
FNF:2
FNH:0
FNDA:0,(anonymous_0)
FNDA:0,(anonymous_1)
DA:3,0
DA:11,0
DA:14,0
LF:3
LH:0
BRF:0
BRH:0
end_of_record
TN:
SF:C:\Users\dinhn\Workspace\Arbeit\IG\dis\src\store\modules\config.js
FN:14,(anonymous_0)
FN:17,(anonymous_1)
FN:20,(anonymous_2)
FN:23,(anonymous_3)
FN:26,(anonymous_4)
FN:29,(anonymous_5)
FN:32,(anonymous_6)
FN:35,(anonymous_7)
FN:40,(anonymous_8)
FN:44,(anonymous_9)
FN:48,(anonymous_10)
FN:54,(anonymous_11)
FN:57,(anonymous_12)
FNF:13
FNH:0
FNDA:0,(anonymous_0)
FNDA:0,(anonymous_1)
FNDA:0,(anonymous_2)
FNDA:0,(anonymous_3)
FNDA:0,(anonymous_4)
FNDA:0,(anonymous_5)
FNDA:0,(anonymous_6)
FNDA:0,(anonymous_7)
FNDA:0,(anonymous_8)
FNDA:0,(anonymous_9)
FNDA:0,(anonymous_10)
FNDA:0,(anonymous_11)
FNDA:0,(anonymous_12)
DA:3,0
DA:4,0
DA:5,0
DA:15,0
DA:18,0
DA:21,0
DA:24,0
DA:27,0
DA:30,0
DA:33,0
DA:36,0
DA:41,0
DA:42,0
DA:45,0
DA:46,0
DA:49,0
DA:50,0
DA:55,0
DA:58,0
LF:19
LH:0
BRDA:15,0,0,0
BRDA:15,0,1,0
BRDA:18,1,0,0
BRDA:18,1,1,0
BRDA:21,2,0,0
BRDA:21,2,1,0
BRDA:24,3,0,0
BRDA:24,3,1,0
BRDA:27,4,0,0
BRDA:27,4,1,0
BRDA:30,5,0,0
BRDA:30,5,1,0
BRDA:33,6,0,0
BRDA:33,6,1,0
BRDA:36,7,0,0
BRDA:36,7,1,0
BRF:16
BRH:0
end_of_record
TN:
SF:C:\Users\dinhn\Workspace\Arbeit\IG\dis\src\store\modules\importers.js
FN:12,(anonymous_0)
FN:20,(anonymous_1)
FNF:2
FNH:0
FNDA:0,(anonymous_0)
FNDA:0,(anonymous_1)
DA:3,0
DA:13,0
DA:14,0
DA:15,0
DA:16,0
DA:21,0
LF:6
LH:0
BRF:0
BRH:0
end_of_record
TN:
SF:C:\Users\dinhn\Workspace\Arbeit\IG\dis\src\store\modules\listValues.js
FN:12,(anonymous_0)
FN:20,(anonymous_1)
FNF:2
FNH:0
FNDA:0,(anonymous_0)
FNDA:0,(anonymous_1)
DA:3,0
DA:13,0
DA:14,0
DA:15,0
DA:16,0
DA:21,0
LF:6
LH:0
BRF:0
BRH:0
end_of_record
TN:
SF:C:\Users\dinhn\Workspace\Arbeit\IG\dis\src\store\modules\templates.js
FN:26,(anonymous_0)
FN:32,(anonymous_1)
FN:38,(anonymous_2)
FN:45,(anonymous_3)
FN:51,(anonymous_4)
FN:58,(anonymous_5)
FN:64,(anonymous_6)
FN:70,(anonymous_7)
FN:76,(anonymous_8)
FN:83,(anonymous_9)
FN:88,(anonymous_10)
FN:94,(anonymous_11)
FN:99,(anonymous_12)
FN:104,(anonymous_13)
FN:111,(anonymous_14)
FN:114,(anonymous_15)
FN:117,(anonymous_16)
FN:119,(anonymous_17)
FN:123,(anonymous_18)
FN:125,(anonymous_19)
FN:129,(anonymous_20)
FN:132,(anonymous_21)
FN:135,(anonymous_22)
FN:137,(anonymous_23)
FN:138,(anonymous_24)
FN:139,(anonymous_25)
FN:141,(anonymous_26)
FN:142,(anonymous_27)
FN:143,(anonymous_28)
FN:145,(anonymous_29)
FNF:30
FNH:0
FNDA:0,(anonymous_0)
FNDA:0,(anonymous_1)
FNDA:0,(anonymous_2)
FNDA:0,(anonymous_3)
FNDA:0,(anonymous_4)
FNDA:0,(anonymous_5)
FNDA:0,(anonymous_6)
FNDA:0,(anonymous_7)
FNDA:0,(anonymous_8)
FNDA:0,(anonymous_9)
FNDA:0,(anonymous_10)
FNDA:0,(anonymous_11)
FNDA:0,(anonymous_12)
FNDA:0,(anonymous_13)
FNDA:0,(anonymous_14)
FNDA:0,(anonymous_15)
FNDA:0,(anonymous_16)
FNDA:0,(anonymous_17)
FNDA:0,(anonymous_18)
FNDA:0,(anonymous_19)
FNDA:0,(anonymous_20)
FNDA:0,(anonymous_21)
FNDA:0,(anonymous_22)
FNDA:0,(anonymous_23)
FNDA:0,(anonymous_24)
FNDA:0,(anonymous_25)
FNDA:0,(anonymous_26)
FNDA:0,(anonymous_27)
FNDA:0,(anonymous_28)
FNDA:0,(anonymous_29)
DA:3,0
DA:4,0
DA:5,0
DA:6,0
DA:7,0
DA:8,0
DA:9,0
DA:27,0
DA:28,0
DA:29,0
DA:30,0
DA:33,0
DA:34,0
DA:35,0
DA:36,0
DA:39,0
DA:40,0
DA:41,0
DA:42,0
DA:43,0
DA:46,0
DA:47,0
DA:48,0
DA:49,0
DA:52,0
DA:53,0
DA:54,0
DA:55,0
DA:59,0
DA:60,0
DA:61,0
DA:62,0
DA:65,0
DA:66,0
DA:67,0
DA:68,0
DA:71,0
DA:72,0
DA:73,0
DA:74,0
DA:77,0
DA:78,0
DA:79,0
DA:80,0
DA:84,0
DA:85,0
DA:86,0
DA:89,0
DA:90,0
DA:91,0
DA:92,0
DA:95,0
DA:96,0
DA:97,0
DA:100,0
DA:101,0
DA:102,0
DA:105,0
DA:106,0
DA:107,0
DA:112,0
DA:115,0
DA:118,0
DA:119,0
DA:124,0
DA:125,0
DA:133,0
DA:134,0
DA:135,0
DA:136,0
DA:137,0
DA:138,0
DA:139,0
DA:142,0
DA:143,0
DA:146,0
LF:76
LH:0
BRDA:54,0,0,0
BRDA:54,0,1,0
BRDA:79,1,0,0
BRDA:79,1,1,0
BRF:4
BRH:0
end_of_record
TN:
SF:C:\Users\dinhn\Workspace\Arbeit\IG\dis\src\util\FormLocalStorage.js
FN:16,(anonymous_0)
FN:23,(anonymous_1)
FN:27,(anonymous_2)
FN:31,(anonymous_3)
FN:36,(anonymous_4)
FN:40,(anonymous_5)
FN:44,(anonymous_6)
FN:48,(anonymous_7)
FN:52,(anonymous_8)
FN:56,(anonymous_9)
FN:60,(anonymous_10)
FN:64,(anonymous_11)
FN:68,(anonymous_12)
FN:72,(anonymous_13)
FN:76,(anonymous_14)
FN:80,(anonymous_15)
FN:84,(anonymous_16)
FN:88,(anonymous_17)
FN:93,(anonymous_18)
FN:98,(anonymous_19)
FN:102,(anonymous_20)
FN:107,(anonymous_21)
FN:111,(anonymous_22)
FN:116,(anonymous_23)
FN:120,(anonymous_24)
FNF:25
FNH:17
FNDA:13,(anonymous_0)
FNDA:41,(anonymous_1)
FNDA:16,(anonymous_2)
FNDA:0,(anonymous_3)
FNDA:6,(anonymous_4)
FNDA:3,(anonymous_5)
FNDA:0,(anonymous_6)
FNDA:0,(anonymous_7)
FNDA:1,(anonymous_8)
FNDA:0,(anonymous_9)
FNDA:1,(anonymous_10)
FNDA:1,(anonymous_11)
FNDA:1,(anonymous_12)
FNDA:1,(anonymous_13)
FNDA:3,(anonymous_14)
FNDA:1,(anonymous_15)
FNDA:46,(anonymous_16)
FNDA:0,(anonymous_17)
FNDA:8,(anonymous_18)
FNDA:5,(anonymous_19)
FNDA:8,(anonymous_20)
FNDA:5,(anonymous_21)
FNDA:0,(anonymous_22)
FNDA:0,(anonymous_23)
FNDA:0,(anonymous_24)
DA:4,18
DA:5,18
DA:6,18
DA:7,18
DA:8,18
DA:9,18
DA:10,18
DA:11,18
DA:12,18
DA:13,18
DA:17,13
DA:18,13
DA:19,13
DA:20,13
DA:24,41
DA:28,16
DA:32,0
DA:33,0
DA:37,6
DA:38,6
DA:41,3
DA:45,0
DA:46,0
DA:49,0
DA:53,1
DA:54,1
DA:57,0
DA:61,1
DA:62,1
DA:65,1
DA:69,1
DA:70,1
DA:73,1
DA:77,3
DA:78,3
DA:81,1
DA:85,46
DA:89,0
DA:90,0
DA:94,8
DA:95,8
DA:99,5
DA:103,8
DA:104,8
DA:108,5
DA:112,0
DA:113,0
DA:117,0
DA:121,0
DA:122,0
DA:123,0
DA:124,0
DA:125,0
DA:126,0
DA:127,0
DA:128,0
LF:56
LH:37
BRDA:20,0,0,13
BRDA:20,0,1,13
BRDA:38,1,0,6
BRDA:38,1,1,4
BRDA:46,2,0,0
BRDA:46,2,1,0
BRDA:54,3,0,1
BRDA:54,3,1,1
BRDA:62,4,0,1
BRDA:62,4,1,1
BRDA:70,5,0,1
BRDA:70,5,1,1
BRDA:78,6,0,3
BRDA:78,6,1,3
BRDA:95,7,0,8
BRDA:95,7,1,8
BRDA:104,8,0,8
BRDA:104,8,1,8
BRDA:113,9,0,0
BRDA:113,9,1,0
BRF:20
BRH:16
end_of_record
TN:
SF:C:\Users\dinhn\Workspace\Arbeit\IG\dis\src\util\debounce.js
FN:10,(anonymous_0)
FN:13,debounced
FN:16,(anonymous_2)
FN:30,(anonymous_3)
FNF:4
FNH:3
FNDA:23,(anonymous_0)
FNDA:17,debounced
FNDA:4,(anonymous_2)
FNDA:0,(anonymous_3)
DA:14,17
DA:16,17
DA:17,4
DA:18,4
DA:19,4
DA:23,17
DA:24,17
DA:25,0
DA:27,17
DA:30,23
DA:31,0
DA:34,23
LF:12
LH:10
BRDA:10,0,0,0
BRDA:18,1,0,4
BRDA:18,1,1,0
BRDA:24,2,0,0
BRDA:24,2,1,17
BRDA:24,3,0,17
BRDA:24,3,1,0
BRF:7
BRH:3
end_of_record
TN:
SF:C:\Users\dinhn\Workspace\Arbeit\IG\dis\src\util\deepCompareObjects.js
FN:8,deepCompareObjects
FN:30,(anonymous_1)
FN:31,(anonymous_2)
FNF:3
FNH:0
FNDA:0,deepCompareObjects
FNDA:0,(anonymous_1)
FNDA:0,(anonymous_2)
DA:11,0
DA:13,0
DA:15,0
DA:17,0
DA:18,0
DA:19,0
DA:22,0
DA:25,0
DA:26,0
DA:29,0
DA:30,0
DA:31,0
LF:12
LH:0
BRDA:11,0,0,0
BRDA:11,0,1,0
BRDA:11,1,0,0
BRDA:11,1,1,0
BRDA:11,1,2,0
BRDA:11,1,3,0
BRDA:13,2,0,0
BRDA:13,2,1,0
BRDA:15,3,0,0
BRDA:15,3,1,0
BRDA:17,4,0,0
BRDA:17,4,1,0
BRDA:18,5,0,0
BRDA:18,5,1,0
BRDA:18,6,0,0
BRDA:18,6,1,0
BRDA:19,7,0,0
BRDA:19,7,1,0
BRDA:19,8,0,0
BRDA:19,8,1,0
BRDA:22,9,0,0
BRDA:22,9,1,0
BRDA:25,10,0,0
BRDA:25,10,1,0
BRDA:26,11,0,0
BRDA:26,11,1,0
BRDA:30,12,0,0
BRDA:30,12,1,0
BRF:28
BRH:0
end_of_record
TN:
SF:C:\Users\dinhn\Workspace\Arbeit\IG\dis\src\util\modernizr-build.js
FN:5,(anonymous_0)
FN:5,a
FN:5,s
FN:5,i
FN:5,o
FN:5,(anonymous_5)
FN:5,(anonymous_6)
FN:5,(anonymous_7)
FN:5,(anonymous_8)
FN:5,(anonymous_9)
FN:5,(anonymous_10)
FNF:11
FNH:0
FNDA:0,(anonymous_0)
FNDA:0,a
FNDA:0,s
FNDA:0,i
FNDA:0,o
FNDA:0,(anonymous_5)
FNDA:0,(anonymous_6)
FNDA:0,(anonymous_7)
FNDA:0,(anonymous_8)
FNDA:0,(anonymous_9)
FNDA:0,(anonymous_10)
DA:5,0
LF:1
LH:0
BRDA:5,0,0,0
BRDA:5,0,1,0
BRDA:5,1,0,0
BRDA:5,1,1,0
BRDA:5,2,0,0
BRDA:5,2,1,0
BRDA:5,3,0,0
BRDA:5,3,1,0
BRDA:5,3,2,0
BRDA:5,4,0,0
BRDA:5,4,1,0
BRDA:5,5,0,0
BRDA:5,5,1,0
BRDA:5,6,0,0
BRDA:5,6,1,0
BRDA:5,6,2,0
BRDA:5,7,0,0
BRDA:5,7,1,0
BRDA:5,8,0,0
BRDA:5,8,1,0
BRDA:5,9,0,0
BRDA:5,9,1,0
BRDA:5,10,0,0
BRDA:5,10,1,0
BRDA:5,11,0,0
BRDA:5,11,1,0
BRDA:5,12,0,0
BRDA:5,12,1,0
BRDA:5,13,0,0
BRDA:5,13,1,0
BRDA:5,14,0,0
BRDA:5,14,1,0
BRDA:5,15,0,0
BRDA:5,15,1,0
BRDA:5,16,0,0
BRDA:5,16,1,0
BRDA:5,17,0,0
BRDA:5,17,1,0
BRDA:5,18,0,0
BRDA:5,18,1,0
BRDA:5,19,0,0
BRDA:5,19,1,0
BRDA:5,19,2,0
BRDA:5,20,0,0
BRDA:5,20,1,0
BRDA:5,21,0,0
BRDA:5,21,1,0
BRDA:5,22,0,0
BRDA:5,22,1,0
BRF:49
BRH:0
end_of_record
TN:
SF:C:\Users\dinhn\Workspace\Arbeit\IG\dis\src\util\shotrcuts.js
FNF:0
FNH:0
DA:1,9
LF:1
LH:1
BRF:0
BRH:0
end_of_record
